[ 2025-07-30 00:34:17,043 ] 30 root - INFO - Initiating Data Ingestion
[ 2025-07-30 00:34:19,873 ] 65 root - INFO - Performed train test split on the dataframe
[ 2025-07-30 00:34:19,873 ] 67 root - INFO - Exited split_data_as_train_test method of Data_Ingestion class
[ 2025-07-30 00:34:19,873 ] 75 root - INFO - Exporting train and test file path.
[ 2025-07-30 00:34:19,983 ] 84 root - INFO - Exported train and test file path.
[ 2025-07-30 00:34:19,983 ] 32 root - INFO - Data Ingestion Completed
[ 2025-07-30 00:34:19,993 ] 38 root - INFO - Initiating Data Validation
[ 2025-07-30 00:34:20,217 ] 32 root - INFO - Required number of columns:2
[ 2025-07-30 00:34:20,217 ] 33 root - INFO - Data frame has columns:2
[ 2025-07-30 00:34:20,217 ] 32 root - INFO - Required number of columns:2
[ 2025-07-30 00:34:20,217 ] 33 root - INFO - Data frame has columns:2
[ 2025-07-30 00:34:20,333 ] 40 root - INFO - Data Validation Completed
[ 2025-07-30 00:34:20,333 ] 46 root - INFO - Initiating Data Transformation
[ 2025-07-30 00:34:20,335 ] 56 root - INFO - Starting Data Transformation Process for Topic Modeling
[ 2025-07-30 00:34:27,807 ] 48 root - INFO - Entered the save_object method of MainUtils class
[ 2025-07-30 00:34:27,943 ] 52 root - INFO - Exited the save_object method of MainUtils class
[ 2025-07-30 00:34:27,943 ] 68 root - INFO - Data Transformation Artifact Created: DataTransformationArtifact(transformed_object_file_path='Artifacts\\07_30_2025_00_34_14\\data_transformation\\transformed_object\\preprocessing.pkl', transformed_train_file_path=None, transformed_test_file_path=None)
[ 2025-07-30 00:34:27,953 ] 48 root - INFO - Data Transformation Completed
[ 2025-07-30 00:34:27,955 ] 54 root - INFO - Initiating Model Training
[ 2025-07-30 00:34:28,013 ] 201 gensim.corpora.dictionary - INFO - adding document #0 to Dictionary<0 unique tokens: []>
[ 2025-07-30 00:34:28,403 ] 206 gensim.corpora.dictionary - INFO - built Dictionary<24871 unique tokens: ['abn', 'amro', 'arabia', 'arise', 'asia']...> from 1780 documents (total 383299 corpus positions)
[ 2025-07-30 00:34:28,413 ] 448 gensim.utils - INFO - Dictionary lifecycle event {'msg': "built Dictionary<24871 unique tokens: ['abn', 'amro', 'arabia', 'arise', 'asia']...> from 1780 documents (total 383299 corpus positions)", 'datetime': '2025-07-30T00:34:28.403444', 'gensim': '4.3.2', 'python': '3.10.0 | packaged by conda-forge | (default, Nov 10 2021, 13:20:59) [MSC v.1916 64 bit (AMD64)]', 'platform': 'Windows-10-10.0.26100-SP0', 'event': 'created'}
[ 2025-07-30 00:34:28,637 ] 577 gensim.models.ldamodel - INFO - using symmetric alpha at 0.2
[ 2025-07-30 00:34:28,637 ] 577 gensim.models.ldamodel - INFO - using symmetric eta at 0.2
[ 2025-07-30 00:34:28,646 ] 482 gensim.models.ldamodel - INFO - using serial LDA version on this node
[ 2025-07-30 00:34:28,658 ] 948 gensim.models.ldamodel - INFO - running online (multi-pass) LDA training, 5 topics, 10 passes over the supplied corpus of 1780 documents, updating model once every 1780 documents, evaluating perplexity every 0 documents, iterating 50x with a convergence threshold of 0.001000
[ 2025-07-30 00:34:28,658 ] 1002 gensim.models.ldamodel - INFO - PROGRESS: pass 0, at document #1780/1780
[ 2025-07-30 00:34:29,778 ] 1197 gensim.models.ldamodel - INFO - topic #0 (0.200): 0.009*"said" + 0.009*"mr" + 0.007*"year" + 0.005*"would" + 0.005*"also" + 0.005*"game" + 0.005*"could" + 0.004*"one" + 0.004*"new" + 0.004*"u"
[ 2025-07-30 00:34:29,778 ] 1197 gensim.models.ldamodel - INFO - topic #1 (0.200): 0.013*"said" + 0.005*"would" + 0.005*"new" + 0.005*"year" + 0.005*"mr" + 0.005*"one" + 0.004*"people" + 0.004*"u" + 0.004*"time" + 0.003*"also"
[ 2025-07-30 00:34:29,778 ] 1197 gensim.models.ldamodel - INFO - topic #2 (0.200): 0.017*"said" + 0.006*"would" + 0.005*"year" + 0.005*"people" + 0.005*"also" + 0.004*"u" + 0.004*"mr" + 0.004*"last" + 0.004*"government" + 0.004*"one"
[ 2025-07-30 00:34:29,778 ] 1197 gensim.models.ldamodel - INFO - topic #3 (0.200): 0.017*"said" + 0.007*"mr" + 0.005*"people" + 0.005*"would" + 0.005*"year" + 0.005*"u" + 0.004*"also" + 0.004*"new" + 0.003*"one" + 0.003*"say"
[ 2025-07-30 00:34:29,778 ] 1197 gensim.models.ldamodel - INFO - topic #4 (0.200): 0.013*"said" + 0.006*"year" + 0.006*"mr" + 0.004*"would" + 0.004*"first" + 0.004*"new" + 0.004*"film" + 0.003*"time" + 0.003*"world" + 0.003*"also"
[ 2025-07-30 00:34:29,778 ] 1075 gensim.models.ldamodel - INFO - topic diff=2.335849, rho=1.000000
[ 2025-07-30 00:34:29,783 ] 1002 gensim.models.ldamodel - INFO - PROGRESS: pass 1, at document #1780/1780
[ 2025-07-30 00:34:30,813 ] 1197 gensim.models.ldamodel - INFO - topic #0 (0.200): 0.010*"mr" + 0.009*"said" + 0.007*"game" + 0.007*"year" + 0.005*"also" + 0.005*"would" + 0.005*"could" + 0.004*"one" + 0.004*"new" + 0.003*"u"
[ 2025-07-30 00:34:30,813 ] 1197 gensim.models.ldamodel - INFO - topic #1 (0.200): 0.013*"said" + 0.005*"year" + 0.005*"would" + 0.005*"new" + 0.005*"one" + 0.004*"time" + 0.004*"u" + 0.003*"mr" + 0.003*"first" + 0.003*"also"
[ 2025-07-30 00:34:30,813 ] 1197 gensim.models.ldamodel - INFO - topic #2 (0.200): 0.018*"said" + 0.007*"would" + 0.005*"people" + 0.005*"year" + 0.005*"mr" + 0.005*"government" + 0.005*"also" + 0.004*"u" + 0.003*"last" + 0.003*"one"
[ 2025-07-30 00:34:30,813 ] 1197 gensim.models.ldamodel - INFO - topic #3 (0.200): 0.017*"said" + 0.008*"mr" + 0.005*"people" + 0.005*"u" + 0.005*"year" + 0.005*"would" + 0.004*"also" + 0.004*"new" + 0.003*"company" + 0.003*"one"
[ 2025-07-30 00:34:30,813 ] 1197 gensim.models.ldamodel - INFO - topic #4 (0.200): 0.012*"said" + 0.006*"year" + 0.006*"film" + 0.004*"best" + 0.004*"mr" + 0.004*"first" + 0.004*"new" + 0.004*"time" + 0.003*"world" + 0.003*"also"
[ 2025-07-30 00:34:30,813 ] 1075 gensim.models.ldamodel - INFO - topic diff=0.637309, rho=0.577350
[ 2025-07-30 00:34:30,813 ] 1002 gensim.models.ldamodel - INFO - PROGRESS: pass 2, at document #1780/1780
[ 2025-07-30 00:34:31,723 ] 1197 gensim.models.ldamodel - INFO - topic #0 (0.200): 0.011*"mr" + 0.010*"said" + 0.008*"game" + 0.006*"year" + 0.005*"also" + 0.005*"would" + 0.004*"could" + 0.004*"one" + 0.004*"new" + 0.003*"u"
[ 2025-07-30 00:34:31,723 ] 1197 gensim.models.ldamodel - INFO - topic #1 (0.200): 0.012*"said" + 0.005*"year" + 0.005*"one" + 0.005*"new" + 0.005*"would" + 0.004*"time" + 0.004*"first" + 0.003*"u" + 0.003*"game" + 0.003*"also"
[ 2025-07-30 00:34:31,723 ] 1197 gensim.models.ldamodel - INFO - topic #2 (0.200): 0.018*"said" + 0.007*"would" + 0.006*"mr" + 0.006*"people" + 0.005*"government" + 0.005*"year" + 0.004*"also" + 0.004*"u" + 0.004*"new" + 0.003*"could"
[ 2025-07-30 00:34:31,723 ] 1197 gensim.models.ldamodel - INFO - topic #3 (0.200): 0.017*"said" + 0.008*"mr" + 0.005*"u" + 0.005*"year" + 0.005*"people" + 0.005*"would" + 0.004*"also" + 0.004*"new" + 0.004*"company" + 0.003*"firm"
[ 2025-07-30 00:34:31,723 ] 1197 gensim.models.ldamodel - INFO - topic #4 (0.200): 0.011*"said" + 0.008*"film" + 0.007*"year" + 0.005*"best" + 0.004*"first" + 0.004*"also" + 0.004*"time" + 0.004*"award" + 0.004*"new" + 0.003*"world"
[ 2025-07-30 00:34:31,723 ] 1075 gensim.models.ldamodel - INFO - topic diff=0.450219, rho=0.500000
[ 2025-07-30 00:34:31,723 ] 1002 gensim.models.ldamodel - INFO - PROGRESS: pass 3, at document #1780/1780
[ 2025-07-30 00:34:32,603 ] 1197 gensim.models.ldamodel - INFO - topic #0 (0.200): 0.012*"mr" + 0.010*"said" + 0.008*"game" + 0.006*"year" + 0.005*"also" + 0.005*"would" + 0.004*"one" + 0.004*"could" + 0.004*"new" + 0.004*"blair"
[ 2025-07-30 00:34:32,603 ] 1197 gensim.models.ldamodel - INFO - topic #1 (0.200): 0.011*"said" + 0.005*"year" + 0.005*"one" + 0.005*"new" + 0.004*"would" + 0.004*"game" + 0.004*"england" + 0.004*"time" + 0.004*"first" + 0.003*"also"
[ 2025-07-30 00:34:32,603 ] 1197 gensim.models.ldamodel - INFO - topic #2 (0.200): 0.018*"said" + 0.008*"would" + 0.006*"mr" + 0.006*"people" + 0.006*"government" + 0.005*"year" + 0.004*"also" + 0.004*"could" + 0.004*"u" + 0.004*"new"
[ 2025-07-30 00:34:32,603 ] 1197 gensim.models.ldamodel - INFO - topic #3 (0.200): 0.017*"said" + 0.008*"mr" + 0.006*"u" + 0.006*"year" + 0.005*"people" + 0.004*"would" + 0.004*"also" + 0.004*"new" + 0.004*"company" + 0.004*"firm"
[ 2025-07-30 00:34:32,603 ] 1197 gensim.models.ldamodel - INFO - topic #4 (0.200): 0.010*"said" + 0.009*"film" + 0.007*"year" + 0.006*"best" + 0.004*"award" + 0.004*"first" + 0.004*"also" + 0.004*"time" + 0.004*"tv" + 0.003*"world"
[ 2025-07-30 00:34:32,603 ] 1075 gensim.models.ldamodel - INFO - topic diff=0.314604, rho=0.447214
[ 2025-07-30 00:34:32,603 ] 1002 gensim.models.ldamodel - INFO - PROGRESS: pass 4, at document #1780/1780
[ 2025-07-30 00:34:33,535 ] 1197 gensim.models.ldamodel - INFO - topic #0 (0.200): 0.012*"mr" + 0.011*"said" + 0.008*"game" + 0.006*"year" + 0.005*"also" + 0.005*"would" + 0.004*"one" + 0.004*"new" + 0.004*"blair" + 0.004*"could"
[ 2025-07-30 00:34:33,535 ] 1197 gensim.models.ldamodel - INFO - topic #1 (0.200): 0.011*"said" + 0.005*"year" + 0.005*"one" + 0.005*"game" + 0.005*"new" + 0.004*"england" + 0.004*"would" + 0.004*"time" + 0.004*"first" + 0.004*"win"
[ 2025-07-30 00:34:33,538 ] 1197 gensim.models.ldamodel - INFO - topic #2 (0.200): 0.019*"said" + 0.008*"would" + 0.007*"mr" + 0.006*"people" + 0.006*"government" + 0.005*"year" + 0.004*"also" + 0.004*"could" + 0.004*"new" + 0.004*"say"
[ 2025-07-30 00:34:33,538 ] 1197 gensim.models.ldamodel - INFO - topic #3 (0.200): 0.017*"said" + 0.007*"mr" + 0.006*"u" + 0.006*"year" + 0.004*"people" + 0.004*"also" + 0.004*"would" + 0.004*"company" + 0.004*"new" + 0.004*"firm"
[ 2025-07-30 00:34:33,538 ] 1197 gensim.models.ldamodel - INFO - topic #4 (0.200): 0.010*"film" + 0.010*"said" + 0.007*"year" + 0.006*"best" + 0.005*"award" + 0.004*"also" + 0.004*"first" + 0.004*"tv" + 0.004*"time" + 0.003*"world"
[ 2025-07-30 00:34:33,538 ] 1075 gensim.models.ldamodel - INFO - topic diff=0.226187, rho=0.408248
[ 2025-07-30 00:34:33,538 ] 1002 gensim.models.ldamodel - INFO - PROGRESS: pass 5, at document #1780/1780
[ 2025-07-30 00:34:34,993 ] 1197 gensim.models.ldamodel - INFO - topic #0 (0.200): 0.012*"mr" + 0.011*"said" + 0.009*"game" + 0.006*"year" + 0.005*"also" + 0.005*"would" + 0.004*"blair" + 0.004*"one" + 0.004*"new" + 0.004*"labour"
[ 2025-07-30 00:34:34,993 ] 1197 gensim.models.ldamodel - INFO - topic #1 (0.200): 0.010*"said" + 0.005*"year" + 0.005*"game" + 0.005*"one" + 0.005*"england" + 0.004*"new" + 0.004*"would" + 0.004*"time" + 0.004*"first" + 0.004*"win"
[ 2025-07-30 00:34:34,993 ] 1197 gensim.models.ldamodel - INFO - topic #2 (0.200): 0.019*"said" + 0.008*"would" + 0.007*"mr" + 0.006*"people" + 0.006*"government" + 0.004*"year" + 0.004*"also" + 0.004*"could" + 0.004*"say" + 0.004*"new"
[ 2025-07-30 00:34:34,993 ] 1197 gensim.models.ldamodel - INFO - topic #3 (0.200): 0.017*"said" + 0.007*"mr" + 0.006*"year" + 0.006*"u" + 0.005*"company" + 0.004*"also" + 0.004*"market" + 0.004*"firm" + 0.004*"would" + 0.004*"people"
[ 2025-07-30 00:34:34,993 ] 1197 gensim.models.ldamodel - INFO - topic #4 (0.200): 0.011*"film" + 0.009*"said" + 0.007*"year" + 0.006*"best" + 0.005*"award" + 0.004*"also" + 0.004*"tv" + 0.004*"first" + 0.004*"time" + 0.004*"show"
[ 2025-07-30 00:34:34,993 ] 1075 gensim.models.ldamodel - INFO - topic diff=0.168429, rho=0.377964
[ 2025-07-30 00:34:34,993 ] 1002 gensim.models.ldamodel - INFO - PROGRESS: pass 6, at document #1780/1780
[ 2025-07-30 00:34:35,992 ] 1197 gensim.models.ldamodel - INFO - topic #0 (0.200): 0.013*"mr" + 0.011*"said" + 0.009*"game" + 0.005*"year" + 0.005*"would" + 0.005*"also" + 0.004*"blair" + 0.004*"one" + 0.004*"new" + 0.004*"labour"
[ 2025-07-30 00:34:35,993 ] 1197 gensim.models.ldamodel - INFO - topic #1 (0.200): 0.010*"said" + 0.005*"game" + 0.005*"year" + 0.005*"one" + 0.005*"england" + 0.004*"new" + 0.004*"first" + 0.004*"time" + 0.004*"would" + 0.004*"win"
[ 2025-07-30 00:34:35,993 ] 1197 gensim.models.ldamodel - INFO - topic #2 (0.200): 0.019*"said" + 0.008*"would" + 0.008*"mr" + 0.006*"people" + 0.006*"government" + 0.004*"year" + 0.004*"also" + 0.004*"could" + 0.004*"say" + 0.004*"new"
[ 2025-07-30 00:34:35,993 ] 1197 gensim.models.ldamodel - INFO - topic #3 (0.200): 0.017*"said" + 0.007*"mr" + 0.007*"year" + 0.007*"u" + 0.005*"company" + 0.005*"market" + 0.004*"firm" + 0.004*"bn" + 0.004*"also" + 0.004*"would"
[ 2025-07-30 00:34:35,993 ] 1197 gensim.models.ldamodel - INFO - topic #4 (0.200): 0.011*"film" + 0.009*"said" + 0.007*"year" + 0.007*"best" + 0.006*"award" + 0.004*"also" + 0.004*"tv" + 0.004*"first" + 0.004*"show" + 0.004*"time"
[ 2025-07-30 00:34:35,993 ] 1075 gensim.models.ldamodel - INFO - topic diff=0.129490, rho=0.353553
[ 2025-07-30 00:34:35,993 ] 1002 gensim.models.ldamodel - INFO - PROGRESS: pass 7, at document #1780/1780
[ 2025-07-30 00:34:37,503 ] 1197 gensim.models.ldamodel - INFO - topic #0 (0.200): 0.013*"mr" + 0.011*"said" + 0.009*"game" + 0.005*"year" + 0.005*"would" + 0.005*"also" + 0.004*"blair" + 0.004*"labour" + 0.004*"new" + 0.004*"one"
[ 2025-07-30 00:34:37,503 ] 1197 gensim.models.ldamodel - INFO - topic #1 (0.200): 0.010*"said" + 0.005*"game" + 0.005*"year" + 0.005*"england" + 0.005*"one" + 0.004*"new" + 0.004*"win" + 0.004*"first" + 0.004*"time" + 0.004*"player"
[ 2025-07-30 00:34:37,503 ] 1197 gensim.models.ldamodel - INFO - topic #2 (0.200): 0.019*"said" + 0.008*"would" + 0.008*"mr" + 0.007*"people" + 0.006*"government" + 0.004*"year" + 0.004*"could" + 0.004*"also" + 0.004*"say" + 0.004*"new"
[ 2025-07-30 00:34:37,503 ] 1197 gensim.models.ldamodel - INFO - topic #3 (0.200): 0.017*"said" + 0.007*"year" + 0.007*"u" + 0.007*"mr" + 0.005*"company" + 0.005*"market" + 0.005*"firm" + 0.005*"bn" + 0.004*"also" + 0.004*"new"
[ 2025-07-30 00:34:37,503 ] 1197 gensim.models.ldamodel - INFO - topic #4 (0.200): 0.012*"film" + 0.009*"said" + 0.007*"year" + 0.007*"best" + 0.006*"award" + 0.004*"also" + 0.004*"tv" + 0.004*"show" + 0.004*"first" + 0.004*"one"
[ 2025-07-30 00:34:37,506 ] 1075 gensim.models.ldamodel - INFO - topic diff=0.102148, rho=0.333333
[ 2025-07-30 00:34:37,507 ] 1002 gensim.models.ldamodel - INFO - PROGRESS: pass 8, at document #1780/1780
[ 2025-07-30 00:34:38,528 ] 1197 gensim.models.ldamodel - INFO - topic #0 (0.200): 0.013*"mr" + 0.011*"said" + 0.009*"game" + 0.005*"year" + 0.005*"would" + 0.005*"also" + 0.004*"blair" + 0.004*"labour" + 0.004*"new" + 0.004*"one"
[ 2025-07-30 00:34:38,528 ] 1197 gensim.models.ldamodel - INFO - topic #1 (0.200): 0.010*"said" + 0.005*"game" + 0.005*"year" + 0.005*"england" + 0.005*"one" + 0.004*"win" + 0.004*"first" + 0.004*"player" + 0.004*"time" + 0.004*"new"
[ 2025-07-30 00:34:38,528 ] 1197 gensim.models.ldamodel - INFO - topic #2 (0.200): 0.019*"said" + 0.008*"would" + 0.008*"mr" + 0.007*"people" + 0.006*"government" + 0.004*"could" + 0.004*"also" + 0.004*"year" + 0.004*"say" + 0.004*"new"
[ 2025-07-30 00:34:38,528 ] 1197 gensim.models.ldamodel - INFO - topic #3 (0.200): 0.017*"said" + 0.007*"year" + 0.007*"u" + 0.007*"mr" + 0.005*"market" + 0.005*"company" + 0.005*"bn" + 0.005*"firm" + 0.004*"also" + 0.004*"new"
[ 2025-07-30 00:34:38,533 ] 1197 gensim.models.ldamodel - INFO - topic #4 (0.200): 0.012*"film" + 0.008*"said" + 0.007*"year" + 0.007*"best" + 0.006*"award" + 0.004*"also" + 0.004*"tv" + 0.004*"show" + 0.004*"first" + 0.004*"one"
[ 2025-07-30 00:34:38,533 ] 1075 gensim.models.ldamodel - INFO - topic diff=0.082859, rho=0.316228
[ 2025-07-30 00:34:38,533 ] 1002 gensim.models.ldamodel - INFO - PROGRESS: pass 9, at document #1780/1780
[ 2025-07-30 00:34:39,465 ] 1197 gensim.models.ldamodel - INFO - topic #0 (0.200): 0.013*"mr" + 0.011*"said" + 0.010*"game" + 0.005*"year" + 0.005*"also" + 0.005*"would" + 0.004*"blair" + 0.004*"labour" + 0.004*"new" + 0.004*"one"
[ 2025-07-30 00:34:39,465 ] 1197 gensim.models.ldamodel - INFO - topic #1 (0.200): 0.010*"said" + 0.006*"game" + 0.005*"england" + 0.005*"year" + 0.005*"one" + 0.004*"win" + 0.004*"player" + 0.004*"first" + 0.004*"time" + 0.004*"new"
[ 2025-07-30 00:34:39,465 ] 1197 gensim.models.ldamodel - INFO - topic #2 (0.200): 0.019*"said" + 0.008*"would" + 0.008*"mr" + 0.007*"people" + 0.006*"government" + 0.004*"could" + 0.004*"also" + 0.004*"say" + 0.004*"year" + 0.004*"new"
[ 2025-07-30 00:34:39,465 ] 1197 gensim.models.ldamodel - INFO - topic #3 (0.200): 0.017*"said" + 0.007*"year" + 0.007*"u" + 0.006*"mr" + 0.005*"market" + 0.005*"company" + 0.005*"bn" + 0.005*"firm" + 0.004*"also" + 0.004*"new"
[ 2025-07-30 00:34:39,465 ] 1197 gensim.models.ldamodel - INFO - topic #4 (0.200): 0.012*"film" + 0.008*"said" + 0.007*"year" + 0.007*"best" + 0.006*"award" + 0.004*"tv" + 0.004*"also" + 0.004*"show" + 0.004*"first" + 0.004*"star"
[ 2025-07-30 00:34:39,473 ] 1075 gensim.models.ldamodel - INFO - topic diff=0.068734, rho=0.301511
[ 2025-07-30 00:34:39,473 ] 448 gensim.utils - INFO - LdaModel lifecycle event {'msg': 'trained LdaModel<num_terms=24871, num_topics=5, decay=0.5, chunksize=2000> in 10.81s', 'datetime': '2025-07-30T00:34:39.473301', 'gensim': '4.3.2', 'python': '3.10.0 | packaged by conda-forge | (default, Nov 10 2021, 13:20:59) [MSC v.1916 64 bit (AMD64)]', 'platform': 'Windows-10-10.0.26100-SP0', 'event': 'created'}
[ 2025-07-30 00:34:39,473 ] 155 gensim.topic_coherence.probability_estimation - INFO - using ParallelWordOccurrenceAccumulator<processes=7, batch_size=64> to estimate probabilities from sliding windows
[ 2025-07-30 00:34:50,346 ] 497 gensim.topic_coherence.text_analysis - INFO - 1 batches submitted to accumulate stats from 64 documents (8031 virtual)
[ 2025-07-30 00:34:50,358 ] 497 gensim.topic_coherence.text_analysis - INFO - 2 batches submitted to accumulate stats from 128 documents (15601 virtual)
[ 2025-07-30 00:34:50,373 ] 497 gensim.topic_coherence.text_analysis - INFO - 3 batches submitted to accumulate stats from 192 documents (22476 virtual)
[ 2025-07-30 00:34:50,380 ] 497 gensim.topic_coherence.text_analysis - INFO - 4 batches submitted to accumulate stats from 256 documents (29853 virtual)
[ 2025-07-30 00:34:50,387 ] 497 gensim.topic_coherence.text_analysis - INFO - 5 batches submitted to accumulate stats from 320 documents (36916 virtual)
[ 2025-07-30 00:34:50,395 ] 497 gensim.topic_coherence.text_analysis - INFO - 6 batches submitted to accumulate stats from 384 documents (44157 virtual)
[ 2025-07-30 00:34:50,475 ] 497 gensim.topic_coherence.text_analysis - INFO - 7 batches submitted to accumulate stats from 448 documents (50788 virtual)
[ 2025-07-30 00:34:50,483 ] 497 gensim.topic_coherence.text_analysis - INFO - 8 batches submitted to accumulate stats from 512 documents (56863 virtual)
[ 2025-07-30 00:34:50,490 ] 497 gensim.topic_coherence.text_analysis - INFO - 9 batches submitted to accumulate stats from 576 documents (63870 virtual)
[ 2025-07-30 00:34:50,500 ] 497 gensim.topic_coherence.text_analysis - INFO - 10 batches submitted to accumulate stats from 640 documents (71861 virtual)
[ 2025-07-30 00:34:50,513 ] 497 gensim.topic_coherence.text_analysis - INFO - 11 batches submitted to accumulate stats from 704 documents (79951 virtual)
[ 2025-07-30 00:34:50,569 ] 497 gensim.topic_coherence.text_analysis - INFO - 12 batches submitted to accumulate stats from 768 documents (85747 virtual)
[ 2025-07-30 00:34:50,575 ] 497 gensim.topic_coherence.text_analysis - INFO - 13 batches submitted to accumulate stats from 832 documents (91689 virtual)
[ 2025-07-30 00:34:50,583 ] 497 gensim.topic_coherence.text_analysis - INFO - 14 batches submitted to accumulate stats from 896 documents (98038 virtual)
[ 2025-07-30 00:34:50,741 ] 497 gensim.topic_coherence.text_analysis - INFO - 15 batches submitted to accumulate stats from 960 documents (104137 virtual)
[ 2025-07-30 00:34:50,754 ] 497 gensim.topic_coherence.text_analysis - INFO - 16 batches submitted to accumulate stats from 1024 documents (111547 virtual)
[ 2025-07-30 00:34:50,765 ] 497 gensim.topic_coherence.text_analysis - INFO - 17 batches submitted to accumulate stats from 1088 documents (118398 virtual)
[ 2025-07-30 00:34:50,871 ] 497 gensim.topic_coherence.text_analysis - INFO - 18 batches submitted to accumulate stats from 1152 documents (125711 virtual)
[ 2025-07-30 00:34:50,912 ] 497 gensim.topic_coherence.text_analysis - INFO - 19 batches submitted to accumulate stats from 1216 documents (132016 virtual)
[ 2025-07-30 00:34:50,938 ] 497 gensim.topic_coherence.text_analysis - INFO - 20 batches submitted to accumulate stats from 1280 documents (140511 virtual)
[ 2025-07-30 00:34:50,968 ] 497 gensim.topic_coherence.text_analysis - INFO - 21 batches submitted to accumulate stats from 1344 documents (146076 virtual)
[ 2025-07-30 00:34:51,030 ] 497 gensim.topic_coherence.text_analysis - INFO - 22 batches submitted to accumulate stats from 1408 documents (152550 virtual)
[ 2025-07-30 00:34:51,140 ] 497 gensim.topic_coherence.text_analysis - INFO - 23 batches submitted to accumulate stats from 1472 documents (159713 virtual)
[ 2025-07-30 00:34:51,223 ] 497 gensim.topic_coherence.text_analysis - INFO - 24 batches submitted to accumulate stats from 1536 documents (166911 virtual)
[ 2025-07-30 00:34:51,248 ] 497 gensim.topic_coherence.text_analysis - INFO - 25 batches submitted to accumulate stats from 1600 documents (173326 virtual)
[ 2025-07-30 00:34:51,257 ] 497 gensim.topic_coherence.text_analysis - INFO - 26 batches submitted to accumulate stats from 1664 documents (178452 virtual)
[ 2025-07-30 00:34:51,275 ] 497 gensim.topic_coherence.text_analysis - INFO - 27 batches submitted to accumulate stats from 1728 documents (185101 virtual)
[ 2025-07-30 00:34:51,293 ] 497 gensim.topic_coherence.text_analysis - INFO - 28 batches submitted to accumulate stats from 1792 documents (189279 virtual)
[ 2025-07-30 00:34:52,054 ] 523 gensim.topic_coherence.text_analysis - INFO - 7 accumulators retrieved from output queue
[ 2025-07-30 00:34:52,070 ] 545 gensim.topic_coherence.text_analysis - INFO - accumulated word occurrence stats for 192679 virtual documents
[ 2025-07-30 00:34:52,291 ] 577 gensim.models.ldamodel - INFO - using symmetric alpha at 0.1
[ 2025-07-30 00:34:52,291 ] 577 gensim.models.ldamodel - INFO - using symmetric eta at 0.1
[ 2025-07-30 00:34:52,294 ] 482 gensim.models.ldamodel - INFO - using serial LDA version on this node
[ 2025-07-30 00:34:52,319 ] 948 gensim.models.ldamodel - INFO - running online (multi-pass) LDA training, 10 topics, 10 passes over the supplied corpus of 1780 documents, updating model once every 1780 documents, evaluating perplexity every 0 documents, iterating 50x with a convergence threshold of 0.001000
[ 2025-07-30 00:34:52,319 ] 1002 gensim.models.ldamodel - INFO - PROGRESS: pass 0, at document #1780/1780
[ 2025-07-30 00:34:53,947 ] 1197 gensim.models.ldamodel - INFO - topic #0 (0.100): 0.010*"mr" + 0.009*"said" + 0.007*"year" + 0.006*"could" + 0.005*"game" + 0.005*"also" + 0.005*"would" + 0.004*"one" + 0.003*"new" + 0.003*"u"
[ 2025-07-30 00:34:53,947 ] 1197 gensim.models.ldamodel - INFO - topic #4 (0.100): 0.013*"said" + 0.006*"year" + 0.006*"mr" + 0.004*"film" + 0.004*"first" + 0.004*"world" + 0.003*"new" + 0.003*"time" + 0.003*"would" + 0.003*"could"
[ 2025-07-30 00:34:53,949 ] 1197 gensim.models.ldamodel - INFO - topic #7 (0.100): 0.012*"said" + 0.005*"would" + 0.005*"also" + 0.005*"one" + 0.004*"year" + 0.004*"u" + 0.004*"new" + 0.003*"china" + 0.003*"world" + 0.003*"company"
[ 2025-07-30 00:34:53,949 ] 1197 gensim.models.ldamodel - INFO - topic #9 (0.100): 0.007*"mr" + 0.007*"said" + 0.004*"new" + 0.004*"year" + 0.004*"say" + 0.004*"also" + 0.004*"would" + 0.003*"u" + 0.003*"last" + 0.003*"film"
[ 2025-07-30 00:34:53,949 ] 1197 gensim.models.ldamodel - INFO - topic #3 (0.100): 0.017*"said" + 0.008*"mr" + 0.005*"people" + 0.005*"year" + 0.004*"would" + 0.004*"u" + 0.004*"new" + 0.004*"also" + 0.003*"one" + 0.003*"made"
[ 2025-07-30 00:34:53,949 ] 1075 gensim.models.ldamodel - INFO - topic diff=4.172730, rho=1.000000
[ 2025-07-30 00:34:53,949 ] 1002 gensim.models.ldamodel - INFO - PROGRESS: pass 1, at document #1780/1780
[ 2025-07-30 00:34:55,397 ] 1197 gensim.models.ldamodel - INFO - topic #7 (0.100): 0.012*"said" + 0.005*"china" + 0.005*"year" + 0.005*"also" + 0.004*"u" + 0.004*"would" + 0.004*"one" + 0.004*"new" + 0.003*"company" + 0.003*"software"
[ 2025-07-30 00:34:55,397 ] 1197 gensim.models.ldamodel - INFO - topic #6 (0.100): 0.010*"said" + 0.006*"year" + 0.005*"one" + 0.005*"u" + 0.004*"would" + 0.004*"also" + 0.004*"world" + 0.004*"sale" + 0.003*"music" + 0.003*"last"
[ 2025-07-30 00:34:55,397 ] 1197 gensim.models.ldamodel - INFO - topic #4 (0.100): 0.011*"said" + 0.007*"year" + 0.006*"film" + 0.004*"world" + 0.004*"first" + 0.004*"mr" + 0.004*"tv" + 0.004*"best" + 0.004*"time" + 0.003*"new"
[ 2025-07-30 00:34:55,397 ] 1197 gensim.models.ldamodel - INFO - topic #8 (0.100): 0.018*"said" + 0.007*"game" + 0.006*"would" + 0.006*"year" + 0.005*"also" + 0.004*"mr" + 0.004*"new" + 0.004*"one" + 0.004*"time" + 0.003*"u"
[ 2025-07-30 00:34:55,397 ] 1197 gensim.models.ldamodel - INFO - topic #5 (0.100): 0.014*"said" + 0.010*"mr" + 0.007*"would" + 0.006*"people" + 0.006*"u" + 0.006*"year" + 0.005*"also" + 0.005*"new" + 0.004*"one" + 0.004*"party"
[ 2025-07-30 00:34:55,397 ] 1075 gensim.models.ldamodel - INFO - topic diff=1.133330, rho=0.577350
[ 2025-07-30 00:34:55,404 ] 1002 gensim.models.ldamodel - INFO - PROGRESS: pass 2, at document #1780/1780
[ 2025-07-30 00:34:57,435 ] 1197 gensim.models.ldamodel - INFO - topic #4 (0.100): 0.010*"said" + 0.008*"film" + 0.007*"year" + 0.005*"world" + 0.005*"best" + 0.004*"first" + 0.004*"tv" + 0.004*"time" + 0.003*"award" + 0.003*"new"
[ 2025-07-30 00:34:57,435 ] 1197 gensim.models.ldamodel - INFO - topic #2 (0.100): 0.019*"said" + 0.007*"would" + 0.006*"people" + 0.006*"government" + 0.006*"mr" + 0.005*"year" + 0.004*"also" + 0.004*"could" + 0.003*"new" + 0.003*"say"
[ 2025-07-30 00:34:57,435 ] 1197 gensim.models.ldamodel - INFO - topic #0 (0.100): 0.014*"mr" + 0.010*"said" + 0.006*"year" + 0.006*"game" + 0.005*"could" + 0.005*"would" + 0.005*"also" + 0.004*"blair" + 0.004*"one" + 0.004*"world"
[ 2025-07-30 00:34:57,435 ] 1197 gensim.models.ldamodel - INFO - topic #3 (0.100): 0.019*"said" + 0.007*"mr" + 0.006*"year" + 0.005*"u" + 0.005*"people" + 0.005*"bank" + 0.004*"also" + 0.004*"rate" + 0.004*"new" + 0.004*"month"
[ 2025-07-30 00:34:57,435 ] 1197 gensim.models.ldamodel - INFO - topic #1 (0.100): 0.012*"said" + 0.006*"year" + 0.005*"new" + 0.005*"one" + 0.004*"would" + 0.004*"first" + 0.003*"also" + 0.003*"time" + 0.003*"u" + 0.003*"country"
[ 2025-07-30 00:34:57,435 ] 1075 gensim.models.ldamodel - INFO - topic diff=0.824125, rho=0.500000
[ 2025-07-30 00:34:57,435 ] 1002 gensim.models.ldamodel - INFO - PROGRESS: pass 3, at document #1780/1780
[ 2025-07-30 00:34:58,523 ] 1197 gensim.models.ldamodel - INFO - topic #5 (0.100): 0.016*"said" + 0.012*"mr" + 0.008*"would" + 0.006*"people" + 0.006*"party" + 0.005*"u" + 0.005*"year" + 0.005*"new" + 0.005*"also" + 0.004*"election"
[ 2025-07-30 00:34:58,523 ] 1197 gensim.models.ldamodel - INFO - topic #8 (0.100): 0.015*"said" + 0.009*"game" + 0.006*"year" + 0.005*"would" + 0.005*"also" + 0.004*"player" + 0.004*"one" + 0.004*"new" + 0.004*"time" + 0.004*"first"
[ 2025-07-30 00:34:58,523 ] 1197 gensim.models.ldamodel - INFO - topic #3 (0.100): 0.019*"said" + 0.007*"mr" + 0.007*"year" + 0.005*"u" + 0.005*"bank" + 0.005*"rate" + 0.005*"people" + 0.004*"growth" + 0.004*"market" + 0.004*"month"
[ 2025-07-30 00:34:58,523 ] 1197 gensim.models.ldamodel - INFO - topic #0 (0.100): 0.015*"mr" + 0.010*"said" + 0.006*"game" + 0.006*"year" + 0.005*"blair" + 0.005*"would" + 0.005*"could" + 0.004*"also" + 0.004*"one" + 0.004*"world"
[ 2025-07-30 00:34:58,523 ] 1197 gensim.models.ldamodel - INFO - topic #4 (0.100): 0.010*"film" + 0.009*"said" + 0.007*"year" + 0.005*"best" + 0.005*"world" + 0.005*"first" + 0.004*"tv" + 0.004*"award" + 0.004*"time" + 0.003*"also"
[ 2025-07-30 00:34:58,523 ] 1075 gensim.models.ldamodel - INFO - topic diff=0.592237, rho=0.447214
[ 2025-07-30 00:34:58,523 ] 1002 gensim.models.ldamodel - INFO - PROGRESS: pass 4, at document #1780/1780
[ 2025-07-30 00:34:59,578 ] 1197 gensim.models.ldamodel - INFO - topic #3 (0.100): 0.019*"said" + 0.007*"year" + 0.006*"mr" + 0.006*"bank" + 0.006*"u" + 0.005*"growth" + 0.005*"rate" + 0.005*"market" + 0.005*"economy" + 0.004*"month"
[ 2025-07-30 00:34:59,578 ] 1197 gensim.models.ldamodel - INFO - topic #9 (0.100): 0.008*"club" + 0.006*"said" + 0.005*"mr" + 0.005*"united" + 0.004*"would" + 0.004*"u" + 0.004*"new" + 0.003*"chelsea" + 0.003*"say" + 0.003*"also"
[ 2025-07-30 00:34:59,578 ] 1197 gensim.models.ldamodel - INFO - topic #4 (0.100): 0.012*"film" + 0.009*"said" + 0.008*"year" + 0.006*"best" + 0.005*"world" + 0.005*"award" + 0.005*"first" + 0.005*"tv" + 0.004*"time" + 0.004*"also"
[ 2025-07-30 00:34:59,578 ] 1197 gensim.models.ldamodel - INFO - topic #6 (0.100): 0.010*"said" + 0.006*"year" + 0.006*"sale" + 0.005*"music" + 0.005*"also" + 0.005*"u" + 0.005*"one" + 0.004*"would" + 0.004*"people" + 0.004*"market"
[ 2025-07-30 00:34:59,580 ] 1197 gensim.models.ldamodel - INFO - topic #7 (0.100): 0.013*"said" + 0.008*"china" + 0.006*"u" + 0.006*"yukos" + 0.005*"year" + 0.005*"company" + 0.004*"oil" + 0.004*"also" + 0.004*"would" + 0.004*"software"
[ 2025-07-30 00:34:59,580 ] 1075 gensim.models.ldamodel - INFO - topic diff=0.431710, rho=0.408248
[ 2025-07-30 00:34:59,583 ] 1002 gensim.models.ldamodel - INFO - PROGRESS: pass 5, at document #1780/1780
[ 2025-07-30 00:35:00,721 ] 1197 gensim.models.ldamodel - INFO - topic #2 (0.100): 0.020*"said" + 0.007*"people" + 0.007*"would" + 0.007*"government" + 0.006*"mr" + 0.004*"could" + 0.004*"year" + 0.004*"also" + 0.004*"say" + 0.004*"law"
[ 2025-07-30 00:35:00,721 ] 1197 gensim.models.ldamodel - INFO - topic #4 (0.100): 0.013*"film" + 0.009*"said" + 0.008*"year" + 0.006*"best" + 0.005*"world" + 0.005*"award" + 0.005*"first" + 0.005*"tv" + 0.004*"also" + 0.004*"time"
[ 2025-07-30 00:35:00,723 ] 1197 gensim.models.ldamodel - INFO - topic #0 (0.100): 0.016*"mr" + 0.010*"said" + 0.006*"game" + 0.005*"year" + 0.005*"blair" + 0.005*"would" + 0.004*"could" + 0.004*"one" + 0.004*"world" + 0.004*"also"
[ 2025-07-30 00:35:00,723 ] 1197 gensim.models.ldamodel - INFO - topic #3 (0.100): 0.019*"said" + 0.008*"year" + 0.006*"u" + 0.006*"bank" + 0.006*"mr" + 0.006*"growth" + 0.005*"rate" + 0.005*"market" + 0.005*"economy" + 0.005*"bn"
[ 2025-07-30 00:35:00,723 ] 1197 gensim.models.ldamodel - INFO - topic #9 (0.100): 0.008*"club" + 0.006*"said" + 0.005*"united" + 0.005*"mr" + 0.004*"would" + 0.004*"u" + 0.004*"chelsea" + 0.004*"new" + 0.003*"glazer" + 0.003*"say"
[ 2025-07-30 00:35:00,725 ] 1075 gensim.models.ldamodel - INFO - topic diff=0.320399, rho=0.377964
[ 2025-07-30 00:35:00,725 ] 1002 gensim.models.ldamodel - INFO - PROGRESS: pass 6, at document #1780/1780
[ 2025-07-30 00:35:02,173 ] 1197 gensim.models.ldamodel - INFO - topic #2 (0.100): 0.021*"said" + 0.007*"people" + 0.007*"would" + 0.007*"government" + 0.006*"mr" + 0.004*"could" + 0.004*"year" + 0.004*"also" + 0.004*"law" + 0.004*"say"
[ 2025-07-30 00:35:02,173 ] 1197 gensim.models.ldamodel - INFO - topic #4 (0.100): 0.014*"film" + 0.008*"said" + 0.008*"year" + 0.007*"best" + 0.006*"award" + 0.005*"world" + 0.005*"first" + 0.005*"tv" + 0.004*"also" + 0.004*"time"
[ 2025-07-30 00:35:02,173 ] 1197 gensim.models.ldamodel - INFO - topic #5 (0.100): 0.017*"said" + 0.014*"mr" + 0.009*"would" + 0.006*"people" + 0.006*"party" + 0.006*"election" + 0.006*"labour" + 0.005*"new" + 0.005*"government" + 0.005*"also"
[ 2025-07-30 00:35:02,175 ] 1197 gensim.models.ldamodel - INFO - topic #9 (0.100): 0.009*"club" + 0.006*"said" + 0.006*"united" + 0.005*"mr" + 0.005*"would" + 0.004*"chelsea" + 0.004*"u" + 0.004*"glazer" + 0.004*"new" + 0.004*"liverpool"
[ 2025-07-30 00:35:02,176 ] 1197 gensim.models.ldamodel - INFO - topic #8 (0.100): 0.013*"said" + 0.010*"game" + 0.006*"year" + 0.005*"player" + 0.005*"would" + 0.005*"england" + 0.004*"one" + 0.004*"also" + 0.004*"time" + 0.004*"first"
[ 2025-07-30 00:35:02,176 ] 1075 gensim.models.ldamodel - INFO - topic diff=0.242627, rho=0.353553
[ 2025-07-30 00:35:02,176 ] 1002 gensim.models.ldamodel - INFO - PROGRESS: pass 7, at document #1780/1780
[ 2025-07-30 00:35:03,733 ] 1197 gensim.models.ldamodel - INFO - topic #0 (0.100): 0.016*"mr" + 0.010*"said" + 0.006*"game" + 0.005*"blair" + 0.005*"year" + 0.004*"would" + 0.004*"one" + 0.004*"world" + 0.004*"could" + 0.004*"also"
[ 2025-07-30 00:35:03,733 ] 1197 gensim.models.ldamodel - INFO - topic #2 (0.100): 0.021*"said" + 0.007*"people" + 0.007*"would" + 0.007*"government" + 0.006*"mr" + 0.004*"could" + 0.004*"year" + 0.004*"law" + 0.004*"say" + 0.004*"also"
[ 2025-07-30 00:35:03,733 ] 1197 gensim.models.ldamodel - INFO - topic #1 (0.100): 0.010*"said" + 0.007*"band" + 0.006*"year" + 0.006*"one" + 0.005*"new" + 0.005*"number" + 0.004*"album" + 0.004*"best" + 0.004*"music" + 0.004*"also"
[ 2025-07-30 00:35:03,733 ] 1197 gensim.models.ldamodel - INFO - topic #5 (0.100): 0.017*"said" + 0.014*"mr" + 0.009*"would" + 0.007*"party" + 0.006*"people" + 0.006*"election" + 0.006*"labour" + 0.005*"government" + 0.005*"new" + 0.005*"also"
[ 2025-07-30 00:35:03,733 ] 1197 gensim.models.ldamodel - INFO - topic #4 (0.100): 0.015*"film" + 0.008*"said" + 0.008*"year" + 0.007*"best" + 0.006*"award" + 0.005*"world" + 0.005*"first" + 0.005*"tv" + 0.004*"also" + 0.004*"time"
[ 2025-07-30 00:35:03,733 ] 1075 gensim.models.ldamodel - INFO - topic diff=0.187632, rho=0.333333
[ 2025-07-30 00:35:03,733 ] 1002 gensim.models.ldamodel - INFO - PROGRESS: pass 8, at document #1780/1780
[ 2025-07-30 00:35:04,657 ] 1197 gensim.models.ldamodel - INFO - topic #8 (0.100): 0.013*"said" + 0.011*"game" + 0.005*"player" + 0.005*"year" + 0.005*"england" + 0.005*"would" + 0.004*"one" + 0.004*"first" + 0.004*"time" + 0.004*"play"
[ 2025-07-30 00:35:04,726 ] 1197 gensim.models.ldamodel - INFO - topic #6 (0.100): 0.010*"said" + 0.006*"music" + 0.006*"sale" + 0.006*"technology" + 0.006*"year" + 0.005*"also" + 0.005*"digital" + 0.005*"people" + 0.005*"one" + 0.004*"u"
[ 2025-07-30 00:35:04,726 ] 1197 gensim.models.ldamodel - INFO - topic #5 (0.100): 0.018*"said" + 0.014*"mr" + 0.009*"would" + 0.007*"party" + 0.006*"people" + 0.006*"election" + 0.006*"labour" + 0.005*"government" + 0.005*"new" + 0.005*"also"
[ 2025-07-30 00:35:04,726 ] 1197 gensim.models.ldamodel - INFO - topic #7 (0.100): 0.013*"said" + 0.010*"china" + 0.009*"yukos" + 0.007*"u" + 0.007*"oil" + 0.006*"company" + 0.005*"russian" + 0.005*"year" + 0.004*"court" + 0.004*"bn"
[ 2025-07-30 00:35:04,726 ] 1197 gensim.models.ldamodel - INFO - topic #0 (0.100): 0.016*"mr" + 0.010*"said" + 0.006*"game" + 0.005*"blair" + 0.005*"year" + 0.004*"would" + 0.004*"world" + 0.004*"one" + 0.004*"roddick" + 0.004*"could"
[ 2025-07-30 00:35:04,726 ] 1075 gensim.models.ldamodel - INFO - topic diff=0.148055, rho=0.316228
[ 2025-07-30 00:35:04,726 ] 1002 gensim.models.ldamodel - INFO - PROGRESS: pass 9, at document #1780/1780
[ 2025-07-30 00:35:05,700 ] 1197 gensim.models.ldamodel - INFO - topic #0 (0.100): 0.016*"mr" + 0.010*"said" + 0.006*"game" + 0.005*"blair" + 0.005*"year" + 0.004*"world" + 0.004*"one" + 0.004*"would" + 0.004*"roddick" + 0.004*"set"
[ 2025-07-30 00:35:05,700 ] 1197 gensim.models.ldamodel - INFO - topic #6 (0.100): 0.010*"said" + 0.006*"music" + 0.006*"technology" + 0.006*"sale" + 0.006*"also" + 0.005*"year" + 0.005*"digital" + 0.005*"people" + 0.005*"one" + 0.004*"game"
[ 2025-07-30 00:35:05,700 ] 1197 gensim.models.ldamodel - INFO - topic #9 (0.100): 0.011*"club" + 0.007*"united" + 0.006*"said" + 0.005*"mr" + 0.005*"would" + 0.005*"chelsea" + 0.004*"liverpool" + 0.004*"glazer" + 0.004*"u" + 0.004*"new"
[ 2025-07-30 00:35:05,702 ] 1197 gensim.models.ldamodel - INFO - topic #5 (0.100): 0.018*"said" + 0.015*"mr" + 0.009*"would" + 0.007*"party" + 0.007*"labour" + 0.007*"election" + 0.006*"people" + 0.006*"government" + 0.005*"new" + 0.005*"tory"
[ 2025-07-30 00:35:05,703 ] 1197 gensim.models.ldamodel - INFO - topic #1 (0.100): 0.009*"said" + 0.008*"band" + 0.007*"year" + 0.006*"one" + 0.006*"album" + 0.005*"music" + 0.005*"new" + 0.005*"number" + 0.005*"best" + 0.005*"song"
[ 2025-07-30 00:35:05,703 ] 1075 gensim.models.ldamodel - INFO - topic diff=0.119083, rho=0.301511
[ 2025-07-30 00:35:05,703 ] 448 gensim.utils - INFO - LdaModel lifecycle event {'msg': 'trained LdaModel<num_terms=24871, num_topics=10, decay=0.5, chunksize=2000> in 13.38s', 'datetime': '2025-07-30T00:35:05.703507', 'gensim': '4.3.2', 'python': '3.10.0 | packaged by conda-forge | (default, Nov 10 2021, 13:20:59) [MSC v.1916 64 bit (AMD64)]', 'platform': 'Windows-10-10.0.26100-SP0', 'event': 'created'}
[ 2025-07-30 00:35:05,703 ] 155 gensim.topic_coherence.probability_estimation - INFO - using ParallelWordOccurrenceAccumulator<processes=7, batch_size=64> to estimate probabilities from sliding windows
[ 2025-07-30 00:35:19,414 ] 497 gensim.topic_coherence.text_analysis - INFO - 1 batches submitted to accumulate stats from 64 documents (8031 virtual)
[ 2025-07-30 00:35:19,414 ] 497 gensim.topic_coherence.text_analysis - INFO - 2 batches submitted to accumulate stats from 128 documents (15601 virtual)
[ 2025-07-30 00:35:19,422 ] 497 gensim.topic_coherence.text_analysis - INFO - 3 batches submitted to accumulate stats from 192 documents (22476 virtual)
[ 2025-07-30 00:35:19,423 ] 497 gensim.topic_coherence.text_analysis - INFO - 4 batches submitted to accumulate stats from 256 documents (29853 virtual)
[ 2025-07-30 00:35:19,433 ] 497 gensim.topic_coherence.text_analysis - INFO - 5 batches submitted to accumulate stats from 320 documents (36916 virtual)
[ 2025-07-30 00:35:19,441 ] 497 gensim.topic_coherence.text_analysis - INFO - 6 batches submitted to accumulate stats from 384 documents (44157 virtual)
[ 2025-07-30 00:35:19,449 ] 497 gensim.topic_coherence.text_analysis - INFO - 7 batches submitted to accumulate stats from 448 documents (50788 virtual)
[ 2025-07-30 00:35:19,456 ] 497 gensim.topic_coherence.text_analysis - INFO - 8 batches submitted to accumulate stats from 512 documents (56863 virtual)
[ 2025-07-30 00:35:19,517 ] 497 gensim.topic_coherence.text_analysis - INFO - 9 batches submitted to accumulate stats from 576 documents (63870 virtual)
[ 2025-07-30 00:35:19,523 ] 497 gensim.topic_coherence.text_analysis - INFO - 10 batches submitted to accumulate stats from 640 documents (71861 virtual)
[ 2025-07-30 00:35:19,531 ] 497 gensim.topic_coherence.text_analysis - INFO - 11 batches submitted to accumulate stats from 704 documents (79951 virtual)
[ 2025-07-30 00:35:19,537 ] 497 gensim.topic_coherence.text_analysis - INFO - 12 batches submitted to accumulate stats from 768 documents (85747 virtual)
[ 2025-07-30 00:35:19,541 ] 497 gensim.topic_coherence.text_analysis - INFO - 13 batches submitted to accumulate stats from 832 documents (91689 virtual)
[ 2025-07-30 00:35:19,548 ] 497 gensim.topic_coherence.text_analysis - INFO - 14 batches submitted to accumulate stats from 896 documents (98038 virtual)
[ 2025-07-30 00:35:19,855 ] 497 gensim.topic_coherence.text_analysis - INFO - 15 batches submitted to accumulate stats from 960 documents (104137 virtual)
[ 2025-07-30 00:35:19,871 ] 497 gensim.topic_coherence.text_analysis - INFO - 16 batches submitted to accumulate stats from 1024 documents (111547 virtual)
[ 2025-07-30 00:35:19,877 ] 497 gensim.topic_coherence.text_analysis - INFO - 17 batches submitted to accumulate stats from 1088 documents (118398 virtual)
[ 2025-07-30 00:35:19,953 ] 497 gensim.topic_coherence.text_analysis - INFO - 18 batches submitted to accumulate stats from 1152 documents (125711 virtual)
[ 2025-07-30 00:35:19,960 ] 497 gensim.topic_coherence.text_analysis - INFO - 19 batches submitted to accumulate stats from 1216 documents (132016 virtual)
[ 2025-07-30 00:35:19,965 ] 497 gensim.topic_coherence.text_analysis - INFO - 20 batches submitted to accumulate stats from 1280 documents (140511 virtual)
[ 2025-07-30 00:35:19,973 ] 497 gensim.topic_coherence.text_analysis - INFO - 21 batches submitted to accumulate stats from 1344 documents (146076 virtual)
[ 2025-07-30 00:35:20,197 ] 497 gensim.topic_coherence.text_analysis - INFO - 22 batches submitted to accumulate stats from 1408 documents (152550 virtual)
[ 2025-07-30 00:35:20,258 ] 497 gensim.topic_coherence.text_analysis - INFO - 23 batches submitted to accumulate stats from 1472 documents (159713 virtual)
[ 2025-07-30 00:35:20,331 ] 497 gensim.topic_coherence.text_analysis - INFO - 24 batches submitted to accumulate stats from 1536 documents (166911 virtual)
[ 2025-07-30 00:35:20,428 ] 497 gensim.topic_coherence.text_analysis - INFO - 25 batches submitted to accumulate stats from 1600 documents (173326 virtual)
[ 2025-07-30 00:35:20,475 ] 497 gensim.topic_coherence.text_analysis - INFO - 26 batches submitted to accumulate stats from 1664 documents (178452 virtual)
[ 2025-07-30 00:35:20,570 ] 497 gensim.topic_coherence.text_analysis - INFO - 27 batches submitted to accumulate stats from 1728 documents (185101 virtual)
[ 2025-07-30 00:35:20,602 ] 497 gensim.topic_coherence.text_analysis - INFO - 28 batches submitted to accumulate stats from 1792 documents (189279 virtual)
[ 2025-07-30 00:35:21,893 ] 523 gensim.topic_coherence.text_analysis - INFO - 7 accumulators retrieved from output queue
[ 2025-07-30 00:35:21,933 ] 545 gensim.topic_coherence.text_analysis - INFO - accumulated word occurrence stats for 192679 virtual documents
[ 2025-07-30 00:35:22,403 ] 577 gensim.models.ldamodel - INFO - using symmetric alpha at 0.06666666666666667
[ 2025-07-30 00:35:22,465 ] 577 gensim.models.ldamodel - INFO - using symmetric eta at 0.06666666666666667
[ 2025-07-30 00:35:22,466 ] 482 gensim.models.ldamodel - INFO - using serial LDA version on this node
[ 2025-07-30 00:35:22,508 ] 948 gensim.models.ldamodel - INFO - running online (multi-pass) LDA training, 15 topics, 10 passes over the supplied corpus of 1780 documents, updating model once every 1780 documents, evaluating perplexity every 0 documents, iterating 50x with a convergence threshold of 0.001000
[ 2025-07-30 00:35:22,508 ] 1002 gensim.models.ldamodel - INFO - PROGRESS: pass 0, at document #1780/1780
[ 2025-07-30 00:35:24,223 ] 1197 gensim.models.ldamodel - INFO - topic #0 (0.067): 0.011*"mr" + 0.009*"said" + 0.007*"year" + 0.007*"could" + 0.006*"game" + 0.005*"would" + 0.005*"also" + 0.004*"one" + 0.003*"new" + 0.003*"world"
[ 2025-07-30 00:35:24,223 ] 1197 gensim.models.ldamodel - INFO - topic #10 (0.067): 0.016*"said" + 0.007*"mr" + 0.007*"year" + 0.006*"new" + 0.005*"also" + 0.005*"would" + 0.005*"u" + 0.004*"time" + 0.003*"people" + 0.003*"say"
[ 2025-07-30 00:35:24,223 ] 1197 gensim.models.ldamodel - INFO - topic #14 (0.067): 0.012*"said" + 0.007*"year" + 0.007*"u" + 0.005*"new" + 0.004*"film" + 0.004*"would" + 0.004*"best" + 0.004*"one" + 0.003*"mr" + 0.003*"world"
[ 2025-07-30 00:35:24,223 ] 1197 gensim.models.ldamodel - INFO - topic #2 (0.067): 0.019*"said" + 0.006*"would" + 0.006*"people" + 0.005*"year" + 0.005*"government" + 0.005*"mr" + 0.005*"also" + 0.004*"last" + 0.004*"u" + 0.003*"could"
[ 2025-07-30 00:35:24,223 ] 1197 gensim.models.ldamodel - INFO - topic #9 (0.067): 0.008*"mr" + 0.006*"said" + 0.004*"also" + 0.004*"say" + 0.004*"new" + 0.004*"would" + 0.004*"year" + 0.003*"last" + 0.003*"film" + 0.003*"u"
[ 2025-07-30 00:35:24,223 ] 1075 gensim.models.ldamodel - INFO - topic diff=6.519880, rho=1.000000
[ 2025-07-30 00:35:24,228 ] 1002 gensim.models.ldamodel - INFO - PROGRESS: pass 1, at document #1780/1780
[ 2025-07-30 00:35:25,453 ] 1197 gensim.models.ldamodel - INFO - topic #3 (0.067): 0.019*"said" + 0.009*"mr" + 0.006*"people" + 0.005*"year" + 0.004*"also" + 0.004*"would" + 0.004*"u" + 0.004*"new" + 0.004*"bank" + 0.003*"phone"
[ 2025-07-30 00:35:25,453 ] 1197 gensim.models.ldamodel - INFO - topic #11 (0.067): 0.010*"said" + 0.007*"year" + 0.005*"world" + 0.004*"last" + 0.004*"two" + 0.004*"time" + 0.004*"game" + 0.003*"also" + 0.003*"first" + 0.003*"one"
[ 2025-07-30 00:35:25,453 ] 1197 gensim.models.ldamodel - INFO - topic #7 (0.067): 0.013*"said" + 0.005*"china" + 0.005*"would" + 0.005*"also" + 0.004*"year" + 0.004*"one" + 0.004*"u" + 0.003*"company" + 0.003*"software" + 0.003*"new"
[ 2025-07-30 00:35:25,453 ] 1197 gensim.models.ldamodel - INFO - topic #9 (0.067): 0.008*"mr" + 0.006*"said" + 0.005*"club" + 0.004*"would" + 0.004*"say" + 0.004*"also" + 0.004*"new" + 0.004*"last" + 0.003*"year" + 0.003*"u"
[ 2025-07-30 00:35:25,453 ] 1197 gensim.models.ldamodel - INFO - topic #4 (0.067): 0.012*"said" + 0.006*"year" + 0.006*"film" + 0.004*"first" + 0.004*"mr" + 0.004*"tv" + 0.004*"world" + 0.004*"people" + 0.003*"time" + 0.003*"new"
[ 2025-07-30 00:35:25,461 ] 1075 gensim.models.ldamodel - INFO - topic diff=1.547490, rho=0.577350
[ 2025-07-30 00:35:25,461 ] 1002 gensim.models.ldamodel - INFO - PROGRESS: pass 2, at document #1780/1780
[ 2025-07-30 00:35:26,486 ] 1197 gensim.models.ldamodel - INFO - topic #9 (0.067): 0.008*"mr" + 0.008*"club" + 0.006*"said" + 0.005*"would" + 0.004*"last" + 0.004*"glazer" + 0.004*"say" + 0.004*"also" + 0.004*"new" + 0.004*"united"
[ 2025-07-30 00:35:26,565 ] 1197 gensim.models.ldamodel - INFO - topic #11 (0.067): 0.009*"said" + 0.007*"year" + 0.006*"world" + 0.004*"last" + 0.004*"time" + 0.004*"two" + 0.004*"game" + 0.004*"also" + 0.003*"second" + 0.003*"win"
[ 2025-07-30 00:35:26,565 ] 1197 gensim.models.ldamodel - INFO - topic #10 (0.067): 0.016*"said" + 0.010*"mr" + 0.007*"year" + 0.006*"new" + 0.005*"would" + 0.005*"also" + 0.005*"u" + 0.005*"bn" + 0.004*"sale" + 0.004*"company"
[ 2025-07-30 00:35:26,565 ] 1197 gensim.models.ldamodel - INFO - topic #0 (0.067): 0.012*"mr" + 0.009*"said" + 0.007*"game" + 0.006*"could" + 0.005*"year" + 0.005*"also" + 0.005*"would" + 0.004*"one" + 0.004*"world" + 0.003*"set"
[ 2025-07-30 00:35:26,565 ] 1197 gensim.models.ldamodel - INFO - topic #4 (0.067): 0.011*"said" + 0.007*"film" + 0.006*"year" + 0.005*"tv" + 0.004*"first" + 0.004*"people" + 0.004*"world" + 0.004*"time" + 0.003*"mr" + 0.003*"new"
[ 2025-07-30 00:35:26,565 ] 1075 gensim.models.ldamodel - INFO - topic diff=1.160413, rho=0.500000
[ 2025-07-30 00:35:26,573 ] 1002 gensim.models.ldamodel - INFO - PROGRESS: pass 3, at document #1780/1780
[ 2025-07-30 00:35:27,551 ] 1197 gensim.models.ldamodel - INFO - topic #3 (0.067): 0.020*"said" + 0.008*"mr" + 0.006*"year" + 0.006*"bank" + 0.005*"people" + 0.004*"rate" + 0.004*"u" + 0.004*"phone" + 0.004*"also" + 0.004*"firm"
[ 2025-07-30 00:35:27,551 ] 1197 gensim.models.ldamodel - INFO - topic #1 (0.067): 0.012*"said" + 0.006*"year" + 0.005*"new" + 0.005*"band" + 0.004*"one" + 0.004*"first" + 0.004*"music" + 0.004*"also" + 0.004*"would" + 0.003*"u"
[ 2025-07-30 00:35:27,551 ] 1197 gensim.models.ldamodel - INFO - topic #0 (0.067): 0.012*"mr" + 0.009*"said" + 0.007*"game" + 0.005*"also" + 0.005*"could" + 0.005*"year" + 0.005*"one" + 0.005*"would" + 0.004*"world" + 0.004*"roddick"
[ 2025-07-30 00:35:27,553 ] 1197 gensim.models.ldamodel - INFO - topic #13 (0.067): 0.005*"year" + 0.005*"said" + 0.005*"one" + 0.005*"price" + 0.005*"market" + 0.004*"time" + 0.004*"week" + 0.003*"also" + 0.003*"oil" + 0.003*"u"
[ 2025-07-30 00:35:27,553 ] 1197 gensim.models.ldamodel - INFO - topic #9 (0.067): 0.011*"club" + 0.008*"mr" + 0.006*"said" + 0.005*"would" + 0.005*"glazer" + 0.004*"united" + 0.004*"last" + 0.004*"liverpool" + 0.004*"new" + 0.004*"also"
[ 2025-07-30 00:35:27,555 ] 1075 gensim.models.ldamodel - INFO - topic diff=0.854850, rho=0.447214
[ 2025-07-30 00:35:27,555 ] 1002 gensim.models.ldamodel - INFO - PROGRESS: pass 4, at document #1780/1780
[ 2025-07-30 00:35:28,588 ] 1197 gensim.models.ldamodel - INFO - topic #12 (0.067): 0.012*"said" + 0.006*"new" + 0.005*"dvd" + 0.005*"u" + 0.005*"growth" + 0.004*"conte" + 0.004*"rate" + 0.004*"year" + 0.003*"price" + 0.003*"phone"
[ 2025-07-30 00:35:28,588 ] 1197 gensim.models.ldamodel - INFO - topic #1 (0.067): 0.011*"said" + 0.006*"year" + 0.006*"band" + 0.005*"music" + 0.005*"new" + 0.004*"one" + 0.004*"first" + 0.004*"song" + 0.004*"also" + 0.003*"u"
[ 2025-07-30 00:35:28,588 ] 1197 gensim.models.ldamodel - INFO - topic #2 (0.067): 0.020*"said" + 0.008*"people" + 0.007*"would" + 0.006*"government" + 0.006*"mr" + 0.004*"could" + 0.004*"year" + 0.004*"also" + 0.004*"site" + 0.004*"law"
[ 2025-07-30 00:35:28,588 ] 1197 gensim.models.ldamodel - INFO - topic #7 (0.067): 0.014*"said" + 0.006*"china" + 0.006*"card" + 0.005*"patent" + 0.005*"software" + 0.004*"year" + 0.004*"would" + 0.004*"also" + 0.004*"company" + 0.004*"open"
[ 2025-07-30 00:35:28,588 ] 1197 gensim.models.ldamodel - INFO - topic #9 (0.067): 0.013*"club" + 0.007*"mr" + 0.006*"said" + 0.005*"would" + 0.005*"glazer" + 0.005*"united" + 0.005*"liverpool" + 0.004*"last" + 0.004*"chelsea" + 0.004*"new"
[ 2025-07-30 00:35:28,593 ] 1075 gensim.models.ldamodel - INFO - topic diff=0.632070, rho=0.408248
[ 2025-07-30 00:35:28,593 ] 1002 gensim.models.ldamodel - INFO - PROGRESS: pass 5, at document #1780/1780
[ 2025-07-30 00:35:29,904 ] 1197 gensim.models.ldamodel - INFO - topic #10 (0.067): 0.017*"said" + 0.011*"mr" + 0.007*"year" + 0.007*"bn" + 0.006*"company" + 0.006*"u" + 0.006*"sale" + 0.006*"new" + 0.005*"firm" + 0.005*"would"
[ 2025-07-30 00:35:29,904 ] 1197 gensim.models.ldamodel - INFO - topic #9 (0.067): 0.014*"club" + 0.007*"mr" + 0.007*"said" + 0.006*"would" + 0.005*"glazer" + 0.005*"liverpool" + 0.005*"united" + 0.005*"chelsea" + 0.004*"last" + 0.004*"bid"
[ 2025-07-30 00:35:29,904 ] 1197 gensim.models.ldamodel - INFO - topic #14 (0.067): 0.013*"film" + 0.011*"best" + 0.010*"said" + 0.010*"year" + 0.010*"award" + 0.008*"u" + 0.005*"also" + 0.005*"show" + 0.004*"dollar" + 0.004*"oscar"
[ 2025-07-30 00:35:29,907 ] 1197 gensim.models.ldamodel - INFO - topic #3 (0.067): 0.020*"said" + 0.008*"mr" + 0.007*"year" + 0.007*"bank" + 0.006*"rate" + 0.005*"people" + 0.005*"growth" + 0.005*"market" + 0.005*"u" + 0.004*"month"
[ 2025-07-30 00:35:29,907 ] 1197 gensim.models.ldamodel - INFO - topic #13 (0.067): 0.006*"price" + 0.005*"year" + 0.005*"market" + 0.005*"said" + 0.004*"one" + 0.004*"oil" + 0.004*"u" + 0.004*"time" + 0.004*"week" + 0.003*"also"
[ 2025-07-30 00:35:29,907 ] 1075 gensim.models.ldamodel - INFO - topic diff=0.470972, rho=0.377964
[ 2025-07-30 00:35:29,909 ] 1002 gensim.models.ldamodel - INFO - PROGRESS: pass 6, at document #1780/1780
[ 2025-07-30 00:35:31,306 ] 1197 gensim.models.ldamodel - INFO - topic #11 (0.067): 0.008*"world" + 0.007*"said" + 0.007*"year" + 0.005*"injury" + 0.005*"last" + 0.005*"win" + 0.005*"second" + 0.005*"race" + 0.005*"olympic" + 0.004*"time"
[ 2025-07-30 00:35:31,308 ] 1197 gensim.models.ldamodel - INFO - topic #0 (0.067): 0.010*"mr" + 0.009*"said" + 0.007*"game" + 0.005*"roddick" + 0.005*"also" + 0.005*"one" + 0.005*"could" + 0.005*"set" + 0.004*"year" + 0.004*"world"
[ 2025-07-30 00:35:31,310 ] 1197 gensim.models.ldamodel - INFO - topic #8 (0.067): 0.014*"said" + 0.013*"game" + 0.006*"player" + 0.005*"would" + 0.005*"one" + 0.005*"year" + 0.005*"england" + 0.005*"time" + 0.004*"play" + 0.004*"also"
[ 2025-07-30 00:35:31,310 ] 1197 gensim.models.ldamodel - INFO - topic #12 (0.067): 0.012*"said" + 0.006*"new" + 0.005*"dvd" + 0.005*"conte" + 0.005*"u" + 0.005*"growth" + 0.004*"rate" + 0.004*"year" + 0.003*"jones" + 0.003*"phone"
[ 2025-07-30 00:35:31,312 ] 1197 gensim.models.ldamodel - INFO - topic #4 (0.067): 0.010*"said" + 0.007*"film" + 0.007*"tv" + 0.006*"year" + 0.005*"people" + 0.005*"first" + 0.004*"time" + 0.004*"one" + 0.004*"number" + 0.004*"world"
[ 2025-07-30 00:35:31,318 ] 1075 gensim.models.ldamodel - INFO - topic diff=0.356152, rho=0.353553
[ 2025-07-30 00:35:31,318 ] 1002 gensim.models.ldamodel - INFO - PROGRESS: pass 7, at document #1780/1780
[ 2025-07-30 00:35:33,511 ] 1197 gensim.models.ldamodel - INFO - topic #14 (0.067): 0.016*"film" + 0.012*"best" + 0.011*"award" + 0.010*"year" + 0.010*"said" + 0.008*"u" + 0.005*"show" + 0.005*"also" + 0.004*"dollar" + 0.004*"oscar"
[ 2025-07-30 00:35:33,513 ] 1197 gensim.models.ldamodel - INFO - topic #4 (0.067): 0.010*"said" + 0.007*"film" + 0.007*"tv" + 0.006*"year" + 0.005*"people" + 0.005*"first" + 0.004*"time" + 0.004*"one" + 0.004*"number" + 0.004*"world"
[ 2025-07-30 00:35:33,513 ] 1197 gensim.models.ldamodel - INFO - topic #0 (0.067): 0.010*"mr" + 0.009*"said" + 0.007*"game" + 0.006*"roddick" + 0.005*"also" + 0.005*"one" + 0.005*"set" + 0.005*"could" + 0.004*"world" + 0.004*"year"
[ 2025-07-30 00:35:33,513 ] 1197 gensim.models.ldamodel - INFO - topic #7 (0.067): 0.014*"said" + 0.007*"card" + 0.007*"china" + 0.006*"patent" + 0.005*"software" + 0.004*"id" + 0.004*"year" + 0.004*"open" + 0.004*"would" + 0.004*"company"
[ 2025-07-30 00:35:33,513 ] 1197 gensim.models.ldamodel - INFO - topic #6 (0.067): 0.010*"said" + 0.008*"music" + 0.007*"technology" + 0.006*"year" + 0.005*"people" + 0.005*"digital" + 0.005*"player" + 0.005*"one" + 0.005*"u" + 0.005*"also"
[ 2025-07-30 00:35:33,513 ] 1075 gensim.models.ldamodel - INFO - topic diff=0.272994, rho=0.333333
[ 2025-07-30 00:35:33,513 ] 1002 gensim.models.ldamodel - INFO - PROGRESS: pass 8, at document #1780/1780
[ 2025-07-30 00:35:34,503 ] 1197 gensim.models.ldamodel - INFO - topic #10 (0.067): 0.018*"said" + 0.009*"mr" + 0.008*"bn" + 0.008*"company" + 0.007*"year" + 0.007*"u" + 0.007*"firm" + 0.006*"sale" + 0.005*"new" + 0.005*"would"
[ 2025-07-30 00:35:34,503 ] 1197 gensim.models.ldamodel - INFO - topic #8 (0.067): 0.014*"game" + 0.014*"said" + 0.006*"player" + 0.005*"england" + 0.005*"one" + 0.005*"would" + 0.005*"time" + 0.005*"year" + 0.005*"play" + 0.004*"win"
[ 2025-07-30 00:35:34,503 ] 1197 gensim.models.ldamodel - INFO - topic #13 (0.067): 0.007*"price" + 0.005*"market" + 0.005*"oil" + 0.005*"year" + 0.004*"u" + 0.004*"said" + 0.004*"one" + 0.004*"time" + 0.004*"week" + 0.003*"crude"
[ 2025-07-30 00:35:34,503 ] 1197 gensim.models.ldamodel - INFO - topic #12 (0.067): 0.012*"said" + 0.006*"new" + 0.006*"conte" + 0.006*"dvd" + 0.005*"u" + 0.004*"growth" + 0.004*"rate" + 0.004*"year" + 0.004*"jones" + 0.004*"phone"
[ 2025-07-30 00:35:34,509 ] 1197 gensim.models.ldamodel - INFO - topic #1 (0.067): 0.010*"music" + 0.009*"said" + 0.008*"band" + 0.007*"song" + 0.006*"year" + 0.006*"album" + 0.005*"one" + 0.005*"new" + 0.004*"first" + 0.004*"number"
[ 2025-07-30 00:35:34,509 ] 1075 gensim.models.ldamodel - INFO - topic diff=0.212910, rho=0.316228
[ 2025-07-30 00:35:34,509 ] 1002 gensim.models.ldamodel - INFO - PROGRESS: pass 9, at document #1780/1780
[ 2025-07-30 00:35:35,463 ] 1197 gensim.models.ldamodel - INFO - topic #1 (0.067): 0.011*"music" + 0.009*"said" + 0.009*"band" + 0.007*"song" + 0.006*"year" + 0.006*"album" + 0.005*"one" + 0.005*"new" + 0.004*"number" + 0.004*"u"
[ 2025-07-30 00:35:35,463 ] 1197 gensim.models.ldamodel - INFO - topic #2 (0.067): 0.020*"said" + 0.009*"people" + 0.007*"would" + 0.005*"mr" + 0.005*"government" + 0.005*"site" + 0.004*"law" + 0.004*"could" + 0.004*"user" + 0.004*"also"
[ 2025-07-30 00:35:35,463 ] 1197 gensim.models.ldamodel - INFO - topic #3 (0.067): 0.020*"said" + 0.009*"year" + 0.008*"bank" + 0.007*"mr" + 0.007*"rate" + 0.007*"growth" + 0.006*"economy" + 0.006*"market" + 0.005*"u" + 0.005*"month"
[ 2025-07-30 00:35:35,463 ] 1197 gensim.models.ldamodel - INFO - topic #11 (0.067): 0.008*"world" + 0.007*"said" + 0.007*"year" + 0.005*"injury" + 0.005*"win" + 0.005*"last" + 0.005*"second" + 0.005*"race" + 0.005*"champion" + 0.005*"final"
[ 2025-07-30 00:35:35,463 ] 1197 gensim.models.ldamodel - INFO - topic #8 (0.067): 0.014*"game" + 0.014*"said" + 0.006*"player" + 0.005*"england" + 0.005*"one" + 0.005*"would" + 0.005*"time" + 0.005*"play" + 0.005*"year" + 0.004*"win"
[ 2025-07-30 00:35:35,466 ] 1075 gensim.models.ldamodel - INFO - topic diff=0.168996, rho=0.301511
[ 2025-07-30 00:35:35,467 ] 448 gensim.utils - INFO - LdaModel lifecycle event {'msg': 'trained LdaModel<num_terms=24871, num_topics=15, decay=0.5, chunksize=2000> in 12.96s', 'datetime': '2025-07-30T00:35:35.467730', 'gensim': '4.3.2', 'python': '3.10.0 | packaged by conda-forge | (default, Nov 10 2021, 13:20:59) [MSC v.1916 64 bit (AMD64)]', 'platform': 'Windows-10-10.0.26100-SP0', 'event': 'created'}
[ 2025-07-30 00:35:35,473 ] 155 gensim.topic_coherence.probability_estimation - INFO - using ParallelWordOccurrenceAccumulator<processes=7, batch_size=64> to estimate probabilities from sliding windows
[ 2025-07-30 00:35:48,357 ] 497 gensim.topic_coherence.text_analysis - INFO - 1 batches submitted to accumulate stats from 64 documents (8031 virtual)
[ 2025-07-30 00:35:48,365 ] 497 gensim.topic_coherence.text_analysis - INFO - 2 batches submitted to accumulate stats from 128 documents (15601 virtual)
[ 2025-07-30 00:35:48,370 ] 497 gensim.topic_coherence.text_analysis - INFO - 3 batches submitted to accumulate stats from 192 documents (22476 virtual)
[ 2025-07-30 00:35:48,379 ] 497 gensim.topic_coherence.text_analysis - INFO - 4 batches submitted to accumulate stats from 256 documents (29853 virtual)
[ 2025-07-30 00:35:48,387 ] 497 gensim.topic_coherence.text_analysis - INFO - 5 batches submitted to accumulate stats from 320 documents (36916 virtual)
[ 2025-07-30 00:35:48,393 ] 497 gensim.topic_coherence.text_analysis - INFO - 6 batches submitted to accumulate stats from 384 documents (44157 virtual)
[ 2025-07-30 00:35:48,420 ] 497 gensim.topic_coherence.text_analysis - INFO - 7 batches submitted to accumulate stats from 448 documents (50788 virtual)
[ 2025-07-30 00:35:48,437 ] 497 gensim.topic_coherence.text_analysis - INFO - 8 batches submitted to accumulate stats from 512 documents (56863 virtual)
[ 2025-07-30 00:35:48,485 ] 497 gensim.topic_coherence.text_analysis - INFO - 9 batches submitted to accumulate stats from 576 documents (63870 virtual)
[ 2025-07-30 00:35:48,494 ] 497 gensim.topic_coherence.text_analysis - INFO - 10 batches submitted to accumulate stats from 640 documents (71861 virtual)
[ 2025-07-30 00:35:48,503 ] 497 gensim.topic_coherence.text_analysis - INFO - 11 batches submitted to accumulate stats from 704 documents (79951 virtual)
[ 2025-07-30 00:35:48,513 ] 497 gensim.topic_coherence.text_analysis - INFO - 12 batches submitted to accumulate stats from 768 documents (85747 virtual)
[ 2025-07-30 00:35:48,518 ] 497 gensim.topic_coherence.text_analysis - INFO - 13 batches submitted to accumulate stats from 832 documents (91689 virtual)
[ 2025-07-30 00:35:48,554 ] 497 gensim.topic_coherence.text_analysis - INFO - 14 batches submitted to accumulate stats from 896 documents (98038 virtual)
[ 2025-07-30 00:35:48,993 ] 497 gensim.topic_coherence.text_analysis - INFO - 15 batches submitted to accumulate stats from 960 documents (104137 virtual)
[ 2025-07-30 00:35:49,015 ] 497 gensim.topic_coherence.text_analysis - INFO - 16 batches submitted to accumulate stats from 1024 documents (111547 virtual)
[ 2025-07-30 00:35:49,020 ] 497 gensim.topic_coherence.text_analysis - INFO - 17 batches submitted to accumulate stats from 1088 documents (118398 virtual)
[ 2025-07-30 00:35:49,076 ] 497 gensim.topic_coherence.text_analysis - INFO - 18 batches submitted to accumulate stats from 1152 documents (125711 virtual)
[ 2025-07-30 00:35:49,095 ] 497 gensim.topic_coherence.text_analysis - INFO - 19 batches submitted to accumulate stats from 1216 documents (132016 virtual)
[ 2025-07-30 00:35:49,103 ] 497 gensim.topic_coherence.text_analysis - INFO - 20 batches submitted to accumulate stats from 1280 documents (140511 virtual)
[ 2025-07-30 00:35:49,119 ] 497 gensim.topic_coherence.text_analysis - INFO - 21 batches submitted to accumulate stats from 1344 documents (146076 virtual)
[ 2025-07-30 00:35:49,508 ] 497 gensim.topic_coherence.text_analysis - INFO - 22 batches submitted to accumulate stats from 1408 documents (152550 virtual)
[ 2025-07-30 00:35:49,585 ] 497 gensim.topic_coherence.text_analysis - INFO - 23 batches submitted to accumulate stats from 1472 documents (159713 virtual)
[ 2025-07-30 00:35:49,616 ] 497 gensim.topic_coherence.text_analysis - INFO - 24 batches submitted to accumulate stats from 1536 documents (166911 virtual)
[ 2025-07-30 00:35:49,663 ] 497 gensim.topic_coherence.text_analysis - INFO - 25 batches submitted to accumulate stats from 1600 documents (173326 virtual)
[ 2025-07-30 00:35:49,678 ] 497 gensim.topic_coherence.text_analysis - INFO - 26 batches submitted to accumulate stats from 1664 documents (178452 virtual)
[ 2025-07-30 00:35:49,707 ] 497 gensim.topic_coherence.text_analysis - INFO - 27 batches submitted to accumulate stats from 1728 documents (185101 virtual)
[ 2025-07-30 00:35:49,716 ] 497 gensim.topic_coherence.text_analysis - INFO - 28 batches submitted to accumulate stats from 1792 documents (189279 virtual)
[ 2025-07-30 00:35:50,927 ] 523 gensim.topic_coherence.text_analysis - INFO - 7 accumulators retrieved from output queue
[ 2025-07-30 00:35:50,955 ] 545 gensim.topic_coherence.text_analysis - INFO - accumulated word occurrence stats for 192679 virtual documents
[ 2025-07-30 00:35:51,753 ] 577 gensim.models.ldamodel - INFO - using symmetric alpha at 0.05
[ 2025-07-30 00:35:51,753 ] 577 gensim.models.ldamodel - INFO - using symmetric eta at 0.05
[ 2025-07-30 00:35:51,761 ] 482 gensim.models.ldamodel - INFO - using serial LDA version on this node
[ 2025-07-30 00:35:51,813 ] 948 gensim.models.ldamodel - INFO - running online (multi-pass) LDA training, 20 topics, 10 passes over the supplied corpus of 1780 documents, updating model once every 1780 documents, evaluating perplexity every 0 documents, iterating 50x with a convergence threshold of 0.001000
[ 2025-07-30 00:35:51,813 ] 1002 gensim.models.ldamodel - INFO - PROGRESS: pass 0, at document #1780/1780
[ 2025-07-30 00:35:53,885 ] 1197 gensim.models.ldamodel - INFO - topic #18 (0.050): 0.012*"said" + 0.010*"mr" + 0.008*"year" + 0.006*"also" + 0.005*"u" + 0.004*"new" + 0.004*"one" + 0.003*"world" + 0.003*"people" + 0.003*"music"
[ 2025-07-30 00:35:53,885 ] 1197 gensim.models.ldamodel - INFO - topic #16 (0.050): 0.010*"said" + 0.006*"mr" + 0.006*"year" + 0.005*"u" + 0.004*"would" + 0.004*"last" + 0.004*"also" + 0.004*"new" + 0.004*"game" + 0.003*"time"
[ 2025-07-30 00:35:53,885 ] 1197 gensim.models.ldamodel - INFO - topic #12 (0.050): 0.012*"said" + 0.005*"u" + 0.005*"new" + 0.004*"would" + 0.004*"year" + 0.004*"also" + 0.003*"one" + 0.003*"people" + 0.003*"game" + 0.003*"say"
[ 2025-07-30 00:35:53,885 ] 1197 gensim.models.ldamodel - INFO - topic #1 (0.050): 0.015*"said" + 0.005*"would" + 0.005*"new" + 0.005*"year" + 0.005*"people" + 0.005*"one" + 0.004*"mr" + 0.003*"number" + 0.003*"first" + 0.003*"time"
[ 2025-07-30 00:35:53,885 ] 1197 gensim.models.ldamodel - INFO - topic #0 (0.050): 0.010*"mr" + 0.009*"said" + 0.007*"could" + 0.007*"game" + 0.007*"year" + 0.006*"would" + 0.005*"also" + 0.004*"one" + 0.003*"new" + 0.003*"world"
[ 2025-07-30 00:35:53,892 ] 1075 gensim.models.ldamodel - INFO - topic diff=9.240821, rho=1.000000
[ 2025-07-30 00:35:53,893 ] 1002 gensim.models.ldamodel - INFO - PROGRESS: pass 1, at document #1780/1780
[ 2025-07-30 00:35:55,553 ] 1197 gensim.models.ldamodel - INFO - topic #4 (0.050): 0.012*"said" + 0.006*"film" + 0.006*"year" + 0.005*"tv" + 0.005*"world" + 0.004*"first" + 0.004*"mr" + 0.003*"people" + 0.003*"time" + 0.003*"new"
[ 2025-07-30 00:35:55,553 ] 1197 gensim.models.ldamodel - INFO - topic #18 (0.050): 0.011*"said" + 0.011*"mr" + 0.008*"year" + 0.006*"also" + 0.006*"u" + 0.004*"new" + 0.004*"music" + 0.004*"one" + 0.003*"world" + 0.003*"film"
[ 2025-07-30 00:35:55,553 ] 1197 gensim.models.ldamodel - INFO - topic #2 (0.050): 0.020*"said" + 0.007*"people" + 0.007*"would" + 0.006*"government" + 0.005*"mr" + 0.005*"year" + 0.004*"also" + 0.004*"could" + 0.003*"last" + 0.003*"firm"
[ 2025-07-30 00:35:55,553 ] 1197 gensim.models.ldamodel - INFO - topic #7 (0.050): 0.014*"said" + 0.006*"would" + 0.005*"also" + 0.004*"card" + 0.004*"year" + 0.004*"last" + 0.004*"one" + 0.003*"new" + 0.003*"china" + 0.003*"u"
[ 2025-07-30 00:35:55,553 ] 1197 gensim.models.ldamodel - INFO - topic #6 (0.050): 0.011*"said" + 0.005*"year" + 0.005*"one" + 0.005*"would" + 0.005*"u" + 0.004*"number" + 0.004*"people" + 0.004*"sale" + 0.004*"world" + 0.004*"mr"
[ 2025-07-30 00:35:55,563 ] 1075 gensim.models.ldamodel - INFO - topic diff=1.860747, rho=0.577350
[ 2025-07-30 00:35:55,563 ] 1002 gensim.models.ldamodel - INFO - PROGRESS: pass 2, at document #1780/1780
[ 2025-07-30 00:35:56,975 ] 1197 gensim.models.ldamodel - INFO - topic #5 (0.050): 0.016*"said" + 0.012*"mr" + 0.009*"would" + 0.008*"people" + 0.007*"party" + 0.006*"year" + 0.005*"also" + 0.005*"election" + 0.005*"service" + 0.005*"new"
[ 2025-07-30 00:35:56,975 ] 1197 gensim.models.ldamodel - INFO - topic #3 (0.050): 0.021*"said" + 0.009*"mr" + 0.007*"people" + 0.005*"year" + 0.004*"phone" + 0.004*"bank" + 0.004*"would" + 0.004*"also" + 0.004*"u" + 0.004*"mobile"
[ 2025-07-30 00:35:56,975 ] 1197 gensim.models.ldamodel - INFO - topic #1 (0.050): 0.014*"said" + 0.005*"new" + 0.005*"year" + 0.005*"one" + 0.005*"would" + 0.004*"people" + 0.004*"music" + 0.004*"first" + 0.003*"country" + 0.003*"number"
[ 2025-07-30 00:35:56,975 ] 1197 gensim.models.ldamodel - INFO - topic #11 (0.050): 0.009*"said" + 0.007*"year" + 0.006*"world" + 0.004*"best" + 0.004*"race" + 0.004*"also" + 0.004*"time" + 0.004*"england" + 0.004*"last" + 0.004*"first"
[ 2025-07-30 00:35:56,978 ] 1197 gensim.models.ldamodel - INFO - topic #10 (0.050): 0.016*"said" + 0.008*"mr" + 0.007*"year" + 0.007*"new" + 0.006*"would" + 0.005*"also" + 0.004*"u" + 0.004*"brown" + 0.004*"government" + 0.003*"say"
[ 2025-07-30 00:35:56,980 ] 1075 gensim.models.ldamodel - INFO - topic diff=1.440590, rho=0.500000
[ 2025-07-30 00:35:56,980 ] 1002 gensim.models.ldamodel - INFO - PROGRESS: pass 3, at document #1780/1780
[ 2025-07-30 00:35:58,398 ] 1197 gensim.models.ldamodel - INFO - topic #1 (0.050): 0.014*"said" + 0.005*"new" + 0.005*"year" + 0.005*"music" + 0.005*"one" + 0.004*"would" + 0.004*"people" + 0.003*"first" + 0.003*"country" + 0.003*"number"
[ 2025-07-30 00:35:58,400 ] 1197 gensim.models.ldamodel - INFO - topic #14 (0.050): 0.013*"said" + 0.010*"year" + 0.010*"best" + 0.009*"film" + 0.009*"u" + 0.008*"award" + 0.005*"dollar" + 0.004*"show" + 0.004*"uk" + 0.004*"rate"
[ 2025-07-30 00:35:58,400 ] 1197 gensim.models.ldamodel - INFO - topic #18 (0.050): 0.011*"mr" + 0.011*"said" + 0.008*"year" + 0.006*"u" + 0.006*"also" + 0.005*"music" + 0.005*"new" + 0.004*"film" + 0.003*"one" + 0.003*"sale"
[ 2025-07-30 00:35:58,400 ] 1197 gensim.models.ldamodel - INFO - topic #12 (0.050): 0.012*"said" + 0.004*"u" + 0.004*"new" + 0.003*"also" + 0.003*"mr" + 0.003*"would" + 0.003*"map" + 0.003*"one" + 0.003*"price" + 0.003*"group"
[ 2025-07-30 00:35:58,400 ] 1197 gensim.models.ldamodel - INFO - topic #2 (0.050): 0.021*"said" + 0.008*"people" + 0.007*"would" + 0.006*"government" + 0.005*"mr" + 0.004*"could" + 0.004*"also" + 0.004*"user" + 0.004*"year" + 0.004*"firm"
[ 2025-07-30 00:35:58,405 ] 1075 gensim.models.ldamodel - INFO - topic diff=1.088913, rho=0.447214
[ 2025-07-30 00:35:58,405 ] 1002 gensim.models.ldamodel - INFO - PROGRESS: pass 4, at document #1780/1780
[ 2025-07-30 00:35:59,785 ] 1197 gensim.models.ldamodel - INFO - topic #7 (0.050): 0.017*"said" + 0.008*"card" + 0.008*"would" + 0.006*"id" + 0.005*"also" + 0.005*"could" + 0.004*"bill" + 0.004*"last" + 0.004*"plan" + 0.004*"new"
[ 2025-07-30 00:35:59,785 ] 1197 gensim.models.ldamodel - INFO - topic #10 (0.050): 0.016*"said" + 0.008*"mr" + 0.007*"year" + 0.007*"new" + 0.006*"would" + 0.005*"brown" + 0.005*"also" + 0.004*"government" + 0.004*"company" + 0.004*"u"
[ 2025-07-30 00:35:59,785 ] 1197 gensim.models.ldamodel - INFO - topic #14 (0.050): 0.013*"said" + 0.011*"year" + 0.011*"best" + 0.010*"film" + 0.009*"u" + 0.009*"award" + 0.005*"dollar" + 0.005*"rate" + 0.004*"show" + 0.004*"uk"
[ 2025-07-30 00:35:59,790 ] 1197 gensim.models.ldamodel - INFO - topic #15 (0.050): 0.011*"said" + 0.006*"new" + 0.005*"year" + 0.005*"show" + 0.005*"would" + 0.005*"one" + 0.004*"could" + 0.004*"music" + 0.003*"last" + 0.003*"make"
[ 2025-07-30 00:35:59,790 ] 1197 gensim.models.ldamodel - INFO - topic #0 (0.050): 0.012*"game" + 0.011*"mr" + 0.010*"said" + 0.007*"roddick" + 0.005*"year" + 0.005*"also" + 0.005*"could" + 0.005*"would" + 0.004*"set" + 0.004*"nadal"
[ 2025-07-30 00:35:59,793 ] 1075 gensim.models.ldamodel - INFO - topic diff=0.819173, rho=0.408248
[ 2025-07-30 00:35:59,793 ] 1002 gensim.models.ldamodel - INFO - PROGRESS: pass 5, at document #1780/1780
[ 2025-07-30 00:36:01,158 ] 1197 gensim.models.ldamodel - INFO - topic #2 (0.050): 0.021*"said" + 0.009*"people" + 0.006*"would" + 0.006*"government" + 0.005*"mr" + 0.005*"user" + 0.005*"could" + 0.004*"system" + 0.004*"also" + 0.004*"firm"
[ 2025-07-30 00:36:01,158 ] 1197 gensim.models.ldamodel - INFO - topic #10 (0.050): 0.016*"said" + 0.008*"mr" + 0.007*"year" + 0.007*"new" + 0.006*"would" + 0.005*"brown" + 0.005*"also" + 0.004*"government" + 0.004*"company" + 0.004*"bn"
[ 2025-07-30 00:36:01,158 ] 1197 gensim.models.ldamodel - INFO - topic #3 (0.050): 0.021*"said" + 0.009*"mr" + 0.008*"people" + 0.006*"phone" + 0.005*"mobile" + 0.005*"bank" + 0.004*"year" + 0.004*"firm" + 0.004*"would" + 0.004*"uk"
[ 2025-07-30 00:36:01,159 ] 1197 gensim.models.ldamodel - INFO - topic #14 (0.050): 0.013*"said" + 0.011*"year" + 0.011*"best" + 0.011*"film" + 0.009*"u" + 0.009*"award" + 0.005*"dollar" + 0.005*"rate" + 0.005*"economy" + 0.005*"growth"
[ 2025-07-30 00:36:01,159 ] 1197 gensim.models.ldamodel - INFO - topic #16 (0.050): 0.010*"said" + 0.010*"u" + 0.007*"year" + 0.007*"yukos" + 0.006*"bn" + 0.006*"oil" + 0.005*"last" + 0.005*"russian" + 0.005*"company" + 0.004*"growth"
[ 2025-07-30 00:36:01,162 ] 1075 gensim.models.ldamodel - INFO - topic diff=0.616716, rho=0.377964
[ 2025-07-30 00:36:01,163 ] 1002 gensim.models.ldamodel - INFO - PROGRESS: pass 6, at document #1780/1780
[ 2025-07-30 00:36:02,363 ] 1197 gensim.models.ldamodel - INFO - topic #14 (0.050): 0.014*"said" + 0.012*"year" + 0.011*"film" + 0.011*"best" + 0.009*"u" + 0.009*"award" + 0.005*"rate" + 0.005*"dollar" + 0.005*"growth" + 0.005*"economy"
[ 2025-07-30 00:36:02,363 ] 1197 gensim.models.ldamodel - INFO - topic #15 (0.050): 0.011*"said" + 0.006*"new" + 0.005*"show" + 0.005*"year" + 0.005*"one" + 0.005*"would" + 0.004*"could" + 0.004*"music" + 0.003*"make" + 0.003*"last"
[ 2025-07-30 00:36:02,363 ] 1197 gensim.models.ldamodel - INFO - topic #17 (0.050): 0.021*"mr" + 0.014*"said" + 0.006*"blunkett" + 0.006*"eu" + 0.004*"could" + 0.004*"home" + 0.004*"told" + 0.004*"new" + 0.004*"minute" + 0.003*"secretary"
[ 2025-07-30 00:36:02,363 ] 1197 gensim.models.ldamodel - INFO - topic #5 (0.050): 0.018*"said" + 0.016*"mr" + 0.010*"would" + 0.009*"labour" + 0.009*"party" + 0.008*"election" + 0.008*"people" + 0.007*"government" + 0.006*"tory" + 0.005*"also"
[ 2025-07-30 00:36:02,363 ] 1197 gensim.models.ldamodel - INFO - topic #12 (0.050): 0.012*"said" + 0.005*"u" + 0.004*"mr" + 0.004*"group" + 0.004*"map" + 0.003*"also" + 0.003*"price" + 0.003*"gold" + 0.003*"one" + 0.003*"network"
[ 2025-07-30 00:36:02,366 ] 1075 gensim.models.ldamodel - INFO - topic diff=0.467870, rho=0.353553
[ 2025-07-30 00:36:02,368 ] 1002 gensim.models.ldamodel - INFO - PROGRESS: pass 7, at document #1780/1780
[ 2025-07-30 00:36:03,381 ] 1197 gensim.models.ldamodel - INFO - topic #5 (0.050): 0.018*"said" + 0.017*"mr" + 0.011*"would" + 0.009*"labour" + 0.009*"party" + 0.009*"election" + 0.008*"people" + 0.007*"government" + 0.006*"tory" + 0.005*"say"
[ 2025-07-30 00:36:03,381 ] 1197 gensim.models.ldamodel - INFO - topic #14 (0.050): 0.014*"said" + 0.012*"year" + 0.011*"film" + 0.011*"best" + 0.010*"u" + 0.009*"award" + 0.005*"rate" + 0.005*"growth" + 0.005*"economy" + 0.005*"dollar"
[ 2025-07-30 00:36:03,381 ] 1197 gensim.models.ldamodel - INFO - topic #15 (0.050): 0.010*"said" + 0.006*"new" + 0.006*"show" + 0.005*"year" + 0.005*"one" + 0.005*"would" + 0.004*"could" + 0.004*"music" + 0.003*"make" + 0.003*"last"
[ 2025-07-30 00:36:03,381 ] 1197 gensim.models.ldamodel - INFO - topic #0 (0.050): 0.013*"game" + 0.009*"mr" + 0.009*"said" + 0.008*"roddick" + 0.005*"also" + 0.005*"year" + 0.005*"nadal" + 0.004*"could" + 0.004*"set" + 0.004*"would"
[ 2025-07-30 00:36:03,381 ] 1197 gensim.models.ldamodel - INFO - topic #6 (0.050): 0.012*"said" + 0.007*"sale" + 0.006*"one" + 0.006*"music" + 0.005*"year" + 0.005*"people" + 0.005*"computer" + 0.005*"u" + 0.005*"pc" + 0.005*"number"
[ 2025-07-30 00:36:03,385 ] 1075 gensim.models.ldamodel - INFO - topic diff=0.358748, rho=0.333333
[ 2025-07-30 00:36:03,385 ] 1002 gensim.models.ldamodel - INFO - PROGRESS: pass 8, at document #1780/1780
[ 2025-07-30 00:36:04,333 ] 1197 gensim.models.ldamodel - INFO - topic #11 (0.050): 0.009*"world" + 0.007*"said" + 0.007*"year" + 0.006*"race" + 0.006*"olympic" + 0.005*"win" + 0.005*"second" + 0.005*"champion" + 0.005*"time" + 0.005*"indoor"
[ 2025-07-30 00:36:04,333 ] 1197 gensim.models.ldamodel - INFO - topic #0 (0.050): 0.013*"game" + 0.009*"said" + 0.009*"mr" + 0.008*"roddick" + 0.005*"also" + 0.005*"nadal" + 0.005*"year" + 0.004*"could" + 0.004*"set" + 0.004*"would"
[ 2025-07-30 00:36:04,338 ] 1197 gensim.models.ldamodel - INFO - topic #16 (0.050): 0.011*"said" + 0.010*"u" + 0.008*"yukos" + 0.008*"oil" + 0.007*"year" + 0.007*"bn" + 0.006*"company" + 0.005*"last" + 0.005*"russian" + 0.005*"firm"
[ 2025-07-30 00:36:04,338 ] 1197 gensim.models.ldamodel - INFO - topic #8 (0.050): 0.014*"said" + 0.014*"game" + 0.006*"player" + 0.006*"would" + 0.005*"england" + 0.005*"win" + 0.005*"time" + 0.005*"year" + 0.004*"play" + 0.004*"first"
[ 2025-07-30 00:36:04,338 ] 1197 gensim.models.ldamodel - INFO - topic #12 (0.050): 0.012*"said" + 0.005*"u" + 0.004*"group" + 0.004*"mr" + 0.004*"map" + 0.004*"minority" + 0.004*"price" + 0.003*"gold" + 0.003*"network" + 0.003*"one"
[ 2025-07-30 00:36:04,338 ] 1075 gensim.models.ldamodel - INFO - topic diff=0.278603, rho=0.316228
[ 2025-07-30 00:36:04,338 ] 1002 gensim.models.ldamodel - INFO - PROGRESS: pass 9, at document #1780/1780
[ 2025-07-30 00:36:05,303 ] 1197 gensim.models.ldamodel - INFO - topic #2 (0.050): 0.021*"said" + 0.009*"people" + 0.006*"would" + 0.005*"user" + 0.005*"government" + 0.005*"could" + 0.005*"mr" + 0.005*"system" + 0.005*"service" + 0.004*"net"
[ 2025-07-30 00:36:05,303 ] 1197 gensim.models.ldamodel - INFO - topic #4 (0.050): 0.010*"film" + 0.009*"tv" + 0.009*"said" + 0.006*"world" + 0.006*"year" + 0.004*"first" + 0.004*"woman" + 0.004*"new" + 0.004*"people" + 0.004*"time"
[ 2025-07-30 00:36:05,303 ] 1197 gensim.models.ldamodel - INFO - topic #13 (0.050): 0.009*"gadget" + 0.007*"market" + 0.006*"price" + 0.006*"mobile" + 0.006*"top" + 0.005*"phone" + 0.005*"oil" + 0.005*"time" + 0.005*"also" + 0.005*"list"
[ 2025-07-30 00:36:05,303 ] 1197 gensim.models.ldamodel - INFO - topic #15 (0.050): 0.010*"said" + 0.006*"new" + 0.006*"show" + 0.005*"one" + 0.005*"year" + 0.005*"would" + 0.004*"could" + 0.004*"make" + 0.003*"last" + 0.003*"music"
[ 2025-07-30 00:36:05,304 ] 1197 gensim.models.ldamodel - INFO - topic #0 (0.050): 0.013*"game" + 0.009*"said" + 0.009*"mr" + 0.009*"roddick" + 0.005*"nadal" + 0.005*"also" + 0.005*"year" + 0.004*"set" + 0.004*"could" + 0.004*"film"
[ 2025-07-30 00:36:05,306 ] 1075 gensim.models.ldamodel - INFO - topic diff=0.219888, rho=0.301511
[ 2025-07-30 00:36:05,307 ] 448 gensim.utils - INFO - LdaModel lifecycle event {'msg': 'trained LdaModel<num_terms=24871, num_topics=20, decay=0.5, chunksize=2000> in 13.49s', 'datetime': '2025-07-30T00:36:05.307954', 'gensim': '4.3.2', 'python': '3.10.0 | packaged by conda-forge | (default, Nov 10 2021, 13:20:59) [MSC v.1916 64 bit (AMD64)]', 'platform': 'Windows-10-10.0.26100-SP0', 'event': 'created'}
[ 2025-07-30 00:36:05,315 ] 155 gensim.topic_coherence.probability_estimation - INFO - using ParallelWordOccurrenceAccumulator<processes=7, batch_size=64> to estimate probabilities from sliding windows
[ 2025-07-30 00:36:18,283 ] 497 gensim.topic_coherence.text_analysis - INFO - 1 batches submitted to accumulate stats from 64 documents (8031 virtual)
[ 2025-07-30 00:36:18,287 ] 497 gensim.topic_coherence.text_analysis - INFO - 2 batches submitted to accumulate stats from 128 documents (15601 virtual)
[ 2025-07-30 00:36:18,292 ] 497 gensim.topic_coherence.text_analysis - INFO - 3 batches submitted to accumulate stats from 192 documents (22476 virtual)
[ 2025-07-30 00:36:18,299 ] 497 gensim.topic_coherence.text_analysis - INFO - 4 batches submitted to accumulate stats from 256 documents (29853 virtual)
[ 2025-07-30 00:36:18,304 ] 497 gensim.topic_coherence.text_analysis - INFO - 5 batches submitted to accumulate stats from 320 documents (36916 virtual)
[ 2025-07-30 00:36:18,312 ] 497 gensim.topic_coherence.text_analysis - INFO - 6 batches submitted to accumulate stats from 384 documents (44157 virtual)
[ 2025-07-30 00:36:18,317 ] 497 gensim.topic_coherence.text_analysis - INFO - 7 batches submitted to accumulate stats from 448 documents (50788 virtual)
[ 2025-07-30 00:36:18,321 ] 497 gensim.topic_coherence.text_analysis - INFO - 8 batches submitted to accumulate stats from 512 documents (56863 virtual)
[ 2025-07-30 00:36:18,330 ] 497 gensim.topic_coherence.text_analysis - INFO - 9 batches submitted to accumulate stats from 576 documents (63870 virtual)
[ 2025-07-30 00:36:18,339 ] 497 gensim.topic_coherence.text_analysis - INFO - 10 batches submitted to accumulate stats from 640 documents (71861 virtual)
[ 2025-07-30 00:36:18,379 ] 497 gensim.topic_coherence.text_analysis - INFO - 11 batches submitted to accumulate stats from 704 documents (79951 virtual)
[ 2025-07-30 00:36:18,385 ] 497 gensim.topic_coherence.text_analysis - INFO - 12 batches submitted to accumulate stats from 768 documents (85747 virtual)
[ 2025-07-30 00:36:18,389 ] 497 gensim.topic_coherence.text_analysis - INFO - 13 batches submitted to accumulate stats from 832 documents (91689 virtual)
[ 2025-07-30 00:36:18,395 ] 497 gensim.topic_coherence.text_analysis - INFO - 14 batches submitted to accumulate stats from 896 documents (98038 virtual)
[ 2025-07-30 00:36:18,854 ] 497 gensim.topic_coherence.text_analysis - INFO - 15 batches submitted to accumulate stats from 960 documents (104137 virtual)
[ 2025-07-30 00:36:18,866 ] 497 gensim.topic_coherence.text_analysis - INFO - 16 batches submitted to accumulate stats from 1024 documents (111547 virtual)
[ 2025-07-30 00:36:18,897 ] 497 gensim.topic_coherence.text_analysis - INFO - 17 batches submitted to accumulate stats from 1088 documents (118398 virtual)
[ 2025-07-30 00:36:18,954 ] 497 gensim.topic_coherence.text_analysis - INFO - 18 batches submitted to accumulate stats from 1152 documents (125711 virtual)
[ 2025-07-30 00:36:18,962 ] 497 gensim.topic_coherence.text_analysis - INFO - 19 batches submitted to accumulate stats from 1216 documents (132016 virtual)
[ 2025-07-30 00:36:18,970 ] 497 gensim.topic_coherence.text_analysis - INFO - 20 batches submitted to accumulate stats from 1280 documents (140511 virtual)
[ 2025-07-30 00:36:18,991 ] 497 gensim.topic_coherence.text_analysis - INFO - 21 batches submitted to accumulate stats from 1344 documents (146076 virtual)
[ 2025-07-30 00:36:19,348 ] 497 gensim.topic_coherence.text_analysis - INFO - 22 batches submitted to accumulate stats from 1408 documents (152550 virtual)
[ 2025-07-30 00:36:19,402 ] 497 gensim.topic_coherence.text_analysis - INFO - 23 batches submitted to accumulate stats from 1472 documents (159713 virtual)
[ 2025-07-30 00:36:19,515 ] 497 gensim.topic_coherence.text_analysis - INFO - 24 batches submitted to accumulate stats from 1536 documents (166911 virtual)
[ 2025-07-30 00:36:19,521 ] 497 gensim.topic_coherence.text_analysis - INFO - 25 batches submitted to accumulate stats from 1600 documents (173326 virtual)
[ 2025-07-30 00:36:19,554 ] 497 gensim.topic_coherence.text_analysis - INFO - 26 batches submitted to accumulate stats from 1664 documents (178452 virtual)
[ 2025-07-30 00:36:19,580 ] 497 gensim.topic_coherence.text_analysis - INFO - 27 batches submitted to accumulate stats from 1728 documents (185101 virtual)
[ 2025-07-30 00:36:19,621 ] 497 gensim.topic_coherence.text_analysis - INFO - 28 batches submitted to accumulate stats from 1792 documents (189279 virtual)
[ 2025-07-30 00:36:20,876 ] 523 gensim.topic_coherence.text_analysis - INFO - 7 accumulators retrieved from output queue
[ 2025-07-30 00:36:20,919 ] 545 gensim.topic_coherence.text_analysis - INFO - accumulated word occurrence stats for 192679 virtual documents
[ 2025-07-30 00:36:21,653 ] 435 gensim.models.lsimodel - INFO - using serial LSI version on this node
[ 2025-07-30 00:36:21,653 ] 486 gensim.models.lsimodel - INFO - updating model with new documents
[ 2025-07-30 00:36:21,653 ] 517 gensim.models.lsimodel - INFO - preparing a new chunk of documents
[ 2025-07-30 00:36:21,693 ] 948 gensim.models.lsimodel - INFO - using 100 extra samples and 2 power iterations
[ 2025-07-30 00:36:21,693 ] 956 gensim.models.lsimodel - INFO - 1st phase: constructing (24871, 110) action matrix
[ 2025-07-30 00:36:21,740 ] 974 gensim.models.lsimodel - INFO - orthonormalizing (24871, 110) action matrix
[ 2025-07-30 00:36:23,017 ] 1026 gensim.models.lsimodel - INFO - 2nd phase: running dense svd on (110, 1780) matrix
[ 2025-07-30 00:36:23,199 ] 1052 gensim.models.lsimodel - INFO - computing the final decomposition
[ 2025-07-30 00:36:23,199 ] 106 gensim.models.lsimodel - INFO - keeping 10 factors (discarding 53.863% of energy spectrum)
[ 2025-07-30 00:36:23,248 ] 544 gensim.models.lsimodel - INFO - processed documents up to #1780
[ 2025-07-30 00:36:23,253 ] 734 gensim.models.lsimodel - INFO - topic #0(320.407): 0.487*"said" + 0.257*"mr" + 0.197*"would" + 0.184*"year" + 0.179*"people" + 0.143*"new" + 0.132*"also" + 0.125*"one" + 0.122*"u" + 0.114*"could"
[ 2025-07-30 00:36:23,253 ] 734 gensim.models.lsimodel - INFO - topic #1(171.191): 0.335*"mr" + -0.297*"best" + -0.296*"song" + 0.293*"said" + -0.287*"music" + -0.205*"year" + -0.169*"game" + -0.162*"award" + 0.132*"labour" + -0.114*"angel"
[ 2025-07-30 00:36:23,253 ] 734 gensim.models.lsimodel - INFO - topic #2(144.544): -0.331*"game" + 0.305*"mr" + 0.299*"song" + 0.276*"best" + 0.174*"music" + 0.156*"labour" + 0.139*"award" + -0.139*"mobile" + -0.122*"phone" + 0.121*"blair"
[ 2025-07-30 00:36:23,262 ] 734 gensim.models.lsimodel - INFO - topic #3(130.456): -0.422*"game" + 0.374*"said" + -0.243*"mr" + -0.141*"labour" + 0.132*"u" + 0.128*"firm" + -0.120*"time" + -0.114*"blair" + 0.112*"company" + 0.110*"music"
[ 2025-07-30 00:36:23,264 ] 734 gensim.models.lsimodel - INFO - topic #4(124.371): -0.343*"music" + -0.321*"people" + 0.204*"year" + -0.176*"mobile" + -0.170*"phone" + -0.162*"urban" + 0.149*"said" + -0.137*"technology" + 0.134*"u" + -0.134*"service"
[ 2025-07-30 00:36:23,264 ] 448 gensim.utils - INFO - LsiModel lifecycle event {'msg': 'trained LsiModel<num_terms=24871, num_topics=10, decay=1.0, chunksize=20000> in 1.61s', 'datetime': '2025-07-30T00:36:23.264006', 'gensim': '4.3.2', 'python': '3.10.0 | packaged by conda-forge | (default, Nov 10 2021, 13:20:59) [MSC v.1916 64 bit (AMD64)]', 'platform': 'Windows-10-10.0.26100-SP0', 'event': 'created'}
[ 2025-07-30 00:36:23,264 ] 155 gensim.topic_coherence.probability_estimation - INFO - using ParallelWordOccurrenceAccumulator<processes=7, batch_size=64> to estimate probabilities from sliding windows
[ 2025-07-30 00:36:35,623 ] 497 gensim.topic_coherence.text_analysis - INFO - 1 batches submitted to accumulate stats from 64 documents (8031 virtual)
[ 2025-07-30 00:36:35,628 ] 497 gensim.topic_coherence.text_analysis - INFO - 2 batches submitted to accumulate stats from 128 documents (15601 virtual)
[ 2025-07-30 00:36:35,637 ] 497 gensim.topic_coherence.text_analysis - INFO - 3 batches submitted to accumulate stats from 192 documents (22476 virtual)
[ 2025-07-30 00:36:35,643 ] 497 gensim.topic_coherence.text_analysis - INFO - 4 batches submitted to accumulate stats from 256 documents (29853 virtual)
[ 2025-07-30 00:36:35,654 ] 497 gensim.topic_coherence.text_analysis - INFO - 5 batches submitted to accumulate stats from 320 documents (36916 virtual)
[ 2025-07-30 00:36:35,663 ] 497 gensim.topic_coherence.text_analysis - INFO - 6 batches submitted to accumulate stats from 384 documents (44157 virtual)
[ 2025-07-30 00:36:35,703 ] 497 gensim.topic_coherence.text_analysis - INFO - 7 batches submitted to accumulate stats from 448 documents (50788 virtual)
[ 2025-07-30 00:36:35,713 ] 497 gensim.topic_coherence.text_analysis - INFO - 8 batches submitted to accumulate stats from 512 documents (56863 virtual)
[ 2025-07-30 00:36:35,728 ] 497 gensim.topic_coherence.text_analysis - INFO - 9 batches submitted to accumulate stats from 576 documents (63870 virtual)
[ 2025-07-30 00:36:35,736 ] 497 gensim.topic_coherence.text_analysis - INFO - 10 batches submitted to accumulate stats from 640 documents (71861 virtual)
[ 2025-07-30 00:36:35,743 ] 497 gensim.topic_coherence.text_analysis - INFO - 11 batches submitted to accumulate stats from 704 documents (79951 virtual)
[ 2025-07-30 00:36:35,774 ] 497 gensim.topic_coherence.text_analysis - INFO - 12 batches submitted to accumulate stats from 768 documents (85747 virtual)
[ 2025-07-30 00:36:35,779 ] 497 gensim.topic_coherence.text_analysis - INFO - 13 batches submitted to accumulate stats from 832 documents (91689 virtual)
[ 2025-07-30 00:36:35,786 ] 497 gensim.topic_coherence.text_analysis - INFO - 14 batches submitted to accumulate stats from 896 documents (98038 virtual)
[ 2025-07-30 00:36:36,081 ] 497 gensim.topic_coherence.text_analysis - INFO - 15 batches submitted to accumulate stats from 960 documents (104137 virtual)
[ 2025-07-30 00:36:36,117 ] 497 gensim.topic_coherence.text_analysis - INFO - 16 batches submitted to accumulate stats from 1024 documents (111547 virtual)
[ 2025-07-30 00:36:36,220 ] 497 gensim.topic_coherence.text_analysis - INFO - 17 batches submitted to accumulate stats from 1088 documents (118398 virtual)
[ 2025-07-30 00:36:36,228 ] 497 gensim.topic_coherence.text_analysis - INFO - 18 batches submitted to accumulate stats from 1152 documents (125711 virtual)
[ 2025-07-30 00:36:36,235 ] 497 gensim.topic_coherence.text_analysis - INFO - 19 batches submitted to accumulate stats from 1216 documents (132016 virtual)
[ 2025-07-30 00:36:36,241 ] 497 gensim.topic_coherence.text_analysis - INFO - 20 batches submitted to accumulate stats from 1280 documents (140511 virtual)
[ 2025-07-30 00:36:36,247 ] 497 gensim.topic_coherence.text_analysis - INFO - 21 batches submitted to accumulate stats from 1344 documents (146076 virtual)
[ 2025-07-30 00:36:36,433 ] 497 gensim.topic_coherence.text_analysis - INFO - 22 batches submitted to accumulate stats from 1408 documents (152550 virtual)
[ 2025-07-30 00:36:36,517 ] 497 gensim.topic_coherence.text_analysis - INFO - 23 batches submitted to accumulate stats from 1472 documents (159713 virtual)
[ 2025-07-30 00:36:36,607 ] 497 gensim.topic_coherence.text_analysis - INFO - 24 batches submitted to accumulate stats from 1536 documents (166911 virtual)
[ 2025-07-30 00:36:36,628 ] 497 gensim.topic_coherence.text_analysis - INFO - 25 batches submitted to accumulate stats from 1600 documents (173326 virtual)
[ 2025-07-30 00:36:36,654 ] 497 gensim.topic_coherence.text_analysis - INFO - 26 batches submitted to accumulate stats from 1664 documents (178452 virtual)
[ 2025-07-30 00:36:36,780 ] 497 gensim.topic_coherence.text_analysis - INFO - 27 batches submitted to accumulate stats from 1728 documents (185101 virtual)
[ 2025-07-30 00:36:36,826 ] 497 gensim.topic_coherence.text_analysis - INFO - 28 batches submitted to accumulate stats from 1792 documents (189279 virtual)
[ 2025-07-30 00:36:37,773 ] 523 gensim.topic_coherence.text_analysis - INFO - 7 accumulators retrieved from output queue
[ 2025-07-30 00:36:37,803 ] 545 gensim.topic_coherence.text_analysis - INFO - accumulated word occurrence stats for 192679 virtual documents
[ 2025-07-30 00:36:38,203 ] 448 gensim.utils - INFO - LdaState lifecycle event {'fname_or_handle': 'Artifacts\\07_30_2025_00_34_14\\model_trainer\\lda_model\\model.lda.state', 'separately': 'None', 'sep_limit': 10485760, 'ignore': frozenset(), 'datetime': '2025-07-30T00:36:38.203066', 'gensim': '4.3.2', 'python': '3.10.0 | packaged by conda-forge | (default, Nov 10 2021, 13:20:59) [MSC v.1916 64 bit (AMD64)]', 'platform': 'Windows-10-10.0.26100-SP0', 'event': 'saving'}
[ 2025-07-30 00:36:38,206 ] 618 gensim.utils - INFO - saved Artifacts\07_30_2025_00_34_14\model_trainer\lda_model\model.lda.state
[ 2025-07-30 00:36:38,223 ] 448 gensim.utils - INFO - LdaModel lifecycle event {'fname_or_handle': 'Artifacts\\07_30_2025_00_34_14\\model_trainer\\lda_model\\model.lda', 'separately': "['expElogbeta', 'sstats']", 'sep_limit': 10485760, 'ignore': ['state', 'dispatcher', 'id2word'], 'datetime': '2025-07-30T00:36:38.223147', 'gensim': '4.3.2', 'python': '3.10.0 | packaged by conda-forge | (default, Nov 10 2021, 13:20:59) [MSC v.1916 64 bit (AMD64)]', 'platform': 'Windows-10-10.0.26100-SP0', 'event': 'saving'}
[ 2025-07-30 00:36:38,223 ] 678 gensim.utils - INFO - storing np array 'expElogbeta' to Artifacts\07_30_2025_00_34_14\model_trainer\lda_model\model.lda.expElogbeta.npy
[ 2025-07-30 00:36:38,225 ] 710 gensim.utils - INFO - not storing attribute state
[ 2025-07-30 00:36:38,225 ] 710 gensim.utils - INFO - not storing attribute dispatcher
[ 2025-07-30 00:36:38,225 ] 710 gensim.utils - INFO - not storing attribute id2word
[ 2025-07-30 00:36:38,225 ] 618 gensim.utils - INFO - saved Artifacts\07_30_2025_00_34_14\model_trainer\lda_model\model.lda
[ 2025-07-30 00:36:38,225 ] 448 gensim.utils - INFO - Projection lifecycle event {'fname_or_handle': 'Artifacts\\07_30_2025_00_34_14\\model_trainer\\lsa_model\\model.lsa.projection', 'separately': 'None', 'sep_limit': 10485760, 'ignore': frozenset(), 'datetime': '2025-07-30T00:36:38.225599', 'gensim': '4.3.2', 'python': '3.10.0 | packaged by conda-forge | (default, Nov 10 2021, 13:20:59) [MSC v.1916 64 bit (AMD64)]', 'platform': 'Windows-10-10.0.26100-SP0', 'event': 'saving'}
[ 2025-07-30 00:36:38,231 ] 618 gensim.utils - INFO - saved Artifacts\07_30_2025_00_34_14\model_trainer\lsa_model\model.lsa.projection
[ 2025-07-30 00:36:38,231 ] 448 gensim.utils - INFO - LsiModel lifecycle event {'fname_or_handle': 'Artifacts\\07_30_2025_00_34_14\\model_trainer\\lsa_model\\model.lsa', 'separately': 'None', 'sep_limit': 10485760, 'ignore': ['projection', 'dispatcher'], 'datetime': '2025-07-30T00:36:38.231170', 'gensim': '4.3.2', 'python': '3.10.0 | packaged by conda-forge | (default, Nov 10 2021, 13:20:59) [MSC v.1916 64 bit (AMD64)]', 'platform': 'Windows-10-10.0.26100-SP0', 'event': 'saving'}
[ 2025-07-30 00:36:38,231 ] 710 gensim.utils - INFO - not storing attribute projection
[ 2025-07-30 00:36:38,231 ] 710 gensim.utils - INFO - not storing attribute dispatcher
[ 2025-07-30 00:36:38,243 ] 618 gensim.utils - INFO - saved Artifacts\07_30_2025_00_34_14\model_trainer\lsa_model\model.lsa
[ 2025-07-30 00:36:38,243 ] 448 gensim.utils - INFO - Dictionary lifecycle event {'fname_or_handle': 'Artifacts\\07_30_2025_00_34_14\\model_trainer\\dictionary.dict', 'separately': 'None', 'sep_limit': 10485760, 'ignore': frozenset(), 'datetime': '2025-07-30T00:36:38.243316', 'gensim': '4.3.2', 'python': '3.10.0 | packaged by conda-forge | (default, Nov 10 2021, 13:20:59) [MSC v.1916 64 bit (AMD64)]', 'platform': 'Windows-10-10.0.26100-SP0', 'event': 'saving'}
[ 2025-07-30 00:36:38,257 ] 618 gensim.utils - INFO - saved Artifacts\07_30_2025_00_34_14\model_trainer\dictionary.dict
[ 2025-07-30 00:36:42,020 ] 56 root - INFO - Model Training Completed
