[ 2025-07-30 01:11:31,505 ] 164 numexpr.utils - INFO - NumExpr defaulting to 8 threads.
[ 2025-07-30 01:11:39,069 ] 30 root - INFO - Initiating Data Ingestion
[ 2025-07-30 01:11:41,969 ] 65 root - INFO - Performed train test split on the dataframe
[ 2025-07-30 01:11:41,969 ] 67 root - INFO - Exited split_data_as_train_test method of Data_Ingestion class
[ 2025-07-30 01:11:41,969 ] 75 root - INFO - Exporting train and test file path.
[ 2025-07-30 01:11:42,069 ] 84 root - INFO - Exported train and test file path.
[ 2025-07-30 01:11:42,079 ] 32 root - INFO - Data Ingestion Completed
[ 2025-07-30 01:11:42,089 ] 38 root - INFO - Initiating Data Validation
[ 2025-07-30 01:11:42,213 ] 32 root - INFO - Required number of columns:2
[ 2025-07-30 01:11:42,213 ] 33 root - INFO - Data frame has columns:2
[ 2025-07-30 01:11:42,213 ] 32 root - INFO - Required number of columns:2
[ 2025-07-30 01:11:42,213 ] 33 root - INFO - Data frame has columns:2
[ 2025-07-30 01:11:42,339 ] 40 root - INFO - Data Validation Completed
[ 2025-07-30 01:11:42,339 ] 46 root - INFO - Initiating Data Transformation
[ 2025-07-30 01:11:42,339 ] 56 root - INFO - Starting Data Transformation Process for Topic Modeling
[ 2025-07-30 01:11:50,630 ] 48 root - INFO - Entered the save_object method of MainUtils class
[ 2025-07-30 01:11:50,769 ] 52 root - INFO - Exited the save_object method of MainUtils class
[ 2025-07-30 01:11:50,769 ] 68 root - INFO - Data Transformation Artifact Created: DataTransformationArtifact(transformed_object_file_path='Artifacts\\07_30_2025_01_11_31\\data_transformation\\transformed_object\\preprocessing.pkl', transformed_train_file_path=None, transformed_test_file_path=None)
[ 2025-07-30 01:11:50,780 ] 48 root - INFO - Data Transformation Completed
[ 2025-07-30 01:11:51,579 ] 1025 httpx - INFO - HTTP Request: GET https://dagshub.com/api/v1/user "HTTP/1.1 200 OK"
[ 2025-07-30 01:11:51,582 ] 107 dagshub - INFO - Accessing as nagendrakp02
[ 2025-07-30 01:11:52,403 ] 1025 httpx - INFO - HTTP Request: GET https://dagshub.com/api/v1/repos/nagendrakp02/network_security "HTTP/1.1 200 OK"
[ 2025-07-30 01:11:52,889 ] 1025 httpx - INFO - HTTP Request: GET https://dagshub.com/api/v1/user "HTTP/1.1 200 OK"
[ 2025-07-30 01:11:52,899 ] 107 dagshub - INFO - Initialized MLflow to track repo "nagendrakp02/network_security"
[ 2025-07-30 01:11:52,902 ] 107 dagshub - INFO - Repository nagendrakp02/network_security initialized!
[ 2025-07-30 01:11:52,902 ] 54 root - INFO - Initiating Model Training
[ 2025-07-30 01:11:52,961 ] 201 gensim.corpora.dictionary - INFO - adding document #0 to Dictionary<0 unique tokens: []>
[ 2025-07-30 01:11:53,360 ] 206 gensim.corpora.dictionary - INFO - built Dictionary<24736 unique tokens: ['ability', 'acceptable', 'added', 'adult', 'also']...> from 1780 documents (total 382778 corpus positions)
[ 2025-07-30 01:11:53,369 ] 448 gensim.utils - INFO - Dictionary lifecycle event {'msg': "built Dictionary<24736 unique tokens: ['ability', 'acceptable', 'added', 'adult', 'also']...> from 1780 documents (total 382778 corpus positions)", 'datetime': '2025-07-30T01:11:53.360463', 'gensim': '4.3.2', 'python': '3.10.0 | packaged by conda-forge | (default, Nov 10 2021, 13:20:59) [MSC v.1916 64 bit (AMD64)]', 'platform': 'Windows-10-10.0.26100-SP0', 'event': 'created'}
[ 2025-07-30 01:11:53,594 ] 577 gensim.models.ldamodel - INFO - using symmetric alpha at 0.2
[ 2025-07-30 01:11:53,594 ] 577 gensim.models.ldamodel - INFO - using symmetric eta at 0.2
[ 2025-07-30 01:11:53,599 ] 482 gensim.models.ldamodel - INFO - using serial LDA version on this node
[ 2025-07-30 01:11:53,615 ] 948 gensim.models.ldamodel - INFO - running online (multi-pass) LDA training, 5 topics, 10 passes over the supplied corpus of 1780 documents, updating model once every 1780 documents, evaluating perplexity every 0 documents, iterating 50x with a convergence threshold of 0.001000
[ 2025-07-30 01:11:53,615 ] 1002 gensim.models.ldamodel - INFO - PROGRESS: pass 0, at document #1780/1780
[ 2025-07-30 01:11:54,910 ] 1197 gensim.models.ldamodel - INFO - topic #0 (0.200): 0.014*"said" + 0.006*"also" + 0.005*"mr" + 0.005*"would" + 0.005*"people" + 0.004*"new" + 0.004*"year" + 0.004*"one" + 0.004*"say" + 0.003*"u"
[ 2025-07-30 01:11:54,910 ] 1197 gensim.models.ldamodel - INFO - topic #1 (0.200): 0.014*"said" + 0.009*"mr" + 0.005*"people" + 0.005*"would" + 0.004*"year" + 0.004*"game" + 0.004*"one" + 0.004*"could" + 0.004*"also" + 0.004*"u"
[ 2025-07-30 01:11:54,910 ] 1197 gensim.models.ldamodel - INFO - topic #2 (0.200): 0.017*"said" + 0.007*"mr" + 0.006*"year" + 0.006*"would" + 0.005*"u" + 0.005*"new" + 0.004*"also" + 0.004*"company" + 0.003*"people" + 0.003*"could"
[ 2025-07-30 01:11:54,910 ] 1197 gensim.models.ldamodel - INFO - topic #3 (0.200): 0.011*"said" + 0.007*"year" + 0.005*"would" + 0.005*"also" + 0.005*"mr" + 0.005*"one" + 0.004*"u" + 0.004*"film" + 0.004*"new" + 0.004*"last"
[ 2025-07-30 01:11:54,910 ] 1197 gensim.models.ldamodel - INFO - topic #4 (0.200): 0.016*"said" + 0.006*"year" + 0.004*"would" + 0.004*"new" + 0.004*"game" + 0.004*"people" + 0.003*"u" + 0.003*"music" + 0.003*"also" + 0.003*"mobile"
[ 2025-07-30 01:11:54,910 ] 1075 gensim.models.ldamodel - INFO - topic diff=2.359513, rho=1.000000
[ 2025-07-30 01:11:54,910 ] 1002 gensim.models.ldamodel - INFO - PROGRESS: pass 1, at document #1780/1780
[ 2025-07-30 01:11:55,989 ] 1197 gensim.models.ldamodel - INFO - topic #0 (0.200): 0.015*"said" + 0.006*"also" + 0.005*"mr" + 0.005*"would" + 0.005*"people" + 0.004*"new" + 0.004*"year" + 0.004*"say" + 0.004*"one" + 0.003*"u"
[ 2025-07-30 01:11:55,989 ] 1197 gensim.models.ldamodel - INFO - topic #1 (0.200): 0.014*"said" + 0.009*"mr" + 0.006*"people" + 0.005*"would" + 0.005*"game" + 0.004*"year" + 0.004*"government" + 0.004*"one" + 0.004*"could" + 0.003*"also"
[ 2025-07-30 01:11:55,989 ] 1197 gensim.models.ldamodel - INFO - topic #2 (0.200): 0.017*"said" + 0.008*"mr" + 0.006*"year" + 0.006*"would" + 0.005*"u" + 0.005*"company" + 0.005*"new" + 0.004*"also" + 0.004*"bn" + 0.004*"firm"
[ 2025-07-30 01:11:55,989 ] 1197 gensim.models.ldamodel - INFO - topic #3 (0.200): 0.011*"said" + 0.007*"year" + 0.006*"film" + 0.005*"also" + 0.005*"would" + 0.005*"one" + 0.004*"u" + 0.004*"new" + 0.004*"last" + 0.003*"mr"
[ 2025-07-30 01:11:55,989 ] 1197 gensim.models.ldamodel - INFO - topic #4 (0.200): 0.014*"said" + 0.006*"year" + 0.005*"game" + 0.005*"music" + 0.005*"mobile" + 0.004*"new" + 0.004*"people" + 0.004*"would" + 0.003*"also" + 0.003*"u"
[ 2025-07-30 01:11:55,989 ] 1075 gensim.models.ldamodel - INFO - topic diff=0.651238, rho=0.577350
[ 2025-07-30 01:11:55,989 ] 1002 gensim.models.ldamodel - INFO - PROGRESS: pass 2, at document #1780/1780
[ 2025-07-30 01:11:57,189 ] 1197 gensim.models.ldamodel - INFO - topic #0 (0.200): 0.015*"said" + 0.006*"would" + 0.006*"people" + 0.005*"mr" + 0.005*"also" + 0.005*"new" + 0.004*"year" + 0.004*"say" + 0.004*"one" + 0.004*"party"
[ 2025-07-30 01:11:57,189 ] 1197 gensim.models.ldamodel - INFO - topic #1 (0.200): 0.015*"said" + 0.010*"mr" + 0.006*"people" + 0.006*"would" + 0.005*"game" + 0.004*"government" + 0.004*"year" + 0.004*"one" + 0.004*"could" + 0.003*"labour"
[ 2025-07-30 01:11:57,189 ] 1197 gensim.models.ldamodel - INFO - topic #2 (0.200): 0.018*"said" + 0.009*"mr" + 0.007*"year" + 0.006*"u" + 0.006*"would" + 0.005*"company" + 0.005*"bn" + 0.005*"new" + 0.004*"also" + 0.004*"firm"
[ 2025-07-30 01:11:57,189 ] 1197 gensim.models.ldamodel - INFO - topic #3 (0.200): 0.011*"said" + 0.008*"film" + 0.007*"year" + 0.005*"also" + 0.004*"one" + 0.004*"best" + 0.004*"would" + 0.004*"u" + 0.004*"last" + 0.004*"new"
[ 2025-07-30 01:11:57,189 ] 1197 gensim.models.ldamodel - INFO - topic #4 (0.200): 0.012*"said" + 0.006*"game" + 0.006*"year" + 0.006*"music" + 0.005*"mobile" + 0.005*"new" + 0.004*"people" + 0.004*"phone" + 0.004*"also" + 0.004*"one"
[ 2025-07-30 01:11:57,189 ] 1075 gensim.models.ldamodel - INFO - topic diff=0.444785, rho=0.500000
[ 2025-07-30 01:11:57,189 ] 1002 gensim.models.ldamodel - INFO - PROGRESS: pass 3, at document #1780/1780
[ 2025-07-30 01:11:58,149 ] 1197 gensim.models.ldamodel - INFO - topic #0 (0.200): 0.015*"said" + 0.006*"would" + 0.006*"people" + 0.006*"mr" + 0.005*"also" + 0.005*"new" + 0.004*"say" + 0.004*"year" + 0.004*"party" + 0.004*"one"
[ 2025-07-30 01:11:58,179 ] 1197 gensim.models.ldamodel - INFO - topic #1 (0.200): 0.015*"said" + 0.010*"mr" + 0.006*"people" + 0.006*"would" + 0.004*"game" + 0.004*"government" + 0.004*"labour" + 0.004*"one" + 0.004*"election" + 0.004*"could"
[ 2025-07-30 01:11:58,179 ] 1197 gensim.models.ldamodel - INFO - topic #2 (0.200): 0.018*"said" + 0.008*"mr" + 0.007*"year" + 0.006*"u" + 0.006*"would" + 0.005*"bn" + 0.005*"company" + 0.005*"firm" + 0.004*"new" + 0.004*"also"
[ 2025-07-30 01:11:58,179 ] 1197 gensim.models.ldamodel - INFO - topic #3 (0.200): 0.011*"said" + 0.009*"film" + 0.007*"year" + 0.005*"best" + 0.005*"also" + 0.004*"one" + 0.004*"would" + 0.004*"u" + 0.004*"last" + 0.004*"new"
[ 2025-07-30 01:11:58,179 ] 1197 gensim.models.ldamodel - INFO - topic #4 (0.200): 0.012*"said" + 0.007*"game" + 0.006*"music" + 0.006*"mobile" + 0.006*"year" + 0.005*"new" + 0.005*"people" + 0.004*"phone" + 0.004*"also" + 0.004*"one"
[ 2025-07-30 01:11:58,181 ] 1075 gensim.models.ldamodel - INFO - topic diff=0.305200, rho=0.447214
[ 2025-07-30 01:11:58,181 ] 1002 gensim.models.ldamodel - INFO - PROGRESS: pass 4, at document #1780/1780
[ 2025-07-30 01:11:59,024 ] 1197 gensim.models.ldamodel - INFO - topic #0 (0.200): 0.016*"said" + 0.007*"would" + 0.006*"people" + 0.006*"mr" + 0.005*"also" + 0.005*"new" + 0.005*"say" + 0.004*"party" + 0.004*"year" + 0.004*"one"
[ 2025-07-30 01:11:59,024 ] 1197 gensim.models.ldamodel - INFO - topic #1 (0.200): 0.015*"said" + 0.011*"mr" + 0.006*"would" + 0.006*"people" + 0.004*"labour" + 0.004*"government" + 0.004*"game" + 0.004*"election" + 0.004*"one" + 0.004*"blair"
[ 2025-07-30 01:11:59,024 ] 1197 gensim.models.ldamodel - INFO - topic #2 (0.200): 0.018*"said" + 0.008*"mr" + 0.008*"year" + 0.007*"u" + 0.006*"bn" + 0.005*"company" + 0.005*"would" + 0.005*"firm" + 0.004*"also" + 0.004*"new"
[ 2025-07-30 01:11:59,024 ] 1197 gensim.models.ldamodel - INFO - topic #3 (0.200): 0.010*"said" + 0.009*"film" + 0.007*"year" + 0.006*"best" + 0.005*"also" + 0.004*"one" + 0.004*"award" + 0.004*"last" + 0.004*"world" + 0.004*"u"
[ 2025-07-30 01:11:59,024 ] 1197 gensim.models.ldamodel - INFO - topic #4 (0.200): 0.011*"said" + 0.007*"game" + 0.006*"music" + 0.006*"mobile" + 0.005*"year" + 0.005*"people" + 0.005*"new" + 0.005*"phone" + 0.004*"technology" + 0.004*"also"
[ 2025-07-30 01:11:59,024 ] 1075 gensim.models.ldamodel - INFO - topic diff=0.217763, rho=0.408248
[ 2025-07-30 01:11:59,024 ] 1002 gensim.models.ldamodel - INFO - PROGRESS: pass 5, at document #1780/1780
[ 2025-07-30 01:11:59,839 ] 1197 gensim.models.ldamodel - INFO - topic #0 (0.200): 0.016*"said" + 0.007*"would" + 0.006*"people" + 0.006*"mr" + 0.005*"also" + 0.005*"say" + 0.005*"new" + 0.004*"party" + 0.004*"year" + 0.004*"one"
[ 2025-07-30 01:11:59,839 ] 1197 gensim.models.ldamodel - INFO - topic #1 (0.200): 0.015*"said" + 0.012*"mr" + 0.007*"would" + 0.006*"people" + 0.005*"labour" + 0.004*"government" + 0.004*"election" + 0.004*"game" + 0.004*"blair" + 0.004*"one"
[ 2025-07-30 01:11:59,839 ] 1197 gensim.models.ldamodel - INFO - topic #2 (0.200): 0.018*"said" + 0.008*"year" + 0.008*"mr" + 0.007*"u" + 0.006*"bn" + 0.006*"company" + 0.005*"would" + 0.005*"firm" + 0.004*"also" + 0.004*"new"
[ 2025-07-30 01:11:59,849 ] 1197 gensim.models.ldamodel - INFO - topic #3 (0.200): 0.010*"said" + 0.009*"film" + 0.007*"year" + 0.006*"best" + 0.005*"also" + 0.004*"one" + 0.004*"award" + 0.004*"last" + 0.004*"world" + 0.004*"new"
[ 2025-07-30 01:11:59,849 ] 1197 gensim.models.ldamodel - INFO - topic #4 (0.200): 0.011*"said" + 0.008*"game" + 0.007*"music" + 0.006*"mobile" + 0.005*"year" + 0.005*"people" + 0.005*"phone" + 0.005*"new" + 0.004*"technology" + 0.004*"also"
[ 2025-07-30 01:11:59,849 ] 1075 gensim.models.ldamodel - INFO - topic diff=0.160449, rho=0.377964
[ 2025-07-30 01:11:59,849 ] 1002 gensim.models.ldamodel - INFO - PROGRESS: pass 6, at document #1780/1780
[ 2025-07-30 01:12:00,684 ] 1197 gensim.models.ldamodel - INFO - topic #0 (0.200): 0.016*"said" + 0.007*"would" + 0.006*"people" + 0.006*"mr" + 0.005*"also" + 0.005*"say" + 0.005*"new" + 0.005*"party" + 0.004*"year" + 0.004*"one"
[ 2025-07-30 01:12:00,684 ] 1197 gensim.models.ldamodel - INFO - topic #1 (0.200): 0.016*"said" + 0.012*"mr" + 0.007*"would" + 0.006*"people" + 0.005*"labour" + 0.005*"election" + 0.005*"government" + 0.004*"blair" + 0.004*"game" + 0.004*"one"
[ 2025-07-30 01:12:00,684 ] 1197 gensim.models.ldamodel - INFO - topic #2 (0.200): 0.018*"said" + 0.008*"year" + 0.008*"mr" + 0.007*"u" + 0.006*"bn" + 0.006*"company" + 0.005*"firm" + 0.005*"would" + 0.004*"also" + 0.004*"new"
[ 2025-07-30 01:12:00,684 ] 1197 gensim.models.ldamodel - INFO - topic #3 (0.200): 0.010*"said" + 0.009*"film" + 0.007*"year" + 0.006*"best" + 0.005*"also" + 0.005*"one" + 0.004*"award" + 0.004*"last" + 0.004*"world" + 0.004*"new"
[ 2025-07-30 01:12:00,684 ] 1197 gensim.models.ldamodel - INFO - topic #4 (0.200): 0.011*"said" + 0.008*"game" + 0.007*"music" + 0.007*"mobile" + 0.005*"people" + 0.005*"year" + 0.005*"phone" + 0.005*"new" + 0.005*"technology" + 0.004*"also"
[ 2025-07-30 01:12:00,684 ] 1075 gensim.models.ldamodel - INFO - topic diff=0.122004, rho=0.353553
[ 2025-07-30 01:12:00,689 ] 1002 gensim.models.ldamodel - INFO - PROGRESS: pass 7, at document #1780/1780
[ 2025-07-30 01:12:01,491 ] 1197 gensim.models.ldamodel - INFO - topic #0 (0.200): 0.016*"said" + 0.007*"would" + 0.006*"people" + 0.006*"mr" + 0.005*"also" + 0.005*"say" + 0.005*"new" + 0.005*"party" + 0.004*"year" + 0.004*"one"
[ 2025-07-30 01:12:01,491 ] 1197 gensim.models.ldamodel - INFO - topic #1 (0.200): 0.016*"said" + 0.013*"mr" + 0.007*"would" + 0.006*"people" + 0.005*"labour" + 0.005*"election" + 0.005*"government" + 0.004*"blair" + 0.004*"game" + 0.004*"one"
[ 2025-07-30 01:12:01,491 ] 1197 gensim.models.ldamodel - INFO - topic #2 (0.200): 0.018*"said" + 0.008*"year" + 0.007*"mr" + 0.007*"u" + 0.006*"bn" + 0.006*"company" + 0.005*"firm" + 0.005*"would" + 0.004*"also" + 0.004*"new"
[ 2025-07-30 01:12:01,491 ] 1197 gensim.models.ldamodel - INFO - topic #3 (0.200): 0.010*"said" + 0.009*"film" + 0.007*"year" + 0.007*"best" + 0.005*"also" + 0.005*"one" + 0.004*"award" + 0.004*"last" + 0.004*"world" + 0.004*"win"
[ 2025-07-30 01:12:01,493 ] 1197 gensim.models.ldamodel - INFO - topic #4 (0.200): 0.011*"said" + 0.008*"game" + 0.007*"music" + 0.007*"mobile" + 0.006*"people" + 0.005*"phone" + 0.005*"year" + 0.005*"technology" + 0.005*"new" + 0.004*"also"
[ 2025-07-30 01:12:01,493 ] 1075 gensim.models.ldamodel - INFO - topic diff=0.095739, rho=0.333333
[ 2025-07-30 01:12:01,493 ] 1002 gensim.models.ldamodel - INFO - PROGRESS: pass 8, at document #1780/1780
[ 2025-07-30 01:12:02,299 ] 1197 gensim.models.ldamodel - INFO - topic #0 (0.200): 0.016*"said" + 0.008*"would" + 0.006*"people" + 0.006*"mr" + 0.005*"also" + 0.005*"say" + 0.005*"new" + 0.005*"party" + 0.004*"year" + 0.004*"one"
[ 2025-07-30 01:12:02,299 ] 1197 gensim.models.ldamodel - INFO - topic #1 (0.200): 0.016*"said" + 0.013*"mr" + 0.007*"would" + 0.006*"people" + 0.006*"labour" + 0.005*"election" + 0.005*"government" + 0.004*"blair" + 0.004*"minister" + 0.004*"say"
[ 2025-07-30 01:12:02,299 ] 1197 gensim.models.ldamodel - INFO - topic #2 (0.200): 0.018*"said" + 0.008*"year" + 0.008*"u" + 0.007*"mr" + 0.007*"bn" + 0.006*"company" + 0.005*"firm" + 0.005*"would" + 0.004*"also" + 0.004*"new"
[ 2025-07-30 01:12:02,299 ] 1197 gensim.models.ldamodel - INFO - topic #3 (0.200): 0.010*"said" + 0.009*"film" + 0.007*"year" + 0.007*"best" + 0.005*"also" + 0.005*"one" + 0.005*"award" + 0.004*"last" + 0.004*"world" + 0.004*"win"
[ 2025-07-30 01:12:02,299 ] 1197 gensim.models.ldamodel - INFO - topic #4 (0.200): 0.011*"said" + 0.009*"game" + 0.007*"music" + 0.007*"mobile" + 0.006*"people" + 0.005*"phone" + 0.005*"technology" + 0.005*"year" + 0.005*"new" + 0.004*"also"
[ 2025-07-30 01:12:02,299 ] 1075 gensim.models.ldamodel - INFO - topic diff=0.077311, rho=0.316228
[ 2025-07-30 01:12:02,301 ] 1002 gensim.models.ldamodel - INFO - PROGRESS: pass 9, at document #1780/1780
[ 2025-07-30 01:12:03,069 ] 1197 gensim.models.ldamodel - INFO - topic #0 (0.200): 0.016*"said" + 0.008*"would" + 0.007*"people" + 0.006*"mr" + 0.005*"say" + 0.005*"also" + 0.005*"new" + 0.005*"party" + 0.003*"one" + 0.003*"year"
[ 2025-07-30 01:12:03,069 ] 1197 gensim.models.ldamodel - INFO - topic #1 (0.200): 0.016*"said" + 0.013*"mr" + 0.008*"would" + 0.006*"people" + 0.006*"labour" + 0.005*"election" + 0.005*"government" + 0.005*"blair" + 0.004*"minister" + 0.004*"say"
[ 2025-07-30 01:12:03,069 ] 1197 gensim.models.ldamodel - INFO - topic #2 (0.200): 0.018*"said" + 0.008*"year" + 0.008*"u" + 0.007*"mr" + 0.007*"bn" + 0.006*"company" + 0.005*"firm" + 0.005*"would" + 0.004*"also" + 0.004*"new"
[ 2025-07-30 01:12:03,069 ] 1197 gensim.models.ldamodel - INFO - topic #3 (0.200): 0.010*"said" + 0.009*"film" + 0.007*"year" + 0.007*"best" + 0.005*"also" + 0.005*"one" + 0.005*"award" + 0.004*"last" + 0.004*"world" + 0.004*"win"
[ 2025-07-30 01:12:03,069 ] 1197 gensim.models.ldamodel - INFO - topic #4 (0.200): 0.011*"said" + 0.009*"game" + 0.007*"music" + 0.007*"mobile" + 0.006*"people" + 0.006*"phone" + 0.005*"technology" + 0.005*"new" + 0.005*"year" + 0.004*"also"
[ 2025-07-30 01:12:03,069 ] 1075 gensim.models.ldamodel - INFO - topic diff=0.064090, rho=0.301511
[ 2025-07-30 01:12:03,069 ] 448 gensim.utils - INFO - LdaModel lifecycle event {'msg': 'trained LdaModel<num_terms=24736, num_topics=5, decay=0.5, chunksize=2000> in 9.45s', 'datetime': '2025-07-30T01:12:03.069888', 'gensim': '4.3.2', 'python': '3.10.0 | packaged by conda-forge | (default, Nov 10 2021, 13:20:59) [MSC v.1916 64 bit (AMD64)]', 'platform': 'Windows-10-10.0.26100-SP0', 'event': 'created'}
[ 2025-07-30 01:12:03,069 ] 155 gensim.topic_coherence.probability_estimation - INFO - using ParallelWordOccurrenceAccumulator<processes=7, batch_size=64> to estimate probabilities from sliding windows
[ 2025-07-30 01:12:18,334 ] 497 gensim.topic_coherence.text_analysis - INFO - 1 batches submitted to accumulate stats from 64 documents (6942 virtual)
[ 2025-07-30 01:12:18,334 ] 497 gensim.topic_coherence.text_analysis - INFO - 2 batches submitted to accumulate stats from 128 documents (13434 virtual)
[ 2025-07-30 01:12:18,339 ] 497 gensim.topic_coherence.text_analysis - INFO - 3 batches submitted to accumulate stats from 192 documents (20556 virtual)
[ 2025-07-30 01:12:18,342 ] 497 gensim.topic_coherence.text_analysis - INFO - 4 batches submitted to accumulate stats from 256 documents (27323 virtual)
[ 2025-07-30 01:12:18,342 ] 497 gensim.topic_coherence.text_analysis - INFO - 5 batches submitted to accumulate stats from 320 documents (33577 virtual)
[ 2025-07-30 01:12:18,349 ] 497 gensim.topic_coherence.text_analysis - INFO - 6 batches submitted to accumulate stats from 384 documents (39721 virtual)
[ 2025-07-30 01:12:18,349 ] 497 gensim.topic_coherence.text_analysis - INFO - 7 batches submitted to accumulate stats from 448 documents (45961 virtual)
[ 2025-07-30 01:12:18,354 ] 497 gensim.topic_coherence.text_analysis - INFO - 8 batches submitted to accumulate stats from 512 documents (52427 virtual)
[ 2025-07-30 01:12:18,359 ] 497 gensim.topic_coherence.text_analysis - INFO - 9 batches submitted to accumulate stats from 576 documents (58834 virtual)
[ 2025-07-30 01:12:18,359 ] 497 gensim.topic_coherence.text_analysis - INFO - 10 batches submitted to accumulate stats from 640 documents (64784 virtual)
[ 2025-07-30 01:12:18,369 ] 497 gensim.topic_coherence.text_analysis - INFO - 11 batches submitted to accumulate stats from 704 documents (70664 virtual)
[ 2025-07-30 01:12:18,393 ] 497 gensim.topic_coherence.text_analysis - INFO - 12 batches submitted to accumulate stats from 768 documents (78298 virtual)
[ 2025-07-30 01:12:18,399 ] 497 gensim.topic_coherence.text_analysis - INFO - 13 batches submitted to accumulate stats from 832 documents (84982 virtual)
[ 2025-07-30 01:12:18,403 ] 497 gensim.topic_coherence.text_analysis - INFO - 14 batches submitted to accumulate stats from 896 documents (92202 virtual)
[ 2025-07-30 01:12:18,651 ] 497 gensim.topic_coherence.text_analysis - INFO - 15 batches submitted to accumulate stats from 960 documents (99602 virtual)
[ 2025-07-30 01:12:18,657 ] 497 gensim.topic_coherence.text_analysis - INFO - 16 batches submitted to accumulate stats from 1024 documents (107501 virtual)
[ 2025-07-30 01:12:18,663 ] 497 gensim.topic_coherence.text_analysis - INFO - 17 batches submitted to accumulate stats from 1088 documents (113490 virtual)
[ 2025-07-30 01:12:18,667 ] 497 gensim.topic_coherence.text_analysis - INFO - 18 batches submitted to accumulate stats from 1152 documents (120722 virtual)
[ 2025-07-30 01:12:18,701 ] 497 gensim.topic_coherence.text_analysis - INFO - 19 batches submitted to accumulate stats from 1216 documents (127735 virtual)
[ 2025-07-30 01:12:18,705 ] 497 gensim.topic_coherence.text_analysis - INFO - 20 batches submitted to accumulate stats from 1280 documents (133391 virtual)
[ 2025-07-30 01:12:18,757 ] 497 gensim.topic_coherence.text_analysis - INFO - 21 batches submitted to accumulate stats from 1344 documents (139003 virtual)
[ 2025-07-30 01:12:18,919 ] 497 gensim.topic_coherence.text_analysis - INFO - 22 batches submitted to accumulate stats from 1408 documents (145970 virtual)
[ 2025-07-30 01:12:18,931 ] 497 gensim.topic_coherence.text_analysis - INFO - 23 batches submitted to accumulate stats from 1472 documents (154770 virtual)
[ 2025-07-30 01:12:18,953 ] 497 gensim.topic_coherence.text_analysis - INFO - 24 batches submitted to accumulate stats from 1536 documents (161685 virtual)
[ 2025-07-30 01:12:18,987 ] 497 gensim.topic_coherence.text_analysis - INFO - 25 batches submitted to accumulate stats from 1600 documents (168438 virtual)
[ 2025-07-30 01:12:19,031 ] 497 gensim.topic_coherence.text_analysis - INFO - 26 batches submitted to accumulate stats from 1664 documents (174971 virtual)
[ 2025-07-30 01:12:19,089 ] 497 gensim.topic_coherence.text_analysis - INFO - 27 batches submitted to accumulate stats from 1728 documents (183413 virtual)
[ 2025-07-30 01:12:19,114 ] 497 gensim.topic_coherence.text_analysis - INFO - 28 batches submitted to accumulate stats from 1792 documents (188758 virtual)
[ 2025-07-30 01:12:19,829 ] 523 gensim.topic_coherence.text_analysis - INFO - 7 accumulators retrieved from output queue
[ 2025-07-30 01:12:19,852 ] 545 gensim.topic_coherence.text_analysis - INFO - accumulated word occurrence stats for 191983 virtual documents
[ 2025-07-30 01:12:20,049 ] 577 gensim.models.ldamodel - INFO - using symmetric alpha at 0.1
[ 2025-07-30 01:12:20,049 ] 577 gensim.models.ldamodel - INFO - using symmetric eta at 0.1
[ 2025-07-30 01:12:20,056 ] 482 gensim.models.ldamodel - INFO - using serial LDA version on this node
[ 2025-07-30 01:12:20,079 ] 948 gensim.models.ldamodel - INFO - running online (multi-pass) LDA training, 10 topics, 10 passes over the supplied corpus of 1780 documents, updating model once every 1780 documents, evaluating perplexity every 0 documents, iterating 50x with a convergence threshold of 0.001000
[ 2025-07-30 01:12:20,079 ] 1002 gensim.models.ldamodel - INFO - PROGRESS: pass 0, at document #1780/1780
[ 2025-07-30 01:12:21,361 ] 1197 gensim.models.ldamodel - INFO - topic #7 (0.100): 0.015*"said" + 0.007*"year" + 0.005*"u" + 0.004*"people" + 0.004*"would" + 0.004*"also" + 0.004*"new" + 0.004*"mr" + 0.004*"one" + 0.003*"could"
[ 2025-07-30 01:12:21,361 ] 1197 gensim.models.ldamodel - INFO - topic #1 (0.100): 0.015*"said" + 0.011*"mr" + 0.006*"would" + 0.006*"people" + 0.004*"government" + 0.004*"year" + 0.004*"one" + 0.004*"game" + 0.004*"could" + 0.004*"also"
[ 2025-07-30 01:12:21,361 ] 1197 gensim.models.ldamodel - INFO - topic #6 (0.100): 0.013*"said" + 0.006*"mr" + 0.005*"year" + 0.005*"also" + 0.005*"new" + 0.004*"would" + 0.004*"first" + 0.004*"film" + 0.003*"one" + 0.003*"time"
[ 2025-07-30 01:12:21,361 ] 1197 gensim.models.ldamodel - INFO - topic #0 (0.100): 0.015*"said" + 0.006*"mr" + 0.006*"also" + 0.005*"would" + 0.005*"people" + 0.004*"new" + 0.004*"one" + 0.004*"say" + 0.004*"year" + 0.003*"u"
[ 2025-07-30 01:12:21,361 ] 1197 gensim.models.ldamodel - INFO - topic #8 (0.100): 0.015*"said" + 0.005*"game" + 0.005*"mr" + 0.005*"time" + 0.005*"year" + 0.004*"last" + 0.004*"would" + 0.004*"u" + 0.003*"people" + 0.003*"also"
[ 2025-07-30 01:12:21,361 ] 1075 gensim.models.ldamodel - INFO - topic diff=4.167768, rho=1.000000
[ 2025-07-30 01:12:21,361 ] 1002 gensim.models.ldamodel - INFO - PROGRESS: pass 1, at document #1780/1780
[ 2025-07-30 01:12:22,464 ] 1197 gensim.models.ldamodel - INFO - topic #7 (0.100): 0.015*"said" + 0.007*"year" + 0.005*"u" + 0.004*"also" + 0.004*"new" + 0.004*"would" + 0.004*"people" + 0.004*"one" + 0.004*"music" + 0.003*"mr"
[ 2025-07-30 01:12:22,464 ] 1197 gensim.models.ldamodel - INFO - topic #4 (0.100): 0.014*"said" + 0.006*"mobile" + 0.005*"year" + 0.005*"music" + 0.005*"people" + 0.005*"game" + 0.004*"new" + 0.004*"would" + 0.004*"phone" + 0.004*"technology"
[ 2025-07-30 01:12:22,464 ] 1197 gensim.models.ldamodel - INFO - topic #1 (0.100): 0.016*"said" + 0.013*"mr" + 0.007*"would" + 0.006*"people" + 0.005*"government" + 0.004*"labour" + 0.004*"election" + 0.004*"blair" + 0.004*"could" + 0.004*"one"
[ 2025-07-30 01:12:22,464 ] 1197 gensim.models.ldamodel - INFO - topic #5 (0.100): 0.009*"said" + 0.007*"year" + 0.006*"game" + 0.005*"people" + 0.005*"would" + 0.004*"player" + 0.004*"new" + 0.004*"one" + 0.004*"also" + 0.003*"make"
[ 2025-07-30 01:12:22,464 ] 1197 gensim.models.ldamodel - INFO - topic #8 (0.100): 0.013*"said" + 0.008*"game" + 0.005*"time" + 0.004*"mr" + 0.004*"club" + 0.004*"would" + 0.004*"year" + 0.004*"last" + 0.003*"u" + 0.003*"also"
[ 2025-07-30 01:12:22,464 ] 1075 gensim.models.ldamodel - INFO - topic diff=1.158940, rho=0.577350
[ 2025-07-30 01:12:22,469 ] 1002 gensim.models.ldamodel - INFO - PROGRESS: pass 2, at document #1780/1780
[ 2025-07-30 01:12:23,422 ] 1197 gensim.models.ldamodel - INFO - topic #3 (0.100): 0.011*"said" + 0.009*"film" + 0.007*"year" + 0.005*"also" + 0.005*"best" + 0.005*"one" + 0.004*"world" + 0.004*"would" + 0.004*"new" + 0.004*"u"
[ 2025-07-30 01:12:23,422 ] 1197 gensim.models.ldamodel - INFO - topic #2 (0.100): 0.019*"said" + 0.009*"mr" + 0.007*"year" + 0.007*"u" + 0.006*"bn" + 0.006*"company" + 0.006*"would" + 0.005*"firm" + 0.004*"also" + 0.004*"new"
[ 2025-07-30 01:12:23,422 ] 1197 gensim.models.ldamodel - INFO - topic #9 (0.100): 0.013*"said" + 0.007*"year" + 0.005*"u" + 0.005*"also" + 0.005*"new" + 0.004*"game" + 0.004*"one" + 0.003*"firm" + 0.003*"people" + 0.003*"could"
[ 2025-07-30 01:12:23,422 ] 1197 gensim.models.ldamodel - INFO - topic #6 (0.100): 0.011*"said" + 0.007*"film" + 0.005*"show" + 0.005*"year" + 0.005*"new" + 0.005*"also" + 0.004*"would" + 0.004*"first" + 0.004*"bbc" + 0.004*"mr"
[ 2025-07-30 01:12:23,422 ] 1197 gensim.models.ldamodel - INFO - topic #1 (0.100): 0.017*"said" + 0.015*"mr" + 0.007*"would" + 0.007*"people" + 0.006*"government" + 0.006*"labour" + 0.005*"election" + 0.005*"blair" + 0.004*"party" + 0.004*"minister"
[ 2025-07-30 01:12:23,422 ] 1075 gensim.models.ldamodel - INFO - topic diff=0.837204, rho=0.500000
[ 2025-07-30 01:12:23,422 ] 1002 gensim.models.ldamodel - INFO - PROGRESS: pass 3, at document #1780/1780
[ 2025-07-30 01:12:24,309 ] 1197 gensim.models.ldamodel - INFO - topic #1 (0.100): 0.018*"said" + 0.016*"mr" + 0.008*"would" + 0.007*"people" + 0.007*"government" + 0.006*"labour" + 0.006*"election" + 0.005*"blair" + 0.005*"party" + 0.004*"minister"
[ 2025-07-30 01:12:24,309 ] 1197 gensim.models.ldamodel - INFO - topic #0 (0.100): 0.018*"said" + 0.007*"would" + 0.007*"mr" + 0.006*"people" + 0.006*"also" + 0.005*"say" + 0.005*"new" + 0.004*"party" + 0.004*"year" + 0.003*"uk"
[ 2025-07-30 01:12:24,309 ] 1197 gensim.models.ldamodel - INFO - topic #9 (0.100): 0.013*"said" + 0.007*"year" + 0.005*"u" + 0.005*"also" + 0.005*"new" + 0.005*"game" + 0.004*"one" + 0.003*"firm" + 0.003*"could" + 0.003*"people"
[ 2025-07-30 01:12:24,309 ] 1197 gensim.models.ldamodel - INFO - topic #6 (0.100): 0.011*"said" + 0.008*"film" + 0.007*"show" + 0.005*"year" + 0.005*"new" + 0.005*"also" + 0.004*"would" + 0.004*"bbc" + 0.004*"best" + 0.004*"first"
[ 2025-07-30 01:12:24,309 ] 1197 gensim.models.ldamodel - INFO - topic #4 (0.100): 0.011*"said" + 0.009*"mobile" + 0.007*"phone" + 0.006*"music" + 0.006*"people" + 0.005*"game" + 0.005*"technology" + 0.005*"year" + 0.005*"new" + 0.004*"also"
[ 2025-07-30 01:12:24,309 ] 1075 gensim.models.ldamodel - INFO - topic diff=0.599484, rho=0.447214
[ 2025-07-30 01:12:24,309 ] 1002 gensim.models.ldamodel - INFO - PROGRESS: pass 4, at document #1780/1780
[ 2025-07-30 01:12:25,144 ] 1197 gensim.models.ldamodel - INFO - topic #7 (0.100): 0.014*"said" + 0.007*"year" + 0.004*"music" + 0.004*"u" + 0.004*"also" + 0.004*"film" + 0.004*"new" + 0.004*"one" + 0.003*"band" + 0.003*"last"
[ 2025-07-30 01:12:25,144 ] 1197 gensim.models.ldamodel - INFO - topic #2 (0.100): 0.019*"said" + 0.009*"year" + 0.008*"u" + 0.008*"bn" + 0.008*"mr" + 0.007*"company" + 0.005*"firm" + 0.005*"would" + 0.005*"market" + 0.005*"also"
[ 2025-07-30 01:12:25,144 ] 1197 gensim.models.ldamodel - INFO - topic #8 (0.100): 0.011*"said" + 0.011*"game" + 0.006*"club" + 0.006*"player" + 0.006*"time" + 0.005*"england" + 0.005*"would" + 0.004*"play" + 0.004*"win" + 0.004*"united"
[ 2025-07-30 01:12:25,144 ] 1197 gensim.models.ldamodel - INFO - topic #0 (0.100): 0.018*"said" + 0.007*"would" + 0.007*"people" + 0.007*"mr" + 0.006*"say" + 0.005*"also" + 0.005*"new" + 0.004*"year" + 0.004*"party" + 0.004*"uk"
[ 2025-07-30 01:12:25,144 ] 1197 gensim.models.ldamodel - INFO - topic #9 (0.100): 0.012*"said" + 0.007*"year" + 0.005*"u" + 0.005*"also" + 0.005*"game" + 0.005*"new" + 0.004*"one" + 0.004*"music" + 0.003*"firm" + 0.003*"could"
[ 2025-07-30 01:12:25,149 ] 1075 gensim.models.ldamodel - INFO - topic diff=0.435103, rho=0.408248
[ 2025-07-30 01:12:25,149 ] 1002 gensim.models.ldamodel - INFO - PROGRESS: pass 5, at document #1780/1780
[ 2025-07-30 01:12:25,989 ] 1197 gensim.models.ldamodel - INFO - topic #1 (0.100): 0.019*"said" + 0.017*"mr" + 0.009*"would" + 0.007*"labour" + 0.007*"government" + 0.007*"people" + 0.007*"election" + 0.006*"party" + 0.006*"blair" + 0.005*"minister"
[ 2025-07-30 01:12:25,989 ] 1197 gensim.models.ldamodel - INFO - topic #8 (0.100): 0.011*"game" + 0.011*"said" + 0.007*"player" + 0.006*"club" + 0.006*"england" + 0.006*"time" + 0.005*"would" + 0.005*"win" + 0.005*"play" + 0.004*"cup"
[ 2025-07-30 01:12:25,989 ] 1197 gensim.models.ldamodel - INFO - topic #2 (0.100): 0.018*"said" + 0.009*"year" + 0.008*"u" + 0.008*"bn" + 0.007*"mr" + 0.007*"company" + 0.006*"firm" + 0.005*"would" + 0.005*"market" + 0.005*"bank"
[ 2025-07-30 01:12:25,989 ] 1197 gensim.models.ldamodel - INFO - topic #3 (0.100): 0.011*"film" + 0.011*"said" + 0.008*"best" + 0.007*"year" + 0.006*"award" + 0.005*"also" + 0.005*"world" + 0.005*"one" + 0.004*"new" + 0.003*"director"
[ 2025-07-30 01:12:25,989 ] 1197 gensim.models.ldamodel - INFO - topic #4 (0.100): 0.011*"said" + 0.011*"mobile" + 0.008*"phone" + 0.007*"music" + 0.007*"people" + 0.006*"technology" + 0.005*"game" + 0.005*"year" + 0.005*"new" + 0.005*"digital"
[ 2025-07-30 01:12:25,989 ] 1075 gensim.models.ldamodel - INFO - topic diff=0.321386, rho=0.377964
[ 2025-07-30 01:12:25,989 ] 1002 gensim.models.ldamodel - INFO - PROGRESS: pass 6, at document #1780/1780
[ 2025-07-30 01:12:26,816 ] 1197 gensim.models.ldamodel - INFO - topic #5 (0.100): 0.010*"said" + 0.007*"people" + 0.007*"game" + 0.005*"year" + 0.004*"one" + 0.004*"search" + 0.004*"net" + 0.004*"would" + 0.004*"user" + 0.004*"site"
[ 2025-07-30 01:12:26,816 ] 1197 gensim.models.ldamodel - INFO - topic #3 (0.100): 0.012*"film" + 0.011*"said" + 0.009*"best" + 0.007*"year" + 0.007*"award" + 0.005*"also" + 0.005*"world" + 0.004*"one" + 0.004*"new" + 0.003*"director"
[ 2025-07-30 01:12:26,816 ] 1197 gensim.models.ldamodel - INFO - topic #7 (0.100): 0.014*"said" + 0.007*"year" + 0.005*"music" + 0.004*"u" + 0.004*"film" + 0.004*"band" + 0.004*"new" + 0.004*"also" + 0.004*"one" + 0.003*"law"
[ 2025-07-30 01:12:26,816 ] 1197 gensim.models.ldamodel - INFO - topic #8 (0.100): 0.011*"game" + 0.011*"said" + 0.007*"player" + 0.006*"club" + 0.006*"england" + 0.006*"time" + 0.005*"would" + 0.005*"win" + 0.005*"play" + 0.004*"cup"
[ 2025-07-30 01:12:26,816 ] 1197 gensim.models.ldamodel - INFO - topic #2 (0.100): 0.018*"said" + 0.009*"year" + 0.009*"u" + 0.008*"bn" + 0.007*"mr" + 0.007*"company" + 0.006*"firm" + 0.005*"market" + 0.005*"would" + 0.005*"bank"
[ 2025-07-30 01:12:26,818 ] 1075 gensim.models.ldamodel - INFO - topic diff=0.242148, rho=0.353553
[ 2025-07-30 01:12:26,819 ] 1002 gensim.models.ldamodel - INFO - PROGRESS: pass 7, at document #1780/1780
[ 2025-07-30 01:12:27,609 ] 1197 gensim.models.ldamodel - INFO - topic #3 (0.100): 0.012*"film" + 0.010*"said" + 0.009*"best" + 0.007*"award" + 0.007*"year" + 0.005*"also" + 0.005*"world" + 0.004*"one" + 0.004*"new" + 0.003*"director"
[ 2025-07-30 01:12:27,609 ] 1197 gensim.models.ldamodel - INFO - topic #5 (0.100): 0.010*"said" + 0.008*"people" + 0.007*"game" + 0.005*"year" + 0.005*"search" + 0.005*"net" + 0.004*"user" + 0.004*"one" + 0.004*"site" + 0.004*"would"
[ 2025-07-30 01:12:27,609 ] 1197 gensim.models.ldamodel - INFO - topic #4 (0.100): 0.011*"mobile" + 0.010*"said" + 0.009*"phone" + 0.008*"music" + 0.008*"people" + 0.007*"technology" + 0.005*"game" + 0.005*"digital" + 0.005*"also" + 0.005*"new"
[ 2025-07-30 01:12:27,609 ] 1197 gensim.models.ldamodel - INFO - topic #7 (0.100): 0.014*"said" + 0.007*"year" + 0.005*"music" + 0.004*"u" + 0.004*"band" + 0.004*"film" + 0.004*"new" + 0.004*"also" + 0.004*"one" + 0.004*"law"
[ 2025-07-30 01:12:27,609 ] 1197 gensim.models.ldamodel - INFO - topic #1 (0.100): 0.020*"said" + 0.018*"mr" + 0.009*"would" + 0.008*"labour" + 0.007*"government" + 0.007*"election" + 0.007*"people" + 0.006*"party" + 0.006*"blair" + 0.005*"minister"
[ 2025-07-30 01:12:27,609 ] 1075 gensim.models.ldamodel - INFO - topic diff=0.186250, rho=0.333333
[ 2025-07-30 01:12:27,609 ] 1002 gensim.models.ldamodel - INFO - PROGRESS: pass 8, at document #1780/1780
[ 2025-07-30 01:12:28,389 ] 1197 gensim.models.ldamodel - INFO - topic #2 (0.100): 0.018*"said" + 0.010*"year" + 0.009*"u" + 0.009*"bn" + 0.007*"company" + 0.007*"mr" + 0.006*"firm" + 0.006*"market" + 0.005*"bank" + 0.005*"sale"
[ 2025-07-30 01:12:28,389 ] 1197 gensim.models.ldamodel - INFO - topic #1 (0.100): 0.020*"said" + 0.018*"mr" + 0.009*"would" + 0.008*"labour" + 0.007*"government" + 0.007*"election" + 0.007*"people" + 0.006*"party" + 0.006*"blair" + 0.006*"minister"
[ 2025-07-30 01:12:28,389 ] 1197 gensim.models.ldamodel - INFO - topic #6 (0.100): 0.011*"film" + 0.010*"show" + 0.010*"said" + 0.006*"best" + 0.005*"year" + 0.005*"new" + 0.005*"bbc" + 0.005*"tv" + 0.005*"also" + 0.005*"actor"
[ 2025-07-30 01:12:28,389 ] 1197 gensim.models.ldamodel - INFO - topic #7 (0.100): 0.014*"said" + 0.007*"year" + 0.005*"music" + 0.005*"band" + 0.004*"u" + 0.004*"film" + 0.004*"new" + 0.004*"one" + 0.004*"also" + 0.004*"law"
[ 2025-07-30 01:12:28,389 ] 1197 gensim.models.ldamodel - INFO - topic #0 (0.100): 0.019*"said" + 0.008*"would" + 0.007*"people" + 0.006*"mr" + 0.006*"say" + 0.005*"new" + 0.005*"also" + 0.004*"year" + 0.004*"could" + 0.004*"uk"
[ 2025-07-30 01:12:28,399 ] 1075 gensim.models.ldamodel - INFO - topic diff=0.146205, rho=0.316228
[ 2025-07-30 01:12:28,399 ] 1002 gensim.models.ldamodel - INFO - PROGRESS: pass 9, at document #1780/1780
[ 2025-07-30 01:12:29,181 ] 1197 gensim.models.ldamodel - INFO - topic #9 (0.100): 0.012*"said" + 0.006*"year" + 0.006*"game" + 0.005*"u" + 0.005*"also" + 0.005*"one" + 0.005*"new" + 0.005*"music" + 0.004*"dvd" + 0.004*"number"
[ 2025-07-30 01:12:29,181 ] 1197 gensim.models.ldamodel - INFO - topic #0 (0.100): 0.019*"said" + 0.008*"would" + 0.007*"people" + 0.006*"say" + 0.006*"mr" + 0.005*"new" + 0.005*"also" + 0.004*"year" + 0.004*"could" + 0.004*"uk"
[ 2025-07-30 01:12:29,181 ] 1197 gensim.models.ldamodel - INFO - topic #8 (0.100): 0.011*"game" + 0.010*"said" + 0.007*"player" + 0.007*"england" + 0.006*"club" + 0.006*"win" + 0.006*"time" + 0.005*"would" + 0.005*"play" + 0.004*"cup"
[ 2025-07-30 01:12:29,181 ] 1197 gensim.models.ldamodel - INFO - topic #6 (0.100): 0.011*"film" + 0.011*"show" + 0.009*"said" + 0.007*"best" + 0.005*"tv" + 0.005*"year" + 0.005*"new" + 0.005*"bbc" + 0.005*"also" + 0.005*"actor"
[ 2025-07-30 01:12:29,181 ] 1197 gensim.models.ldamodel - INFO - topic #4 (0.100): 0.012*"mobile" + 0.011*"said" + 0.010*"phone" + 0.008*"people" + 0.008*"music" + 0.007*"technology" + 0.006*"digital" + 0.005*"game" + 0.005*"also" + 0.005*"new"
[ 2025-07-30 01:12:29,181 ] 1075 gensim.models.ldamodel - INFO - topic diff=0.117085, rho=0.301511
[ 2025-07-30 01:12:29,181 ] 448 gensim.utils - INFO - LdaModel lifecycle event {'msg': 'trained LdaModel<num_terms=24736, num_topics=10, decay=0.5, chunksize=2000> in 9.10s', 'datetime': '2025-07-30T01:12:29.181493', 'gensim': '4.3.2', 'python': '3.10.0 | packaged by conda-forge | (default, Nov 10 2021, 13:20:59) [MSC v.1916 64 bit (AMD64)]', 'platform': 'Windows-10-10.0.26100-SP0', 'event': 'created'}
[ 2025-07-30 01:12:29,181 ] 155 gensim.topic_coherence.probability_estimation - INFO - using ParallelWordOccurrenceAccumulator<processes=7, batch_size=64> to estimate probabilities from sliding windows
[ 2025-07-30 01:12:38,928 ] 497 gensim.topic_coherence.text_analysis - INFO - 1 batches submitted to accumulate stats from 64 documents (6942 virtual)
[ 2025-07-30 01:12:38,933 ] 497 gensim.topic_coherence.text_analysis - INFO - 2 batches submitted to accumulate stats from 128 documents (13434 virtual)
[ 2025-07-30 01:12:38,936 ] 497 gensim.topic_coherence.text_analysis - INFO - 3 batches submitted to accumulate stats from 192 documents (20556 virtual)
[ 2025-07-30 01:12:38,939 ] 497 gensim.topic_coherence.text_analysis - INFO - 4 batches submitted to accumulate stats from 256 documents (27323 virtual)
[ 2025-07-30 01:12:38,945 ] 497 gensim.topic_coherence.text_analysis - INFO - 5 batches submitted to accumulate stats from 320 documents (33577 virtual)
[ 2025-07-30 01:12:38,950 ] 497 gensim.topic_coherence.text_analysis - INFO - 6 batches submitted to accumulate stats from 384 documents (39721 virtual)
[ 2025-07-30 01:12:38,957 ] 497 gensim.topic_coherence.text_analysis - INFO - 7 batches submitted to accumulate stats from 448 documents (45961 virtual)
[ 2025-07-30 01:12:38,971 ] 497 gensim.topic_coherence.text_analysis - INFO - 8 batches submitted to accumulate stats from 512 documents (52427 virtual)
[ 2025-07-30 01:12:38,979 ] 497 gensim.topic_coherence.text_analysis - INFO - 9 batches submitted to accumulate stats from 576 documents (58834 virtual)
[ 2025-07-30 01:12:38,985 ] 497 gensim.topic_coherence.text_analysis - INFO - 10 batches submitted to accumulate stats from 640 documents (64784 virtual)
[ 2025-07-30 01:12:38,991 ] 497 gensim.topic_coherence.text_analysis - INFO - 11 batches submitted to accumulate stats from 704 documents (70664 virtual)
[ 2025-07-30 01:12:39,015 ] 497 gensim.topic_coherence.text_analysis - INFO - 12 batches submitted to accumulate stats from 768 documents (78298 virtual)
[ 2025-07-30 01:12:39,055 ] 497 gensim.topic_coherence.text_analysis - INFO - 13 batches submitted to accumulate stats from 832 documents (84982 virtual)
[ 2025-07-30 01:12:39,061 ] 497 gensim.topic_coherence.text_analysis - INFO - 14 batches submitted to accumulate stats from 896 documents (92202 virtual)
[ 2025-07-30 01:12:39,324 ] 497 gensim.topic_coherence.text_analysis - INFO - 15 batches submitted to accumulate stats from 960 documents (99602 virtual)
[ 2025-07-30 01:12:39,351 ] 497 gensim.topic_coherence.text_analysis - INFO - 16 batches submitted to accumulate stats from 1024 documents (107501 virtual)
[ 2025-07-30 01:12:39,357 ] 497 gensim.topic_coherence.text_analysis - INFO - 17 batches submitted to accumulate stats from 1088 documents (113490 virtual)
[ 2025-07-30 01:12:39,385 ] 497 gensim.topic_coherence.text_analysis - INFO - 18 batches submitted to accumulate stats from 1152 documents (120722 virtual)
[ 2025-07-30 01:12:39,393 ] 497 gensim.topic_coherence.text_analysis - INFO - 19 batches submitted to accumulate stats from 1216 documents (127735 virtual)
[ 2025-07-30 01:12:39,412 ] 497 gensim.topic_coherence.text_analysis - INFO - 20 batches submitted to accumulate stats from 1280 documents (133391 virtual)
[ 2025-07-30 01:12:39,445 ] 497 gensim.topic_coherence.text_analysis - INFO - 21 batches submitted to accumulate stats from 1344 documents (139003 virtual)
[ 2025-07-30 01:12:39,691 ] 497 gensim.topic_coherence.text_analysis - INFO - 22 batches submitted to accumulate stats from 1408 documents (145970 virtual)
[ 2025-07-30 01:12:39,719 ] 497 gensim.topic_coherence.text_analysis - INFO - 23 batches submitted to accumulate stats from 1472 documents (154770 virtual)
[ 2025-07-30 01:12:39,753 ] 497 gensim.topic_coherence.text_analysis - INFO - 24 batches submitted to accumulate stats from 1536 documents (161685 virtual)
[ 2025-07-30 01:12:39,795 ] 497 gensim.topic_coherence.text_analysis - INFO - 25 batches submitted to accumulate stats from 1600 documents (168438 virtual)
[ 2025-07-30 01:12:39,835 ] 497 gensim.topic_coherence.text_analysis - INFO - 26 batches submitted to accumulate stats from 1664 documents (174971 virtual)
[ 2025-07-30 01:12:39,855 ] 497 gensim.topic_coherence.text_analysis - INFO - 27 batches submitted to accumulate stats from 1728 documents (183413 virtual)
[ 2025-07-30 01:12:39,915 ] 497 gensim.topic_coherence.text_analysis - INFO - 28 batches submitted to accumulate stats from 1792 documents (188758 virtual)
[ 2025-07-30 01:12:40,909 ] 523 gensim.topic_coherence.text_analysis - INFO - 7 accumulators retrieved from output queue
[ 2025-07-30 01:12:40,935 ] 545 gensim.topic_coherence.text_analysis - INFO - accumulated word occurrence stats for 191983 virtual documents
[ 2025-07-30 01:12:41,285 ] 577 gensim.models.ldamodel - INFO - using symmetric alpha at 0.06666666666666667
[ 2025-07-30 01:12:41,285 ] 577 gensim.models.ldamodel - INFO - using symmetric eta at 0.06666666666666667
[ 2025-07-30 01:12:41,287 ] 482 gensim.models.ldamodel - INFO - using serial LDA version on this node
[ 2025-07-30 01:12:41,319 ] 948 gensim.models.ldamodel - INFO - running online (multi-pass) LDA training, 15 topics, 10 passes over the supplied corpus of 1780 documents, updating model once every 1780 documents, evaluating perplexity every 0 documents, iterating 50x with a convergence threshold of 0.001000
[ 2025-07-30 01:12:41,319 ] 1002 gensim.models.ldamodel - INFO - PROGRESS: pass 0, at document #1780/1780
[ 2025-07-30 01:12:42,641 ] 1197 gensim.models.ldamodel - INFO - topic #0 (0.067): 0.016*"said" + 0.006*"mr" + 0.006*"people" + 0.005*"also" + 0.005*"would" + 0.005*"new" + 0.004*"one" + 0.004*"year" + 0.004*"best" + 0.004*"uk"
[ 2025-07-30 01:12:42,641 ] 1197 gensim.models.ldamodel - INFO - topic #4 (0.067): 0.016*"said" + 0.006*"year" + 0.004*"would" + 0.004*"new" + 0.004*"people" + 0.004*"game" + 0.003*"music" + 0.003*"best" + 0.003*"mobile" + 0.003*"uk"
[ 2025-07-30 01:12:42,641 ] 1197 gensim.models.ldamodel - INFO - topic #5 (0.067): 0.008*"said" + 0.008*"year" + 0.005*"would" + 0.005*"people" + 0.004*"game" + 0.004*"player" + 0.004*"new" + 0.004*"make" + 0.003*"mr" + 0.003*"one"
[ 2025-07-30 01:12:42,641 ] 1197 gensim.models.ldamodel - INFO - topic #9 (0.067): 0.015*"said" + 0.008*"year" + 0.006*"new" + 0.004*"also" + 0.004*"u" + 0.004*"one" + 0.004*"mr" + 0.004*"people" + 0.004*"would" + 0.004*"last"
[ 2025-07-30 01:12:42,641 ] 1197 gensim.models.ldamodel - INFO - topic #3 (0.067): 0.012*"said" + 0.007*"year" + 0.006*"would" + 0.005*"one" + 0.005*"also" + 0.005*"film" + 0.004*"mr" + 0.004*"u" + 0.004*"new" + 0.003*"world"
[ 2025-07-30 01:12:42,643 ] 1075 gensim.models.ldamodel - INFO - topic diff=6.514936, rho=1.000000
[ 2025-07-30 01:12:42,643 ] 1002 gensim.models.ldamodel - INFO - PROGRESS: pass 1, at document #1780/1780
[ 2025-07-30 01:12:43,809 ] 1197 gensim.models.ldamodel - INFO - topic #14 (0.067): 0.007*"said" + 0.005*"u" + 0.005*"year" + 0.004*"game" + 0.004*"first" + 0.003*"two" + 0.003*"second" + 0.003*"last" + 0.003*"one" + 0.003*"also"
[ 2025-07-30 01:12:43,809 ] 1197 gensim.models.ldamodel - INFO - topic #11 (0.067): 0.010*"said" + 0.006*"would" + 0.006*"people" + 0.005*"year" + 0.005*"mr" + 0.005*"also" + 0.005*"say" + 0.004*"film" + 0.004*"mobile" + 0.004*"one"
[ 2025-07-30 01:12:43,809 ] 1197 gensim.models.ldamodel - INFO - topic #10 (0.067): 0.012*"said" + 0.007*"would" + 0.005*"mr" + 0.005*"party" + 0.004*"new" + 0.004*"also" + 0.004*"game" + 0.004*"year" + 0.004*"could" + 0.004*"people"
[ 2025-07-30 01:12:43,809 ] 1197 gensim.models.ldamodel - INFO - topic #13 (0.067): 0.019*"said" + 0.008*"year" + 0.007*"u" + 0.005*"bn" + 0.005*"also" + 0.005*"growth" + 0.004*"month" + 0.004*"would" + 0.004*"economy" + 0.004*"new"
[ 2025-07-30 01:12:43,809 ] 1197 gensim.models.ldamodel - INFO - topic #2 (0.067): 0.019*"said" + 0.010*"mr" + 0.007*"company" + 0.007*"would" + 0.006*"year" + 0.005*"u" + 0.004*"new" + 0.004*"firm" + 0.004*"also" + 0.004*"bn"
[ 2025-07-30 01:12:43,809 ] 1075 gensim.models.ldamodel - INFO - topic diff=1.548476, rho=0.577350
[ 2025-07-30 01:12:43,809 ] 1002 gensim.models.ldamodel - INFO - PROGRESS: pass 2, at document #1780/1780
[ 2025-07-30 01:12:44,859 ] 1197 gensim.models.ldamodel - INFO - topic #2 (0.067): 0.019*"said" + 0.010*"mr" + 0.008*"company" + 0.007*"would" + 0.005*"year" + 0.005*"firm" + 0.005*"u" + 0.005*"bn" + 0.004*"new" + 0.004*"also"
[ 2025-07-30 01:12:44,859 ] 1197 gensim.models.ldamodel - INFO - topic #9 (0.067): 0.013*"said" + 0.008*"year" + 0.005*"u" + 0.005*"one" + 0.005*"new" + 0.005*"also" + 0.004*"last" + 0.003*"game" + 0.003*"could" + 0.003*"number"
[ 2025-07-30 01:12:44,859 ] 1197 gensim.models.ldamodel - INFO - topic #11 (0.067): 0.010*"said" + 0.007*"people" + 0.006*"would" + 0.005*"year" + 0.005*"mr" + 0.005*"say" + 0.005*"also" + 0.005*"mobile" + 0.004*"film" + 0.004*"phone"
[ 2025-07-30 01:12:44,859 ] 1197 gensim.models.ldamodel - INFO - topic #4 (0.067): 0.013*"said" + 0.008*"mobile" + 0.007*"music" + 0.007*"game" + 0.006*"people" + 0.006*"phone" + 0.006*"technology" + 0.005*"new" + 0.005*"year" + 0.004*"would"
[ 2025-07-30 01:12:44,859 ] 1197 gensim.models.ldamodel - INFO - topic #8 (0.067): 0.013*"said" + 0.009*"game" + 0.007*"england" + 0.006*"club" + 0.005*"player" + 0.005*"time" + 0.004*"win" + 0.004*"last" + 0.004*"united" + 0.004*"wale"
[ 2025-07-30 01:12:44,859 ] 1075 gensim.models.ldamodel - INFO - topic diff=1.168287, rho=0.500000
[ 2025-07-30 01:12:44,864 ] 1002 gensim.models.ldamodel - INFO - PROGRESS: pass 3, at document #1780/1780
[ 2025-07-30 01:12:45,834 ] 1197 gensim.models.ldamodel - INFO - topic #6 (0.067): 0.011*"said" + 0.009*"film" + 0.008*"show" + 0.006*"new" + 0.006*"year" + 0.005*"bbc" + 0.004*"first" + 0.004*"actor" + 0.004*"also" + 0.004*"one"
[ 2025-07-30 01:12:45,834 ] 1197 gensim.models.ldamodel - INFO - topic #7 (0.067): 0.016*"said" + 0.007*"year" + 0.006*"music" + 0.005*"band" + 0.004*"also" + 0.004*"u" + 0.004*"film" + 0.004*"new" + 0.004*"one" + 0.003*"would"
[ 2025-07-30 01:12:45,834 ] 1197 gensim.models.ldamodel - INFO - topic #11 (0.067): 0.010*"said" + 0.007*"people" + 0.005*"year" + 0.005*"would" + 0.005*"say" + 0.005*"mobile" + 0.005*"mr" + 0.005*"also" + 0.004*"phone" + 0.004*"film"
[ 2025-07-30 01:12:45,839 ] 1197 gensim.models.ldamodel - INFO - topic #0 (0.067): 0.017*"said" + 0.007*"people" + 0.006*"also" + 0.005*"would" + 0.005*"mr" + 0.005*"new" + 0.004*"say" + 0.004*"year" + 0.004*"one" + 0.004*"best"
[ 2025-07-30 01:12:45,839 ] 1197 gensim.models.ldamodel - INFO - topic #4 (0.067): 0.013*"said" + 0.009*"mobile" + 0.009*"music" + 0.007*"phone" + 0.007*"people" + 0.007*"game" + 0.007*"technology" + 0.006*"new" + 0.005*"gadget" + 0.005*"digital"
[ 2025-07-30 01:12:45,839 ] 1075 gensim.models.ldamodel - INFO - topic diff=0.866230, rho=0.447214
[ 2025-07-30 01:12:45,842 ] 1002 gensim.models.ldamodel - INFO - PROGRESS: pass 4, at document #1780/1780
[ 2025-07-30 01:12:46,759 ] 1197 gensim.models.ldamodel - INFO - topic #13 (0.067): 0.020*"said" + 0.011*"year" + 0.008*"u" + 0.008*"bn" + 0.006*"market" + 0.006*"growth" + 0.006*"economy" + 0.006*"price" + 0.005*"also" + 0.005*"month"
[ 2025-07-30 01:12:46,759 ] 1197 gensim.models.ldamodel - INFO - topic #8 (0.067): 0.012*"said" + 0.011*"game" + 0.008*"england" + 0.007*"club" + 0.007*"player" + 0.005*"win" + 0.005*"time" + 0.005*"wale" + 0.005*"would" + 0.004*"team"
[ 2025-07-30 01:12:46,759 ] 1197 gensim.models.ldamodel - INFO - topic #14 (0.067): 0.006*"second" + 0.006*"first" + 0.005*"win" + 0.005*"minute" + 0.005*"ireland" + 0.005*"said" + 0.005*"two" + 0.005*"game" + 0.004*"j" + 0.004*"final"
[ 2025-07-30 01:12:46,759 ] 1197 gensim.models.ldamodel - INFO - topic #4 (0.067): 0.013*"said" + 0.011*"mobile" + 0.009*"music" + 0.008*"phone" + 0.008*"people" + 0.007*"technology" + 0.007*"game" + 0.006*"digital" + 0.006*"gadget" + 0.006*"new"
[ 2025-07-30 01:12:46,759 ] 1197 gensim.models.ldamodel - INFO - topic #12 (0.067): 0.013*"said" + 0.012*"mr" + 0.006*"also" + 0.006*"game" + 0.005*"would" + 0.004*"new" + 0.004*"time" + 0.004*"year" + 0.003*"say" + 0.003*"people"
[ 2025-07-30 01:12:46,759 ] 1075 gensim.models.ldamodel - INFO - topic diff=0.642348, rho=0.408248
[ 2025-07-30 01:12:46,759 ] 1002 gensim.models.ldamodel - INFO - PROGRESS: pass 5, at document #1780/1780
[ 2025-07-30 01:12:47,706 ] 1197 gensim.models.ldamodel - INFO - topic #2 (0.067): 0.018*"said" + 0.010*"mr" + 0.009*"company" + 0.007*"firm" + 0.006*"would" + 0.006*"u" + 0.005*"bn" + 0.005*"year" + 0.004*"new" + 0.004*"government"
[ 2025-07-30 01:12:47,706 ] 1197 gensim.models.ldamodel - INFO - topic #0 (0.067): 0.017*"said" + 0.007*"people" + 0.005*"also" + 0.005*"new" + 0.005*"would" + 0.005*"mr" + 0.004*"one" + 0.004*"phone" + 0.004*"woman" + 0.004*"year"
[ 2025-07-30 01:12:47,706 ] 1197 gensim.models.ldamodel - INFO - topic #3 (0.067): 0.015*"film" + 0.011*"said" + 0.011*"best" + 0.008*"award" + 0.007*"year" + 0.006*"also" + 0.004*"director" + 0.004*"world" + 0.004*"one" + 0.004*"star"
[ 2025-07-30 01:12:47,706 ] 1197 gensim.models.ldamodel - INFO - topic #10 (0.067): 0.012*"said" + 0.008*"would" + 0.007*"party" + 0.006*"mr" + 0.005*"new" + 0.005*"kilroysilk" + 0.005*"ukip" + 0.004*"card" + 0.004*"game" + 0.004*"could"
[ 2025-07-30 01:12:47,706 ] 1197 gensim.models.ldamodel - INFO - topic #8 (0.067): 0.012*"said" + 0.011*"game" + 0.009*"england" + 0.008*"player" + 0.008*"club" + 0.006*"win" + 0.005*"time" + 0.005*"would" + 0.005*"wale" + 0.005*"team"
[ 2025-07-30 01:12:47,709 ] 1075 gensim.models.ldamodel - INFO - topic diff=0.480396, rho=0.377964
[ 2025-07-30 01:12:47,709 ] 1002 gensim.models.ldamodel - INFO - PROGRESS: pass 6, at document #1780/1780
[ 2025-07-30 01:12:48,621 ] 1197 gensim.models.ldamodel - INFO - topic #6 (0.067): 0.012*"film" + 0.012*"show" + 0.010*"said" + 0.006*"new" + 0.006*"year" + 0.006*"tv" + 0.005*"bbc" + 0.005*"actor" + 0.004*"first" + 0.004*"also"
[ 2025-07-30 01:12:48,726 ] 1197 gensim.models.ldamodel - INFO - topic #7 (0.067): 0.015*"said" + 0.007*"year" + 0.006*"music" + 0.006*"band" + 0.005*"film" + 0.005*"u" + 0.004*"also" + 0.004*"new" + 0.004*"patent" + 0.004*"one"
[ 2025-07-30 01:12:48,726 ] 1197 gensim.models.ldamodel - INFO - topic #8 (0.067): 0.012*"said" + 0.011*"game" + 0.009*"england" + 0.008*"player" + 0.008*"club" + 0.006*"win" + 0.005*"would" + 0.005*"time" + 0.005*"team" + 0.005*"wale"
[ 2025-07-30 01:12:48,726 ] 1197 gensim.models.ldamodel - INFO - topic #9 (0.067): 0.012*"said" + 0.008*"year" + 0.006*"u" + 0.006*"one" + 0.005*"also" + 0.005*"chart" + 0.005*"album" + 0.004*"new" + 0.004*"number" + 0.004*"music"
[ 2025-07-30 01:12:48,726 ] 1197 gensim.models.ldamodel - INFO - topic #1 (0.067): 0.020*"said" + 0.019*"mr" + 0.010*"would" + 0.009*"labour" + 0.008*"government" + 0.008*"election" + 0.007*"blair" + 0.007*"people" + 0.007*"minister" + 0.006*"tory"
[ 2025-07-30 01:12:48,729 ] 1075 gensim.models.ldamodel - INFO - topic diff=0.363692, rho=0.353553
[ 2025-07-30 01:12:48,729 ] 1002 gensim.models.ldamodel - INFO - PROGRESS: pass 7, at document #1780/1780
[ 2025-07-30 01:12:49,613 ] 1197 gensim.models.ldamodel - INFO - topic #2 (0.067): 0.017*"said" + 0.010*"mr" + 0.009*"company" + 0.008*"firm" + 0.006*"u" + 0.006*"would" + 0.005*"bn" + 0.005*"year" + 0.004*"court" + 0.004*"government"
[ 2025-07-30 01:12:49,613 ] 1197 gensim.models.ldamodel - INFO - topic #14 (0.067): 0.008*"second" + 0.007*"first" + 0.006*"win" + 0.006*"minute" + 0.006*"ireland" + 0.005*"final" + 0.005*"two" + 0.005*"set" + 0.005*"game" + 0.005*"match"
[ 2025-07-30 01:12:49,613 ] 1197 gensim.models.ldamodel - INFO - topic #13 (0.067): 0.020*"said" + 0.012*"year" + 0.009*"u" + 0.009*"bn" + 0.007*"market" + 0.006*"growth" + 0.006*"price" + 0.006*"economy" + 0.005*"month" + 0.005*"sale"
[ 2025-07-30 01:12:49,613 ] 1197 gensim.models.ldamodel - INFO - topic #0 (0.067): 0.017*"said" + 0.007*"people" + 0.005*"also" + 0.005*"new" + 0.004*"would" + 0.004*"woman" + 0.004*"mr" + 0.004*"one" + 0.004*"phone" + 0.004*"year"
[ 2025-07-30 01:12:49,613 ] 1197 gensim.models.ldamodel - INFO - topic #9 (0.067): 0.011*"said" + 0.008*"year" + 0.007*"u" + 0.006*"one" + 0.006*"also" + 0.005*"chart" + 0.005*"album" + 0.005*"number" + 0.004*"single" + 0.004*"music"
[ 2025-07-30 01:12:49,615 ] 1075 gensim.models.ldamodel - INFO - topic diff=0.279687, rho=0.333333
[ 2025-07-30 01:12:49,615 ] 1002 gensim.models.ldamodel - INFO - PROGRESS: pass 8, at document #1780/1780
[ 2025-07-30 01:12:50,528 ] 1197 gensim.models.ldamodel - INFO - topic #8 (0.067): 0.012*"said" + 0.011*"game" + 0.009*"england" + 0.009*"player" + 0.008*"club" + 0.006*"win" + 0.005*"would" + 0.005*"time" + 0.005*"team" + 0.005*"play"
[ 2025-07-30 01:12:50,528 ] 1197 gensim.models.ldamodel - INFO - topic #1 (0.067): 0.020*"said" + 0.020*"mr" + 0.011*"would" + 0.009*"labour" + 0.008*"government" + 0.008*"election" + 0.007*"minister" + 0.007*"blair" + 0.007*"people" + 0.006*"party"
[ 2025-07-30 01:12:50,529 ] 1197 gensim.models.ldamodel - INFO - topic #11 (0.067): 0.009*"said" + 0.008*"people" + 0.005*"dvd" + 0.005*"year" + 0.005*"say" + 0.005*"film" + 0.004*"also" + 0.004*"phone" + 0.004*"mr" + 0.004*"mobile"
[ 2025-07-30 01:12:50,529 ] 1197 gensim.models.ldamodel - INFO - topic #3 (0.067): 0.018*"film" + 0.013*"best" + 0.011*"said" + 0.010*"award" + 0.007*"year" + 0.006*"also" + 0.005*"director" + 0.005*"world" + 0.004*"star" + 0.004*"one"
[ 2025-07-30 01:12:50,529 ] 1197 gensim.models.ldamodel - INFO - topic #5 (0.067): 0.011*"said" + 0.010*"people" + 0.008*"game" + 0.008*"net" + 0.007*"search" + 0.007*"user" + 0.006*"site" + 0.005*"web" + 0.005*"year" + 0.005*"make"
[ 2025-07-30 01:12:50,531 ] 1075 gensim.models.ldamodel - INFO - topic diff=0.218657, rho=0.316228
[ 2025-07-30 01:12:50,531 ] 1002 gensim.models.ldamodel - INFO - PROGRESS: pass 9, at document #1780/1780
[ 2025-07-30 01:12:51,389 ] 1197 gensim.models.ldamodel - INFO - topic #2 (0.067): 0.017*"said" + 0.010*"mr" + 0.009*"company" + 0.008*"firm" + 0.007*"u" + 0.006*"would" + 0.005*"court" + 0.005*"bn" + 0.005*"year" + 0.004*"security"
[ 2025-07-30 01:12:51,394 ] 1197 gensim.models.ldamodel - INFO - topic #8 (0.067): 0.012*"said" + 0.011*"game" + 0.009*"england" + 0.009*"player" + 0.008*"club" + 0.006*"would" + 0.006*"win" + 0.005*"time" + 0.005*"team" + 0.005*"play"
[ 2025-07-30 01:12:51,394 ] 1197 gensim.models.ldamodel - INFO - topic #4 (0.067): 0.013*"mobile" + 0.012*"said" + 0.010*"music" + 0.010*"phone" + 0.009*"people" + 0.009*"technology" + 0.008*"game" + 0.007*"digital" + 0.006*"gadget" + 0.006*"new"
[ 2025-07-30 01:12:51,394 ] 1197 gensim.models.ldamodel - INFO - topic #6 (0.067): 0.014*"show" + 0.012*"film" + 0.010*"said" + 0.007*"tv" + 0.006*"new" + 0.006*"bbc" + 0.006*"year" + 0.006*"actor" + 0.004*"u" + 0.004*"also"
[ 2025-07-30 01:12:51,394 ] 1197 gensim.models.ldamodel - INFO - topic #5 (0.067): 0.012*"said" + 0.011*"people" + 0.008*"game" + 0.008*"net" + 0.008*"search" + 0.007*"user" + 0.006*"site" + 0.005*"web" + 0.005*"make" + 0.005*"google"
[ 2025-07-30 01:12:51,394 ] 1075 gensim.models.ldamodel - INFO - topic diff=0.173878, rho=0.301511
[ 2025-07-30 01:12:51,394 ] 448 gensim.utils - INFO - LdaModel lifecycle event {'msg': 'trained LdaModel<num_terms=24736, num_topics=15, decay=0.5, chunksize=2000> in 10.07s', 'datetime': '2025-07-30T01:12:51.394452', 'gensim': '4.3.2', 'python': '3.10.0 | packaged by conda-forge | (default, Nov 10 2021, 13:20:59) [MSC v.1916 64 bit (AMD64)]', 'platform': 'Windows-10-10.0.26100-SP0', 'event': 'created'}
[ 2025-07-30 01:12:51,399 ] 155 gensim.topic_coherence.probability_estimation - INFO - using ParallelWordOccurrenceAccumulator<processes=7, batch_size=64> to estimate probabilities from sliding windows
[ 2025-07-30 01:13:02,169 ] 497 gensim.topic_coherence.text_analysis - INFO - 1 batches submitted to accumulate stats from 64 documents (6942 virtual)
[ 2025-07-30 01:13:02,174 ] 497 gensim.topic_coherence.text_analysis - INFO - 2 batches submitted to accumulate stats from 128 documents (13434 virtual)
[ 2025-07-30 01:13:02,181 ] 497 gensim.topic_coherence.text_analysis - INFO - 3 batches submitted to accumulate stats from 192 documents (20556 virtual)
[ 2025-07-30 01:13:02,183 ] 497 gensim.topic_coherence.text_analysis - INFO - 4 batches submitted to accumulate stats from 256 documents (27323 virtual)
[ 2025-07-30 01:13:02,183 ] 497 gensim.topic_coherence.text_analysis - INFO - 5 batches submitted to accumulate stats from 320 documents (33577 virtual)
[ 2025-07-30 01:13:02,193 ] 497 gensim.topic_coherence.text_analysis - INFO - 6 batches submitted to accumulate stats from 384 documents (39721 virtual)
[ 2025-07-30 01:13:02,197 ] 497 gensim.topic_coherence.text_analysis - INFO - 7 batches submitted to accumulate stats from 448 documents (45961 virtual)
[ 2025-07-30 01:13:02,205 ] 497 gensim.topic_coherence.text_analysis - INFO - 8 batches submitted to accumulate stats from 512 documents (52427 virtual)
[ 2025-07-30 01:13:02,215 ] 497 gensim.topic_coherence.text_analysis - INFO - 9 batches submitted to accumulate stats from 576 documents (58834 virtual)
[ 2025-07-30 01:13:02,227 ] 497 gensim.topic_coherence.text_analysis - INFO - 10 batches submitted to accumulate stats from 640 documents (64784 virtual)
[ 2025-07-30 01:13:02,231 ] 497 gensim.topic_coherence.text_analysis - INFO - 11 batches submitted to accumulate stats from 704 documents (70664 virtual)
[ 2025-07-30 01:13:02,259 ] 497 gensim.topic_coherence.text_analysis - INFO - 12 batches submitted to accumulate stats from 768 documents (78298 virtual)
[ 2025-07-30 01:13:02,393 ] 497 gensim.topic_coherence.text_analysis - INFO - 13 batches submitted to accumulate stats from 832 documents (84982 virtual)
[ 2025-07-30 01:13:02,399 ] 497 gensim.topic_coherence.text_analysis - INFO - 14 batches submitted to accumulate stats from 896 documents (92202 virtual)
[ 2025-07-30 01:13:02,663 ] 497 gensim.topic_coherence.text_analysis - INFO - 15 batches submitted to accumulate stats from 960 documents (99602 virtual)
[ 2025-07-30 01:13:02,677 ] 497 gensim.topic_coherence.text_analysis - INFO - 16 batches submitted to accumulate stats from 1024 documents (107501 virtual)
[ 2025-07-30 01:13:02,756 ] 497 gensim.topic_coherence.text_analysis - INFO - 17 batches submitted to accumulate stats from 1088 documents (113490 virtual)
[ 2025-07-30 01:13:02,761 ] 497 gensim.topic_coherence.text_analysis - INFO - 18 batches submitted to accumulate stats from 1152 documents (120722 virtual)
[ 2025-07-30 01:13:02,777 ] 497 gensim.topic_coherence.text_analysis - INFO - 19 batches submitted to accumulate stats from 1216 documents (127735 virtual)
[ 2025-07-30 01:13:02,813 ] 497 gensim.topic_coherence.text_analysis - INFO - 20 batches submitted to accumulate stats from 1280 documents (133391 virtual)
[ 2025-07-30 01:13:02,825 ] 497 gensim.topic_coherence.text_analysis - INFO - 21 batches submitted to accumulate stats from 1344 documents (139003 virtual)
[ 2025-07-30 01:13:03,169 ] 497 gensim.topic_coherence.text_analysis - INFO - 22 batches submitted to accumulate stats from 1408 documents (145970 virtual)
[ 2025-07-30 01:13:03,207 ] 497 gensim.topic_coherence.text_analysis - INFO - 23 batches submitted to accumulate stats from 1472 documents (154770 virtual)
[ 2025-07-30 01:13:03,229 ] 497 gensim.topic_coherence.text_analysis - INFO - 24 batches submitted to accumulate stats from 1536 documents (161685 virtual)
[ 2025-07-30 01:13:03,335 ] 497 gensim.topic_coherence.text_analysis - INFO - 25 batches submitted to accumulate stats from 1600 documents (168438 virtual)
[ 2025-07-30 01:13:03,405 ] 497 gensim.topic_coherence.text_analysis - INFO - 26 batches submitted to accumulate stats from 1664 documents (174971 virtual)
[ 2025-07-30 01:13:03,411 ] 497 gensim.topic_coherence.text_analysis - INFO - 27 batches submitted to accumulate stats from 1728 documents (183413 virtual)
[ 2025-07-30 01:13:03,467 ] 497 gensim.topic_coherence.text_analysis - INFO - 28 batches submitted to accumulate stats from 1792 documents (188758 virtual)
[ 2025-07-30 01:13:04,822 ] 523 gensim.topic_coherence.text_analysis - INFO - 7 accumulators retrieved from output queue
[ 2025-07-30 01:13:04,853 ] 545 gensim.topic_coherence.text_analysis - INFO - accumulated word occurrence stats for 191983 virtual documents
[ 2025-07-30 01:13:05,401 ] 577 gensim.models.ldamodel - INFO - using symmetric alpha at 0.05
[ 2025-07-30 01:13:05,401 ] 577 gensim.models.ldamodel - INFO - using symmetric eta at 0.05
[ 2025-07-30 01:13:05,401 ] 482 gensim.models.ldamodel - INFO - using serial LDA version on this node
[ 2025-07-30 01:13:05,465 ] 948 gensim.models.ldamodel - INFO - running online (multi-pass) LDA training, 20 topics, 10 passes over the supplied corpus of 1780 documents, updating model once every 1780 documents, evaluating perplexity every 0 documents, iterating 50x with a convergence threshold of 0.001000
[ 2025-07-30 01:13:05,469 ] 1002 gensim.models.ldamodel - INFO - PROGRESS: pass 0, at document #1780/1780
[ 2025-07-30 01:13:07,232 ] 1197 gensim.models.ldamodel - INFO - topic #8 (0.050): 0.016*"said" + 0.005*"game" + 0.005*"time" + 0.005*"mr" + 0.005*"year" + 0.004*"last" + 0.004*"would" + 0.003*"u" + 0.003*"also" + 0.003*"could"
[ 2025-07-30 01:13:07,232 ] 1197 gensim.models.ldamodel - INFO - topic #13 (0.050): 0.019*"said" + 0.007*"year" + 0.005*"u" + 0.005*"also" + 0.005*"game" + 0.005*"would" + 0.005*"one" + 0.004*"new" + 0.004*"mr" + 0.004*"bn"
[ 2025-07-30 01:13:07,232 ] 1197 gensim.models.ldamodel - INFO - topic #1 (0.050): 0.016*"said" + 0.011*"mr" + 0.006*"would" + 0.006*"people" + 0.004*"government" + 0.004*"labour" + 0.004*"country" + 0.004*"year" + 0.004*"could" + 0.004*"one"
[ 2025-07-30 01:13:07,232 ] 1197 gensim.models.ldamodel - INFO - topic #12 (0.050): 0.014*"said" + 0.014*"mr" + 0.007*"also" + 0.006*"would" + 0.004*"year" + 0.004*"people" + 0.004*"time" + 0.004*"game" + 0.003*"new" + 0.003*"say"
[ 2025-07-30 01:13:07,232 ] 1197 gensim.models.ldamodel - INFO - topic #3 (0.050): 0.012*"said" + 0.007*"year" + 0.006*"would" + 0.005*"one" + 0.005*"also" + 0.005*"film" + 0.004*"mr" + 0.004*"new" + 0.004*"u" + 0.003*"world"
[ 2025-07-30 01:13:07,239 ] 1075 gensim.models.ldamodel - INFO - topic diff=9.296235, rho=1.000000
[ 2025-07-30 01:13:07,239 ] 1002 gensim.models.ldamodel - INFO - PROGRESS: pass 1, at document #1780/1780
[ 2025-07-30 01:13:08,709 ] 1197 gensim.models.ldamodel - INFO - topic #3 (0.050): 0.012*"said" + 0.008*"film" + 0.007*"year" + 0.005*"would" + 0.005*"one" + 0.005*"best" + 0.005*"also" + 0.004*"new" + 0.004*"world" + 0.004*"u"
[ 2025-07-30 01:13:08,709 ] 1197 gensim.models.ldamodel - INFO - topic #1 (0.050): 0.017*"said" + 0.014*"mr" + 0.007*"would" + 0.007*"people" + 0.006*"government" + 0.006*"labour" + 0.005*"blair" + 0.005*"election" + 0.004*"country" + 0.004*"minister"
[ 2025-07-30 01:13:08,709 ] 1197 gensim.models.ldamodel - INFO - topic #19 (0.050): 0.009*"said" + 0.009*"u" + 0.006*"film" + 0.004*"year" + 0.004*"mr" + 0.004*"also" + 0.003*"one" + 0.003*"last" + 0.003*"two" + 0.003*"people"
[ 2025-07-30 01:13:08,709 ] 1197 gensim.models.ldamodel - INFO - topic #2 (0.050): 0.019*"said" + 0.011*"mr" + 0.007*"would" + 0.007*"company" + 0.006*"year" + 0.005*"new" + 0.004*"also" + 0.004*"u" + 0.004*"brown" + 0.004*"firm"
[ 2025-07-30 01:13:08,709 ] 1197 gensim.models.ldamodel - INFO - topic #11 (0.050): 0.010*"said" + 0.007*"would" + 0.005*"party" + 0.005*"year" + 0.005*"people" + 0.005*"also" + 0.005*"tax" + 0.005*"mr" + 0.005*"say" + 0.004*"film"
[ 2025-07-30 01:13:08,709 ] 1075 gensim.models.ldamodel - INFO - topic diff=1.853651, rho=0.577350
[ 2025-07-30 01:13:08,709 ] 1002 gensim.models.ldamodel - INFO - PROGRESS: pass 2, at document #1780/1780
[ 2025-07-30 01:13:09,880 ] 1197 gensim.models.ldamodel - INFO - topic #0 (0.050): 0.019*"said" + 0.008*"would" + 0.007*"mr" + 0.006*"also" + 0.005*"new" + 0.005*"say" + 0.005*"people" + 0.004*"woman" + 0.004*"plan" + 0.003*"one"
[ 2025-07-30 01:13:09,880 ] 1197 gensim.models.ldamodel - INFO - topic #7 (0.050): 0.015*"said" + 0.007*"year" + 0.006*"music" + 0.005*"film" + 0.004*"band" + 0.004*"u" + 0.004*"also" + 0.004*"new" + 0.004*"one" + 0.004*"would"
[ 2025-07-30 01:13:09,880 ] 1197 gensim.models.ldamodel - INFO - topic #9 (0.050): 0.014*"said" + 0.008*"year" + 0.005*"one" + 0.005*"new" + 0.005*"u" + 0.005*"also" + 0.005*"game" + 0.004*"number" + 0.004*"would" + 0.004*"last"
[ 2025-07-30 01:13:09,880 ] 1197 gensim.models.ldamodel - INFO - topic #13 (0.050): 0.019*"said" + 0.010*"year" + 0.008*"u" + 0.006*"bn" + 0.006*"growth" + 0.005*"economy" + 0.005*"also" + 0.005*"price" + 0.005*"month" + 0.005*"rate"
[ 2025-07-30 01:13:09,880 ] 1197 gensim.models.ldamodel - INFO - topic #14 (0.050): 0.006*"chelsea" + 0.006*"said" + 0.004*"minute" + 0.004*"mourinho" + 0.004*"game" + 0.004*"year" + 0.004*"u" + 0.004*"first" + 0.003*"j" + 0.003*"second"
[ 2025-07-30 01:13:09,880 ] 1075 gensim.models.ldamodel - INFO - topic diff=1.434902, rho=0.500000
[ 2025-07-30 01:13:09,880 ] 1002 gensim.models.ldamodel - INFO - PROGRESS: pass 3, at document #1780/1780
[ 2025-07-30 01:13:10,949 ] 1197 gensim.models.ldamodel - INFO - topic #10 (0.050): 0.010*"said" + 0.006*"party" + 0.006*"ukip" + 0.006*"would" + 0.005*"kilroysilk" + 0.005*"mr" + 0.004*"could" + 0.004*"year" + 0.004*"new" + 0.004*"play"
[ 2025-07-30 01:13:10,949 ] 1197 gensim.models.ldamodel - INFO - topic #6 (0.050): 0.010*"said" + 0.007*"film" + 0.006*"show" + 0.006*"new" + 0.006*"would" + 0.005*"year" + 0.005*"best" + 0.005*"bbc" + 0.005*"actor" + 0.005*"liverpool"
[ 2025-07-30 01:13:10,949 ] 1197 gensim.models.ldamodel - INFO - topic #18 (0.050): 0.008*"game" + 0.007*"said" + 0.007*"ireland" + 0.006*"second" + 0.005*"win" + 0.005*"wale" + 0.005*"champion" + 0.004*"world" + 0.004*"france" + 0.004*"best"
[ 2025-07-30 01:13:10,949 ] 1197 gensim.models.ldamodel - INFO - topic #19 (0.050): 0.009*"said" + 0.008*"u" + 0.006*"film" + 0.004*"year" + 0.004*"also" + 0.003*"mr" + 0.003*"one" + 0.003*"last" + 0.003*"set" + 0.003*"two"
[ 2025-07-30 01:13:10,949 ] 1197 gensim.models.ldamodel - INFO - topic #5 (0.050): 0.009*"said" + 0.008*"player" + 0.008*"music" + 0.008*"year" + 0.006*"game" + 0.005*"would" + 0.005*"one" + 0.005*"people" + 0.005*"open" + 0.004*"make"
[ 2025-07-30 01:13:10,954 ] 1075 gensim.models.ldamodel - INFO - topic diff=1.088712, rho=0.447214
[ 2025-07-30 01:13:10,954 ] 1002 gensim.models.ldamodel - INFO - PROGRESS: pass 4, at document #1780/1780
[ 2025-07-30 01:13:11,999 ] 1197 gensim.models.ldamodel - INFO - topic #5 (0.050): 0.009*"said" + 0.008*"music" + 0.008*"player" + 0.008*"year" + 0.006*"game" + 0.005*"one" + 0.005*"open" + 0.005*"would" + 0.005*"people" + 0.004*"make"
[ 2025-07-30 01:13:11,999 ] 1197 gensim.models.ldamodel - INFO - topic #16 (0.050): 0.016*"said" + 0.009*"site" + 0.008*"people" + 0.008*"mr" + 0.007*"search" + 0.007*"user" + 0.006*"software" + 0.006*"firm" + 0.006*"virus" + 0.006*"email"
[ 2025-07-30 01:13:11,999 ] 1197 gensim.models.ldamodel - INFO - topic #18 (0.050): 0.008*"game" + 0.007*"ireland" + 0.007*"second" + 0.007*"said" + 0.006*"win" + 0.006*"wale" + 0.005*"world" + 0.005*"champion" + 0.005*"first" + 0.004*"championship"
[ 2025-07-30 01:13:11,999 ] 1197 gensim.models.ldamodel - INFO - topic #1 (0.050): 0.019*"said" + 0.019*"mr" + 0.009*"would" + 0.009*"labour" + 0.008*"government" + 0.008*"election" + 0.007*"people" + 0.007*"blair" + 0.006*"minister" + 0.006*"party"
[ 2025-07-30 01:13:11,999 ] 1197 gensim.models.ldamodel - INFO - topic #19 (0.050): 0.009*"said" + 0.008*"u" + 0.006*"film" + 0.004*"year" + 0.004*"also" + 0.004*"set" + 0.003*"last" + 0.003*"one" + 0.003*"two" + 0.003*"mr"
[ 2025-07-30 01:13:11,999 ] 1075 gensim.models.ldamodel - INFO - topic diff=0.821423, rho=0.408248
[ 2025-07-30 01:13:11,999 ] 1002 gensim.models.ldamodel - INFO - PROGRESS: pass 5, at document #1780/1780
[ 2025-07-30 01:13:12,969 ] 1197 gensim.models.ldamodel - INFO - topic #11 (0.050): 0.009*"said" + 0.007*"tax" + 0.007*"people" + 0.006*"party" + 0.006*"say" + 0.006*"would" + 0.006*"year" + 0.005*"also" + 0.005*"call" + 0.004*"film"
[ 2025-07-30 01:13:12,969 ] 1197 gensim.models.ldamodel - INFO - topic #3 (0.050): 0.018*"film" + 0.014*"best" + 0.012*"award" + 0.010*"said" + 0.008*"year" + 0.006*"director" + 0.006*"also" + 0.005*"one" + 0.005*"star" + 0.004*"world"
[ 2025-07-30 01:13:12,969 ] 1197 gensim.models.ldamodel - INFO - topic #7 (0.050): 0.015*"said" + 0.008*"year" + 0.007*"music" + 0.006*"band" + 0.005*"film" + 0.005*"patent" + 0.005*"u" + 0.004*"law" + 0.004*"new" + 0.004*"also"
[ 2025-07-30 01:13:12,984 ] 1197 gensim.models.ldamodel - INFO - topic #5 (0.050): 0.009*"said" + 0.009*"music" + 0.008*"player" + 0.008*"year" + 0.006*"game" + 0.005*"open" + 0.005*"one" + 0.005*"would" + 0.005*"people" + 0.004*"make"
[ 2025-07-30 01:13:12,984 ] 1197 gensim.models.ldamodel - INFO - topic #18 (0.050): 0.008*"game" + 0.008*"ireland" + 0.007*"second" + 0.007*"win" + 0.006*"said" + 0.006*"world" + 0.006*"wale" + 0.006*"champion" + 0.005*"first" + 0.005*"championship"
[ 2025-07-30 01:13:12,986 ] 1075 gensim.models.ldamodel - INFO - topic diff=0.620697, rho=0.377964
[ 2025-07-30 01:13:12,987 ] 1002 gensim.models.ldamodel - INFO - PROGRESS: pass 6, at document #1780/1780
[ 2025-07-30 01:13:13,969 ] 1197 gensim.models.ldamodel - INFO - topic #8 (0.050): 0.013*"said" + 0.011*"club" + 0.010*"game" + 0.008*"player" + 0.007*"united" + 0.006*"time" + 0.005*"would" + 0.005*"play" + 0.005*"want" + 0.005*"team"
[ 2025-07-30 01:13:13,974 ] 1197 gensim.models.ldamodel - INFO - topic #13 (0.050): 0.019*"said" + 0.012*"year" + 0.009*"u" + 0.009*"bn" + 0.007*"growth" + 0.007*"economy" + 0.006*"market" + 0.006*"price" + 0.005*"rate" + 0.005*"economic"
[ 2025-07-30 01:13:13,974 ] 1197 gensim.models.ldamodel - INFO - topic #16 (0.050): 0.017*"said" + 0.010*"site" + 0.009*"people" + 0.008*"user" + 0.008*"search" + 0.007*"software" + 0.007*"mr" + 0.006*"net" + 0.006*"microsoft" + 0.006*"email"
[ 2025-07-30 01:13:13,974 ] 1197 gensim.models.ldamodel - INFO - topic #19 (0.050): 0.009*"said" + 0.007*"u" + 0.006*"film" + 0.004*"set" + 0.004*"year" + 0.004*"seed" + 0.004*"one" + 0.004*"last" + 0.003*"federer" + 0.003*"also"
[ 2025-07-30 01:13:13,974 ] 1197 gensim.models.ldamodel - INFO - topic #0 (0.050): 0.021*"said" + 0.009*"would" + 0.007*"mr" + 0.006*"also" + 0.005*"new" + 0.005*"say" + 0.005*"woman" + 0.004*"plan" + 0.004*"home" + 0.004*"people"
[ 2025-07-30 01:13:13,974 ] 1075 gensim.models.ldamodel - INFO - topic diff=0.473537, rho=0.353553
[ 2025-07-30 01:13:13,974 ] 1002 gensim.models.ldamodel - INFO - PROGRESS: pass 7, at document #1780/1780
[ 2025-07-30 01:13:14,909 ] 1197 gensim.models.ldamodel - INFO - topic #13 (0.050): 0.019*"said" + 0.012*"year" + 0.009*"u" + 0.009*"bn" + 0.007*"growth" + 0.007*"economy" + 0.007*"market" + 0.006*"price" + 0.005*"rate" + 0.005*"economic"
[ 2025-07-30 01:13:14,909 ] 1197 gensim.models.ldamodel - INFO - topic #8 (0.050): 0.013*"said" + 0.011*"club" + 0.010*"game" + 0.008*"player" + 0.007*"united" + 0.006*"time" + 0.005*"would" + 0.005*"play" + 0.005*"want" + 0.005*"league"
[ 2025-07-30 01:13:14,909 ] 1197 gensim.models.ldamodel - INFO - topic #16 (0.050): 0.017*"said" + 0.010*"site" + 0.009*"people" + 0.008*"user" + 0.008*"software" + 0.008*"search" + 0.007*"mr" + 0.007*"net" + 0.007*"microsoft" + 0.006*"email"
[ 2025-07-30 01:13:14,909 ] 1197 gensim.models.ldamodel - INFO - topic #4 (0.050): 0.017*"england" + 0.011*"said" + 0.009*"game" + 0.007*"six" + 0.007*"new" + 0.007*"robinson" + 0.006*"france" + 0.006*"nation" + 0.006*"side" + 0.006*"wale"
[ 2025-07-30 01:13:14,909 ] 1197 gensim.models.ldamodel - INFO - topic #9 (0.050): 0.013*"said" + 0.008*"year" + 0.006*"one" + 0.006*"u" + 0.006*"also" + 0.005*"album" + 0.005*"number" + 0.005*"single" + 0.005*"test" + 0.004*"new"
[ 2025-07-30 01:13:14,909 ] 1075 gensim.models.ldamodel - INFO - topic diff=0.365090, rho=0.333333
[ 2025-07-30 01:13:14,914 ] 1002 gensim.models.ldamodel - INFO - PROGRESS: pass 8, at document #1780/1780
[ 2025-07-30 01:13:15,843 ] 1197 gensim.models.ldamodel - INFO - topic #0 (0.050): 0.021*"said" + 0.009*"would" + 0.006*"mr" + 0.006*"also" + 0.005*"new" + 0.005*"say" + 0.005*"woman" + 0.004*"plan" + 0.004*"home" + 0.004*"card"
[ 2025-07-30 01:13:15,843 ] 1197 gensim.models.ldamodel - INFO - topic #5 (0.050): 0.010*"music" + 0.009*"said" + 0.008*"player" + 0.008*"year" + 0.006*"game" + 0.006*"open" + 0.006*"one" + 0.005*"would" + 0.005*"people" + 0.004*"urban"
[ 2025-07-30 01:13:15,843 ] 1197 gensim.models.ldamodel - INFO - topic #4 (0.050): 0.017*"england" + 0.010*"said" + 0.009*"game" + 0.008*"six" + 0.007*"robinson" + 0.007*"new" + 0.007*"nation" + 0.007*"france" + 0.006*"wale" + 0.006*"side"
[ 2025-07-30 01:13:15,843 ] 1197 gensim.models.ldamodel - INFO - topic #2 (0.050): 0.018*"said" + 0.012*"mr" + 0.010*"company" + 0.008*"firm" + 0.007*"u" + 0.007*"bn" + 0.006*"would" + 0.006*"year" + 0.005*"government" + 0.004*"also"
[ 2025-07-30 01:13:15,843 ] 1197 gensim.models.ldamodel - INFO - topic #11 (0.050): 0.009*"said" + 0.007*"tax" + 0.007*"people" + 0.007*"say" + 0.006*"party" + 0.006*"would" + 0.006*"year" + 0.005*"call" + 0.005*"also" + 0.004*"film"
[ 2025-07-30 01:13:15,847 ] 1075 gensim.models.ldamodel - INFO - topic diff=0.285324, rho=0.316228
[ 2025-07-30 01:13:15,847 ] 1002 gensim.models.ldamodel - INFO - PROGRESS: pass 9, at document #1780/1780
[ 2025-07-30 01:13:16,759 ] 1197 gensim.models.ldamodel - INFO - topic #1 (0.050): 0.021*"said" + 0.020*"mr" + 0.011*"would" + 0.010*"labour" + 0.009*"government" + 0.009*"election" + 0.008*"people" + 0.007*"blair" + 0.007*"minister" + 0.007*"party"
[ 2025-07-30 01:13:16,759 ] 1197 gensim.models.ldamodel - INFO - topic #9 (0.050): 0.013*"said" + 0.008*"year" + 0.007*"u" + 0.007*"one" + 0.006*"album" + 0.006*"also" + 0.006*"single" + 0.006*"number" + 0.005*"test" + 0.005*"drug"
[ 2025-07-30 01:13:16,759 ] 1197 gensim.models.ldamodel - INFO - topic #17 (0.050): 0.010*"uk" + 0.010*"said" + 0.009*"broadband" + 0.008*"network" + 0.007*"service" + 0.007*"bt" + 0.007*"mobile" + 0.006*"people" + 0.006*"sale" + 0.006*"speed"
[ 2025-07-30 01:13:16,759 ] 1197 gensim.models.ldamodel - INFO - topic #19 (0.050): 0.009*"said" + 0.007*"film" + 0.006*"u" + 0.005*"seed" + 0.004*"set" + 0.004*"federer" + 0.004*"one" + 0.004*"year" + 0.004*"last" + 0.003*"week"
[ 2025-07-30 01:13:16,759 ] 1197 gensim.models.ldamodel - INFO - topic #12 (0.050): 0.013*"said" + 0.011*"mr" + 0.008*"game" + 0.006*"also" + 0.005*"time" + 0.005*"would" + 0.004*"say" + 0.004*"told" + 0.003*"year" + 0.003*"work"
[ 2025-07-30 01:13:16,763 ] 1075 gensim.models.ldamodel - INFO - topic diff=0.226371, rho=0.301511
[ 2025-07-30 01:13:16,763 ] 448 gensim.utils - INFO - LdaModel lifecycle event {'msg': 'trained LdaModel<num_terms=24736, num_topics=20, decay=0.5, chunksize=2000> in 11.30s', 'datetime': '2025-07-30T01:13:16.763834', 'gensim': '4.3.2', 'python': '3.10.0 | packaged by conda-forge | (default, Nov 10 2021, 13:20:59) [MSC v.1916 64 bit (AMD64)]', 'platform': 'Windows-10-10.0.26100-SP0', 'event': 'created'}
[ 2025-07-30 01:13:16,769 ] 155 gensim.topic_coherence.probability_estimation - INFO - using ParallelWordOccurrenceAccumulator<processes=7, batch_size=64> to estimate probabilities from sliding windows
[ 2025-07-30 01:13:26,519 ] 497 gensim.topic_coherence.text_analysis - INFO - 1 batches submitted to accumulate stats from 64 documents (6942 virtual)
[ 2025-07-30 01:13:26,519 ] 497 gensim.topic_coherence.text_analysis - INFO - 2 batches submitted to accumulate stats from 128 documents (13434 virtual)
[ 2025-07-30 01:13:26,531 ] 497 gensim.topic_coherence.text_analysis - INFO - 3 batches submitted to accumulate stats from 192 documents (20556 virtual)
[ 2025-07-30 01:13:26,531 ] 497 gensim.topic_coherence.text_analysis - INFO - 4 batches submitted to accumulate stats from 256 documents (27323 virtual)
[ 2025-07-30 01:13:26,531 ] 497 gensim.topic_coherence.text_analysis - INFO - 5 batches submitted to accumulate stats from 320 documents (33577 virtual)
[ 2025-07-30 01:13:26,544 ] 497 gensim.topic_coherence.text_analysis - INFO - 6 batches submitted to accumulate stats from 384 documents (39721 virtual)
[ 2025-07-30 01:13:26,549 ] 497 gensim.topic_coherence.text_analysis - INFO - 7 batches submitted to accumulate stats from 448 documents (45961 virtual)
[ 2025-07-30 01:13:26,555 ] 497 gensim.topic_coherence.text_analysis - INFO - 8 batches submitted to accumulate stats from 512 documents (52427 virtual)
[ 2025-07-30 01:13:26,573 ] 497 gensim.topic_coherence.text_analysis - INFO - 9 batches submitted to accumulate stats from 576 documents (58834 virtual)
[ 2025-07-30 01:13:26,579 ] 497 gensim.topic_coherence.text_analysis - INFO - 10 batches submitted to accumulate stats from 640 documents (64784 virtual)
[ 2025-07-30 01:13:26,583 ] 497 gensim.topic_coherence.text_analysis - INFO - 11 batches submitted to accumulate stats from 704 documents (70664 virtual)
[ 2025-07-30 01:13:26,609 ] 497 gensim.topic_coherence.text_analysis - INFO - 12 batches submitted to accumulate stats from 768 documents (78298 virtual)
[ 2025-07-30 01:13:26,614 ] 497 gensim.topic_coherence.text_analysis - INFO - 13 batches submitted to accumulate stats from 832 documents (84982 virtual)
[ 2025-07-30 01:13:26,621 ] 497 gensim.topic_coherence.text_analysis - INFO - 14 batches submitted to accumulate stats from 896 documents (92202 virtual)
[ 2025-07-30 01:13:27,083 ] 497 gensim.topic_coherence.text_analysis - INFO - 15 batches submitted to accumulate stats from 960 documents (99602 virtual)
[ 2025-07-30 01:13:27,099 ] 497 gensim.topic_coherence.text_analysis - INFO - 16 batches submitted to accumulate stats from 1024 documents (107501 virtual)
[ 2025-07-30 01:13:27,160 ] 497 gensim.topic_coherence.text_analysis - INFO - 17 batches submitted to accumulate stats from 1088 documents (113490 virtual)
[ 2025-07-30 01:13:27,175 ] 497 gensim.topic_coherence.text_analysis - INFO - 18 batches submitted to accumulate stats from 1152 documents (120722 virtual)
[ 2025-07-30 01:13:27,189 ] 497 gensim.topic_coherence.text_analysis - INFO - 19 batches submitted to accumulate stats from 1216 documents (127735 virtual)
[ 2025-07-30 01:13:27,231 ] 497 gensim.topic_coherence.text_analysis - INFO - 20 batches submitted to accumulate stats from 1280 documents (133391 virtual)
[ 2025-07-30 01:13:27,241 ] 497 gensim.topic_coherence.text_analysis - INFO - 21 batches submitted to accumulate stats from 1344 documents (139003 virtual)
[ 2025-07-30 01:13:27,673 ] 497 gensim.topic_coherence.text_analysis - INFO - 22 batches submitted to accumulate stats from 1408 documents (145970 virtual)
[ 2025-07-30 01:13:27,703 ] 497 gensim.topic_coherence.text_analysis - INFO - 23 batches submitted to accumulate stats from 1472 documents (154770 virtual)
[ 2025-07-30 01:13:27,729 ] 497 gensim.topic_coherence.text_analysis - INFO - 24 batches submitted to accumulate stats from 1536 documents (161685 virtual)
[ 2025-07-30 01:13:27,777 ] 497 gensim.topic_coherence.text_analysis - INFO - 25 batches submitted to accumulate stats from 1600 documents (168438 virtual)
[ 2025-07-30 01:13:27,905 ] 497 gensim.topic_coherence.text_analysis - INFO - 26 batches submitted to accumulate stats from 1664 documents (174971 virtual)
[ 2025-07-30 01:13:27,937 ] 497 gensim.topic_coherence.text_analysis - INFO - 27 batches submitted to accumulate stats from 1728 documents (183413 virtual)
[ 2025-07-30 01:13:27,973 ] 497 gensim.topic_coherence.text_analysis - INFO - 28 batches submitted to accumulate stats from 1792 documents (188758 virtual)
[ 2025-07-30 01:13:29,541 ] 523 gensim.topic_coherence.text_analysis - INFO - 7 accumulators retrieved from output queue
[ 2025-07-30 01:13:29,588 ] 545 gensim.topic_coherence.text_analysis - INFO - accumulated word occurrence stats for 191983 virtual documents
[ 2025-07-30 01:13:30,411 ] 435 gensim.models.lsimodel - INFO - using serial LSI version on this node
[ 2025-07-30 01:13:30,411 ] 486 gensim.models.lsimodel - INFO - updating model with new documents
[ 2025-07-30 01:13:30,411 ] 517 gensim.models.lsimodel - INFO - preparing a new chunk of documents
[ 2025-07-30 01:13:30,449 ] 948 gensim.models.lsimodel - INFO - using 100 extra samples and 2 power iterations
[ 2025-07-30 01:13:30,449 ] 956 gensim.models.lsimodel - INFO - 1st phase: constructing (24736, 110) action matrix
[ 2025-07-30 01:13:30,659 ] 974 gensim.models.lsimodel - INFO - orthonormalizing (24736, 110) action matrix
[ 2025-07-30 01:13:32,139 ] 1026 gensim.models.lsimodel - INFO - 2nd phase: running dense svd on (110, 1780) matrix
[ 2025-07-30 01:13:32,222 ] 1052 gensim.models.lsimodel - INFO - computing the final decomposition
[ 2025-07-30 01:13:32,222 ] 106 gensim.models.lsimodel - INFO - keeping 10 factors (discarding 55.180% of energy spectrum)
[ 2025-07-30 01:13:32,239 ] 544 gensim.models.lsimodel - INFO - processed documents up to #1780
[ 2025-07-30 01:13:32,239 ] 734 gensim.models.lsimodel - INFO - topic #0(320.784): 0.500*"said" + 0.259*"mr" + 0.199*"would" + 0.179*"people" + 0.166*"year" + 0.150*"new" + 0.137*"also" + 0.126*"one" + 0.119*"u" + 0.113*"game"
[ 2025-07-30 01:13:32,239 ] 734 gensim.models.lsimodel - INFO - topic #1(159.933): 0.416*"mr" + -0.361*"game" + 0.220*"said" + -0.183*"music" + 0.169*"labour" + 0.144*"party" + -0.141*"mobile" + 0.133*"blair" + 0.130*"government" + 0.126*"election"
[ 2025-07-30 01:13:32,239 ] 734 gensim.models.lsimodel - INFO - topic #2(133.624): 0.346*"game" + -0.345*"said" + 0.229*"mr" + -0.169*"mobile" + -0.153*"phone" + -0.144*"firm" + 0.130*"labour" + 0.128*"party" + -0.121*"music" + -0.115*"company"
[ 2025-07-30 01:13:32,239 ] 734 gensim.models.lsimodel - INFO - topic #3(127.464): -0.458*"music" + -0.285*"people" + 0.273*"said" + -0.215*"urban" + 0.192*"game" + -0.157*"mobile" + -0.156*"mr" + -0.139*"phone" + 0.138*"year" + -0.114*"party"
[ 2025-07-30 01:13:32,239 ] 734 gensim.models.lsimodel - INFO - topic #4(122.174): 0.351*"game" + -0.306*"best" + -0.294*"music" + -0.283*"film" + -0.225*"award" + 0.183*"mobile" + -0.170*"year" + 0.159*"phone" + -0.157*"urban" + -0.147*"u"
[ 2025-07-30 01:13:32,239 ] 448 gensim.utils - INFO - LsiModel lifecycle event {'msg': 'trained LsiModel<num_terms=24736, num_topics=10, decay=1.0, chunksize=20000> in 1.83s', 'datetime': '2025-07-30T01:13:32.239256', 'gensim': '4.3.2', 'python': '3.10.0 | packaged by conda-forge | (default, Nov 10 2021, 13:20:59) [MSC v.1916 64 bit (AMD64)]', 'platform': 'Windows-10-10.0.26100-SP0', 'event': 'created'}
[ 2025-07-30 01:13:32,249 ] 155 gensim.topic_coherence.probability_estimation - INFO - using ParallelWordOccurrenceAccumulator<processes=7, batch_size=64> to estimate probabilities from sliding windows
[ 2025-07-30 01:13:43,780 ] 497 gensim.topic_coherence.text_analysis - INFO - 1 batches submitted to accumulate stats from 64 documents (6942 virtual)
[ 2025-07-30 01:13:43,780 ] 497 gensim.topic_coherence.text_analysis - INFO - 2 batches submitted to accumulate stats from 128 documents (13434 virtual)
[ 2025-07-30 01:13:43,789 ] 497 gensim.topic_coherence.text_analysis - INFO - 3 batches submitted to accumulate stats from 192 documents (20556 virtual)
[ 2025-07-30 01:13:43,794 ] 497 gensim.topic_coherence.text_analysis - INFO - 4 batches submitted to accumulate stats from 256 documents (27323 virtual)
[ 2025-07-30 01:13:43,798 ] 497 gensim.topic_coherence.text_analysis - INFO - 5 batches submitted to accumulate stats from 320 documents (33577 virtual)
[ 2025-07-30 01:13:43,799 ] 497 gensim.topic_coherence.text_analysis - INFO - 6 batches submitted to accumulate stats from 384 documents (39721 virtual)
[ 2025-07-30 01:13:43,804 ] 497 gensim.topic_coherence.text_analysis - INFO - 7 batches submitted to accumulate stats from 448 documents (45961 virtual)
[ 2025-07-30 01:13:43,804 ] 497 gensim.topic_coherence.text_analysis - INFO - 8 batches submitted to accumulate stats from 512 documents (52427 virtual)
[ 2025-07-30 01:13:43,809 ] 497 gensim.topic_coherence.text_analysis - INFO - 9 batches submitted to accumulate stats from 576 documents (58834 virtual)
[ 2025-07-30 01:13:43,816 ] 497 gensim.topic_coherence.text_analysis - INFO - 10 batches submitted to accumulate stats from 640 documents (64784 virtual)
[ 2025-07-30 01:13:43,821 ] 497 gensim.topic_coherence.text_analysis - INFO - 11 batches submitted to accumulate stats from 704 documents (70664 virtual)
[ 2025-07-30 01:13:43,829 ] 497 gensim.topic_coherence.text_analysis - INFO - 12 batches submitted to accumulate stats from 768 documents (78298 virtual)
[ 2025-07-30 01:13:43,881 ] 497 gensim.topic_coherence.text_analysis - INFO - 13 batches submitted to accumulate stats from 832 documents (84982 virtual)
[ 2025-07-30 01:13:43,887 ] 497 gensim.topic_coherence.text_analysis - INFO - 14 batches submitted to accumulate stats from 896 documents (92202 virtual)
[ 2025-07-30 01:13:44,169 ] 497 gensim.topic_coherence.text_analysis - INFO - 15 batches submitted to accumulate stats from 960 documents (99602 virtual)
[ 2025-07-30 01:13:44,183 ] 497 gensim.topic_coherence.text_analysis - INFO - 16 batches submitted to accumulate stats from 1024 documents (107501 virtual)
[ 2025-07-30 01:13:44,213 ] 497 gensim.topic_coherence.text_analysis - INFO - 17 batches submitted to accumulate stats from 1088 documents (113490 virtual)
[ 2025-07-30 01:13:44,231 ] 497 gensim.topic_coherence.text_analysis - INFO - 18 batches submitted to accumulate stats from 1152 documents (120722 virtual)
[ 2025-07-30 01:13:44,250 ] 497 gensim.topic_coherence.text_analysis - INFO - 19 batches submitted to accumulate stats from 1216 documents (127735 virtual)
[ 2025-07-30 01:13:44,256 ] 497 gensim.topic_coherence.text_analysis - INFO - 20 batches submitted to accumulate stats from 1280 documents (133391 virtual)
[ 2025-07-30 01:13:44,279 ] 497 gensim.topic_coherence.text_analysis - INFO - 21 batches submitted to accumulate stats from 1344 documents (139003 virtual)
[ 2025-07-30 01:13:44,544 ] 497 gensim.topic_coherence.text_analysis - INFO - 22 batches submitted to accumulate stats from 1408 documents (145970 virtual)
[ 2025-07-30 01:13:44,685 ] 497 gensim.topic_coherence.text_analysis - INFO - 23 batches submitted to accumulate stats from 1472 documents (154770 virtual)
[ 2025-07-30 01:13:44,689 ] 497 gensim.topic_coherence.text_analysis - INFO - 24 batches submitted to accumulate stats from 1536 documents (161685 virtual)
[ 2025-07-30 01:13:44,695 ] 497 gensim.topic_coherence.text_analysis - INFO - 25 batches submitted to accumulate stats from 1600 documents (168438 virtual)
[ 2025-07-30 01:13:44,701 ] 497 gensim.topic_coherence.text_analysis - INFO - 26 batches submitted to accumulate stats from 1664 documents (174971 virtual)
[ 2025-07-30 01:13:44,713 ] 497 gensim.topic_coherence.text_analysis - INFO - 27 batches submitted to accumulate stats from 1728 documents (183413 virtual)
[ 2025-07-30 01:13:44,731 ] 497 gensim.topic_coherence.text_analysis - INFO - 28 batches submitted to accumulate stats from 1792 documents (188758 virtual)
[ 2025-07-30 01:13:45,704 ] 523 gensim.topic_coherence.text_analysis - INFO - 7 accumulators retrieved from output queue
[ 2025-07-30 01:13:45,727 ] 545 gensim.topic_coherence.text_analysis - INFO - accumulated word occurrence stats for 191983 virtual documents
[ 2025-07-30 01:13:46,129 ] 448 gensim.utils - INFO - LdaState lifecycle event {'fname_or_handle': 'Artifacts\\07_30_2025_01_11_31\\model_trainer\\lda_model\\model.lda.state', 'separately': 'None', 'sep_limit': 10485760, 'ignore': frozenset(), 'datetime': '2025-07-30T01:13:46.129580', 'gensim': '4.3.2', 'python': '3.10.0 | packaged by conda-forge | (default, Nov 10 2021, 13:20:59) [MSC v.1916 64 bit (AMD64)]', 'platform': 'Windows-10-10.0.26100-SP0', 'event': 'saving'}
[ 2025-07-30 01:13:46,129 ] 618 gensim.utils - INFO - saved Artifacts\07_30_2025_01_11_31\model_trainer\lda_model\model.lda.state
[ 2025-07-30 01:13:46,145 ] 448 gensim.utils - INFO - LdaModel lifecycle event {'fname_or_handle': 'Artifacts\\07_30_2025_01_11_31\\model_trainer\\lda_model\\model.lda', 'separately': "['expElogbeta', 'sstats']", 'sep_limit': 10485760, 'ignore': ['state', 'id2word', 'dispatcher'], 'datetime': '2025-07-30T01:13:46.145767', 'gensim': '4.3.2', 'python': '3.10.0 | packaged by conda-forge | (default, Nov 10 2021, 13:20:59) [MSC v.1916 64 bit (AMD64)]', 'platform': 'Windows-10-10.0.26100-SP0', 'event': 'saving'}
[ 2025-07-30 01:13:46,145 ] 678 gensim.utils - INFO - storing np array 'expElogbeta' to Artifacts\07_30_2025_01_11_31\model_trainer\lda_model\model.lda.expElogbeta.npy
[ 2025-07-30 01:13:46,149 ] 710 gensim.utils - INFO - not storing attribute state
[ 2025-07-30 01:13:46,149 ] 710 gensim.utils - INFO - not storing attribute id2word
[ 2025-07-30 01:13:46,149 ] 710 gensim.utils - INFO - not storing attribute dispatcher
[ 2025-07-30 01:13:46,149 ] 618 gensim.utils - INFO - saved Artifacts\07_30_2025_01_11_31\model_trainer\lda_model\model.lda
[ 2025-07-30 01:13:46,149 ] 448 gensim.utils - INFO - Projection lifecycle event {'fname_or_handle': 'Artifacts\\07_30_2025_01_11_31\\model_trainer\\lsa_model\\model.lsa.projection', 'separately': 'None', 'sep_limit': 10485760, 'ignore': frozenset(), 'datetime': '2025-07-30T01:13:46.149383', 'gensim': '4.3.2', 'python': '3.10.0 | packaged by conda-forge | (default, Nov 10 2021, 13:20:59) [MSC v.1916 64 bit (AMD64)]', 'platform': 'Windows-10-10.0.26100-SP0', 'event': 'saving'}
[ 2025-07-30 01:13:46,155 ] 618 gensim.utils - INFO - saved Artifacts\07_30_2025_01_11_31\model_trainer\lsa_model\model.lsa.projection
[ 2025-07-30 01:13:46,155 ] 448 gensim.utils - INFO - LsiModel lifecycle event {'fname_or_handle': 'Artifacts\\07_30_2025_01_11_31\\model_trainer\\lsa_model\\model.lsa', 'separately': 'None', 'sep_limit': 10485760, 'ignore': ['projection', 'dispatcher'], 'datetime': '2025-07-30T01:13:46.155687', 'gensim': '4.3.2', 'python': '3.10.0 | packaged by conda-forge | (default, Nov 10 2021, 13:20:59) [MSC v.1916 64 bit (AMD64)]', 'platform': 'Windows-10-10.0.26100-SP0', 'event': 'saving'}
[ 2025-07-30 01:13:46,155 ] 710 gensim.utils - INFO - not storing attribute projection
[ 2025-07-30 01:13:46,155 ] 710 gensim.utils - INFO - not storing attribute dispatcher
[ 2025-07-30 01:13:46,164 ] 618 gensim.utils - INFO - saved Artifacts\07_30_2025_01_11_31\model_trainer\lsa_model\model.lsa
[ 2025-07-30 01:13:46,164 ] 448 gensim.utils - INFO - Dictionary lifecycle event {'fname_or_handle': 'Artifacts\\07_30_2025_01_11_31\\model_trainer\\dictionary.dict', 'separately': 'None', 'sep_limit': 10485760, 'ignore': frozenset(), 'datetime': '2025-07-30T01:13:46.164381', 'gensim': '4.3.2', 'python': '3.10.0 | packaged by conda-forge | (default, Nov 10 2021, 13:20:59) [MSC v.1916 64 bit (AMD64)]', 'platform': 'Windows-10-10.0.26100-SP0', 'event': 'saving'}
[ 2025-07-30 01:13:46,179 ] 618 gensim.utils - INFO - saved Artifacts\07_30_2025_01_11_31\model_trainer\dictionary.dict
[ 2025-07-30 01:14:21,821 ] 56 root - INFO - Model Training Completed
